TN:
SF:src\App.jsx
FN:25,profileProject
FN:31,(anonymous_1)
FN:33,(anonymous_2)
FN:52,(anonymous_3)
FN:63,(anonymous_4)
FN:63,(anonymous_5)
FN:66,(anonymous_6)
FN:70,(anonymous_7)
FN:76,sanitizeResults
FN:78,(anonymous_9)
FN:89,(anonymous_10)
FN:100,exportCephx
FN:109,(anonymous_12)
FN:125,(anonymous_13)
FN:142,importCephx
FN:144,(anonymous_15)
FN:147,exportCepht
FN:152,exportTemplateAsCepht
FN:153,(anonymous_18)
FN:155,(anonymous_19)
FN:163,hasPlacedCoords
FN:164,(anonymous_21)
FN:164,(anonymous_22)
FN:166,validateCepht
FN:176,NewCaseForm
FN:178,(anonymous_25)
FN:178,(anonymous_26)
FN:183,(anonymous_27)
FN:187,(anonymous_28)
FN:189,(anonymous_29)
FN:192,(anonymous_30)
FN:200,(anonymous_31)
FN:203,(anonymous_32)
FN:211,CalibModal
FN:215,(anonymous_34)
FN:215,(anonymous_35)
FN:216,(anonymous_36)
FN:216,(anonymous_37)
FN:217,(anonymous_38)
FN:217,(anonymous_39)
FN:222,TextModal
FN:227,(anonymous_41)
FN:228,(anonymous_42)
FN:229,(anonymous_43)
FN:230,(anonymous_44)
FN:235,FormulaEditor
FN:240,(anonymous_46)
FN:241,(anonymous_47)
FN:243,(anonymous_48)
FN:245,(anonymous_49)
FN:252,(anonymous_50)
FN:255,(anonymous_51)
FN:256,(anonymous_52)
FN:258,(anonymous_53)
FN:259,(anonymous_54)
FN:261,(anonymous_55)
FN:293,(anonymous_56)
FN:300,(anonymous_57)
FN:312,(anonymous_58)
FN:315,(anonymous_59)
FN:317,(anonymous_60)
FN:331,(anonymous_61)
FN:332,(anonymous_62)
FN:334,(anonymous_63)
FN:338,(anonymous_64)
FN:339,(anonymous_65)
FN:346,Workspace
FN:378,(anonymous_67)
FN:391,(anonymous_68)
FN:395,(anonymous_69)
FN:405,(anonymous_70)
FN:405,(anonymous_71)
FN:405,(anonymous_72)
FN:407,(anonymous_73)
FN:409,(anonymous_74)
FN:410,(anonymous_75)
FN:413,(anonymous_76)
FN:416,(anonymous_77)
FN:418,(anonymous_78)
FN:419,(anonymous_79)
FN:422,(anonymous_80)
FN:426,(anonymous_81)
FN:429,(anonymous_82)
FN:444,(anonymous_83)
FN:445,(anonymous_84)
FN:446,(anonymous_85)
FN:450,(anonymous_86)
FN:453,(anonymous_87)
FN:455,(anonymous_88)
FN:462,(anonymous_89)
FN:463,(anonymous_90)
FN:465,(anonymous_91)
FN:467,(anonymous_92)
FN:470,(anonymous_93)
FN:471,(anonymous_94)
FN:473,(anonymous_95)
FN:474,(anonymous_96)
FN:488,(anonymous_97)
FN:493,(anonymous_98)
FN:494,(anonymous_99)
FN:506,(anonymous_100)
FN:507,(anonymous_101)
FN:513,(anonymous_102)
FN:515,(anonymous_103)
FN:515,(anonymous_104)
FN:515,(anonymous_105)
FN:515,(anonymous_106)
FN:515,(anonymous_107)
FN:515,(anonymous_108)
FN:515,(anonymous_109)
FN:516,(anonymous_110)
FN:517,(anonymous_111)
FN:518,(anonymous_112)
FN:519,(anonymous_113)
FN:519,(anonymous_114)
FN:521,(anonymous_115)
FN:522,(anonymous_116)
FN:523,(anonymous_117)
FN:523,(anonymous_118)
FN:526,(anonymous_119)
FN:528,(anonymous_120)
FN:529,(anonymous_121)
FN:529,(anonymous_122)
FN:536,(anonymous_123)
FN:537,(anonymous_124)
FN:538,(anonymous_125)
FN:540,(anonymous_126)
FN:542,(anonymous_127)
FN:544,(anonymous_128)
FN:546,(anonymous_129)
FN:547,(anonymous_130)
FN:548,(anonymous_131)
FN:549,(anonymous_132)
FN:550,(anonymous_133)
FN:551,(anonymous_134)
FN:561,(anonymous_135)
FN:564,(anonymous_136)
FN:565,(anonymous_137)
FN:569,(anonymous_138)
FN:569,(anonymous_139)
FN:572,(anonymous_140)
FN:578,(anonymous_141)
FN:579,(anonymous_142)
FN:581,(anonymous_143)
FN:582,(anonymous_144)
FN:583,(anonymous_145)
FN:586,(anonymous_146)
FN:595,(anonymous_147)
FN:615,(anonymous_148)
FN:616,(anonymous_149)
FN:617,(anonymous_150)
FN:618,(anonymous_151)
FN:626,(anonymous_152)
FN:628,(anonymous_153)
FN:631,(anonymous_154)
FN:635,(anonymous_155)
FN:648,(anonymous_156)
FN:673,(anonymous_157)
FN:683,(anonymous_158)
FN:715,(anonymous_159)
FN:721,(anonymous_160)
FN:721,(anonymous_161)
FN:722,(anonymous_162)
FN:722,(anonymous_163)
FN:724,(anonymous_164)
FN:728,(anonymous_165)
FN:730,(anonymous_166)
FN:745,(anonymous_167)
FN:745,(anonymous_168)
FN:745,(anonymous_169)
FN:747,(anonymous_170)
FN:748,(anonymous_171)
FN:753,(anonymous_172)
FN:756,(anonymous_173)
FN:757,(anonymous_174)
FN:758,(anonymous_175)
FN:759,(anonymous_176)
FN:762,(anonymous_177)
FN:766,(anonymous_178)
FN:767,(anonymous_179)
FN:773,(anonymous_180)
FN:779,(anonymous_181)
FN:794,(anonymous_182)
FN:818,(anonymous_183)
FN:819,(anonymous_184)
FN:845,(anonymous_185)
FN:846,(anonymous_186)
FN:857,(anonymous_187)
FN:874,(anonymous_188)
FN:875,(anonymous_189)
FN:885,(anonymous_190)
FN:887,(anonymous_191)
FN:927,(anonymous_192)
FN:931,(anonymous_193)
FN:940,(anonymous_194)
FN:946,(anonymous_195)
FN:947,(anonymous_196)
FN:954,(anonymous_197)
FN:957,(anonymous_198)
FN:957,(anonymous_199)
FN:957,(anonymous_200)
FN:957,(anonymous_201)
FN:959,(anonymous_202)
FN:959,(anonymous_203)
FN:959,(anonymous_204)
FN:959,(anonymous_205)
FN:963,(anonymous_206)
FN:979,(anonymous_207)
FN:991,(anonymous_208)
FN:992,(anonymous_209)
FN:992,(anonymous_210)
FN:992,(anonymous_211)
FN:992,(anonymous_212)
FN:993,(anonymous_213)
FN:994,(anonymous_214)
FN:994,(anonymous_215)
FN:995,(anonymous_216)
FN:997,(anonymous_217)
FN:999,(anonymous_218)
FN:1003,(anonymous_219)
FN:1006,(anonymous_220)
FN:1012,(anonymous_221)
FN:1015,(anonymous_222)
FN:1022,(anonymous_223)
FN:1028,(anonymous_224)
FN:1034,(anonymous_225)
FN:1036,(anonymous_226)
FN:1054,(anonymous_227)
FN:1063,(anonymous_228)
FN:1079,(anonymous_229)
FN:1091,(anonymous_230)
FN:1093,(anonymous_231)
FN:1097,(anonymous_232)
FN:1099,(anonymous_233)
FN:1099,(anonymous_234)
FN:1099,(anonymous_235)
FN:1100,(anonymous_236)
FN:1100,(anonymous_237)
FN:1103,(anonymous_238)
FN:1106,(anonymous_239)
FN:1108,(anonymous_240)
FN:1114,(anonymous_241)
FN:1116,(anonymous_242)
FN:1119,(anonymous_243)
FN:1124,(anonymous_244)
FN:1125,(anonymous_245)
FN:1125,(anonymous_246)
FN:1125,(anonymous_247)
FN:1127,(anonymous_248)
FN:1129,(anonymous_249)
FN:1172,(anonymous_250)
FN:1173,(anonymous_251)
FN:1174,(anonymous_252)
FN:1192,(anonymous_253)
FN:1195,(anonymous_254)
FN:1198,(anonymous_255)
FN:1201,(anonymous_256)
FN:1204,(anonymous_257)
FN:1205,(anonymous_258)
FN:1208,(anonymous_259)
FN:1213,(anonymous_260)
FN:1218,(anonymous_261)
FN:1223,(anonymous_262)
FN:1227,(anonymous_263)
FN:1230,(anonymous_264)
FN:1233,(anonymous_265)
FN:1237,(anonymous_266)
FN:1238,(anonymous_267)
FN:1242,(anonymous_268)
FN:1242,(anonymous_269)
FN:1254,(anonymous_270)
FN:1255,(anonymous_271)
FN:1259,(anonymous_272)
FN:1260,(anonymous_273)
FN:1264,(anonymous_274)
FN:1265,(anonymous_275)
FN:1269,(anonymous_276)
FN:1270,(anonymous_277)
FN:1274,(anonymous_278)
FN:1275,(anonymous_279)
FN:1279,(anonymous_280)
FN:1280,(anonymous_281)
FN:1284,(anonymous_282)
FN:1285,(anonymous_283)
FN:1289,(anonymous_284)
FN:1293,(anonymous_285)
FN:1293,(anonymous_286)
FN:1304,(anonymous_287)
FN:1304,(anonymous_288)
FN:1305,(anonymous_289)
FN:1305,(anonymous_290)
FN:1309,(anonymous_291)
FN:1322,(anonymous_292)
FN:1332,(anonymous_293)
FN:1335,(anonymous_294)
FN:1349,(anonymous_295)
FN:1374,(anonymous_296)
FN:1375,(anonymous_297)
FN:1376,(anonymous_298)
FN:1396,(anonymous_299)
FN:1402,(anonymous_300)
FN:1402,(anonymous_301)
FN:1402,(anonymous_302)
FN:1402,(anonymous_303)
FN:1402,(anonymous_304)
FN:1402,(anonymous_305)
FN:1402,(anonymous_306)
FN:1402,(anonymous_307)
FN:1402,(anonymous_308)
FN:1402,(anonymous_309)
FN:1402,(anonymous_310)
FN:1402,(anonymous_311)
FN:1403,(anonymous_312)
FN:1403,(anonymous_313)
FN:1404,(anonymous_314)
FN:1404,(anonymous_315)
FN:1404,(anonymous_316)
FN:1404,(anonymous_317)
FN:1404,(anonymous_318)
FN:1404,(anonymous_319)
FN:1405,(anonymous_320)
FN:1405,(anonymous_321)
FN:1405,(anonymous_322)
FN:1405,(anonymous_323)
FN:1405,(anonymous_324)
FN:1405,(anonymous_325)
FN:1405,(anonymous_326)
FN:1406,(anonymous_327)
FN:1406,(anonymous_328)
FN:1406,(anonymous_329)
FN:1406,(anonymous_330)
FN:1407,(anonymous_331)
FN:1407,(anonymous_332)
FN:1410,(anonymous_333)
FN:1426,(anonymous_334)
FN:1428,(anonymous_335)
FN:1433,(anonymous_336)
FN:1436,(anonymous_337)
FN:1442,(anonymous_338)
FN:1442,(anonymous_339)
FN:1447,(anonymous_340)
FN:1447,(anonymous_341)
FN:1447,(anonymous_342)
FN:1447,(anonymous_343)
FN:1451,(anonymous_344)
FN:1457,(anonymous_345)
FN:1458,(anonymous_346)
FN:1459,(anonymous_347)
FN:1460,(anonymous_348)
FN:1461,(anonymous_349)
FN:1462,(anonymous_350)
FN:1463,(anonymous_351)
FN:1464,(anonymous_352)
FN:1466,(anonymous_353)
FN:1474,(anonymous_354)
FN:1476,(anonymous_355)
FN:1476,(anonymous_356)
FN:1479,(anonymous_357)
FN:1479,(anonymous_358)
FN:1483,(anonymous_359)
FN:1488,(anonymous_360)
FN:1492,(anonymous_361)
FN:1496,(anonymous_362)
FN:1496,(anonymous_363)
FN:1496,(anonymous_364)
FN:1497,(anonymous_365)
FN:1497,(anonymous_366)
FN:1498,(anonymous_367)
FN:1500,(anonymous_368)
FN:1500,(anonymous_369)
FN:1500,(anonymous_370)
FN:1500,(anonymous_371)
FN:1500,(anonymous_372)
FN:1501,(anonymous_373)
FN:1501,(anonymous_374)
FN:1515,loadProjects
FN:1524,saveProjects
FN:1534,CephalometryStudio
FN:1535,(anonymous_378)
FN:1539,(anonymous_379)
FN:1541,(anonymous_380)
FN:1542,(anonymous_381)
FN:1544,(anonymous_382)
FN:1547,(anonymous_383)
FN:1549,(anonymous_384)
FN:1549,(anonymous_385)
FN:1549,(anonymous_386)
FN:1551,(anonymous_387)
FN:1553,(anonymous_388)
FN:1559,(anonymous_389)
FN:1570,(anonymous_390)
FN:1580,(anonymous_391)
FN:1583,(anonymous_392)
FN:1584,(anonymous_393)
FN:1585,(anonymous_394)
FN:1587,(anonymous_395)
FN:1587,(anonymous_396)
FN:1594,(anonymous_397)
FN:1597,(anonymous_398)
FN:1598,(anonymous_399)
FN:1599,(anonymous_400)
FNF:401
FNH:0
FNDA:0,profileProject
FNDA:0,(anonymous_1)
FNDA:0,(anonymous_2)
FNDA:0,(anonymous_3)
FNDA:0,(anonymous_4)
FNDA:0,(anonymous_5)
FNDA:0,(anonymous_6)
FNDA:0,(anonymous_7)
FNDA:0,sanitizeResults
FNDA:0,(anonymous_9)
FNDA:0,(anonymous_10)
FNDA:0,exportCephx
FNDA:0,(anonymous_12)
FNDA:0,(anonymous_13)
FNDA:0,importCephx
FNDA:0,(anonymous_15)
FNDA:0,exportCepht
FNDA:0,exportTemplateAsCepht
FNDA:0,(anonymous_18)
FNDA:0,(anonymous_19)
FNDA:0,hasPlacedCoords
FNDA:0,(anonymous_21)
FNDA:0,(anonymous_22)
FNDA:0,validateCepht
FNDA:0,NewCaseForm
FNDA:0,(anonymous_25)
FNDA:0,(anonymous_26)
FNDA:0,(anonymous_27)
FNDA:0,(anonymous_28)
FNDA:0,(anonymous_29)
FNDA:0,(anonymous_30)
FNDA:0,(anonymous_31)
FNDA:0,(anonymous_32)
FNDA:0,CalibModal
FNDA:0,(anonymous_34)
FNDA:0,(anonymous_35)
FNDA:0,(anonymous_36)
FNDA:0,(anonymous_37)
FNDA:0,(anonymous_38)
FNDA:0,(anonymous_39)
FNDA:0,TextModal
FNDA:0,(anonymous_41)
FNDA:0,(anonymous_42)
FNDA:0,(anonymous_43)
FNDA:0,(anonymous_44)
FNDA:0,FormulaEditor
FNDA:0,(anonymous_46)
FNDA:0,(anonymous_47)
FNDA:0,(anonymous_48)
FNDA:0,(anonymous_49)
FNDA:0,(anonymous_50)
FNDA:0,(anonymous_51)
FNDA:0,(anonymous_52)
FNDA:0,(anonymous_53)
FNDA:0,(anonymous_54)
FNDA:0,(anonymous_55)
FNDA:0,(anonymous_56)
FNDA:0,(anonymous_57)
FNDA:0,(anonymous_58)
FNDA:0,(anonymous_59)
FNDA:0,(anonymous_60)
FNDA:0,(anonymous_61)
FNDA:0,(anonymous_62)
FNDA:0,(anonymous_63)
FNDA:0,(anonymous_64)
FNDA:0,(anonymous_65)
FNDA:0,Workspace
FNDA:0,(anonymous_67)
FNDA:0,(anonymous_68)
FNDA:0,(anonymous_69)
FNDA:0,(anonymous_70)
FNDA:0,(anonymous_71)
FNDA:0,(anonymous_72)
FNDA:0,(anonymous_73)
FNDA:0,(anonymous_74)
FNDA:0,(anonymous_75)
FNDA:0,(anonymous_76)
FNDA:0,(anonymous_77)
FNDA:0,(anonymous_78)
FNDA:0,(anonymous_79)
FNDA:0,(anonymous_80)
FNDA:0,(anonymous_81)
FNDA:0,(anonymous_82)
FNDA:0,(anonymous_83)
FNDA:0,(anonymous_84)
FNDA:0,(anonymous_85)
FNDA:0,(anonymous_86)
FNDA:0,(anonymous_87)
FNDA:0,(anonymous_88)
FNDA:0,(anonymous_89)
FNDA:0,(anonymous_90)
FNDA:0,(anonymous_91)
FNDA:0,(anonymous_92)
FNDA:0,(anonymous_93)
FNDA:0,(anonymous_94)
FNDA:0,(anonymous_95)
FNDA:0,(anonymous_96)
FNDA:0,(anonymous_97)
FNDA:0,(anonymous_98)
FNDA:0,(anonymous_99)
FNDA:0,(anonymous_100)
FNDA:0,(anonymous_101)
FNDA:0,(anonymous_102)
FNDA:0,(anonymous_103)
FNDA:0,(anonymous_104)
FNDA:0,(anonymous_105)
FNDA:0,(anonymous_106)
FNDA:0,(anonymous_107)
FNDA:0,(anonymous_108)
FNDA:0,(anonymous_109)
FNDA:0,(anonymous_110)
FNDA:0,(anonymous_111)
FNDA:0,(anonymous_112)
FNDA:0,(anonymous_113)
FNDA:0,(anonymous_114)
FNDA:0,(anonymous_115)
FNDA:0,(anonymous_116)
FNDA:0,(anonymous_117)
FNDA:0,(anonymous_118)
FNDA:0,(anonymous_119)
FNDA:0,(anonymous_120)
FNDA:0,(anonymous_121)
FNDA:0,(anonymous_122)
FNDA:0,(anonymous_123)
FNDA:0,(anonymous_124)
FNDA:0,(anonymous_125)
FNDA:0,(anonymous_126)
FNDA:0,(anonymous_127)
FNDA:0,(anonymous_128)
FNDA:0,(anonymous_129)
FNDA:0,(anonymous_130)
FNDA:0,(anonymous_131)
FNDA:0,(anonymous_132)
FNDA:0,(anonymous_133)
FNDA:0,(anonymous_134)
FNDA:0,(anonymous_135)
FNDA:0,(anonymous_136)
FNDA:0,(anonymous_137)
FNDA:0,(anonymous_138)
FNDA:0,(anonymous_139)
FNDA:0,(anonymous_140)
FNDA:0,(anonymous_141)
FNDA:0,(anonymous_142)
FNDA:0,(anonymous_143)
FNDA:0,(anonymous_144)
FNDA:0,(anonymous_145)
FNDA:0,(anonymous_146)
FNDA:0,(anonymous_147)
FNDA:0,(anonymous_148)
FNDA:0,(anonymous_149)
FNDA:0,(anonymous_150)
FNDA:0,(anonymous_151)
FNDA:0,(anonymous_152)
FNDA:0,(anonymous_153)
FNDA:0,(anonymous_154)
FNDA:0,(anonymous_155)
FNDA:0,(anonymous_156)
FNDA:0,(anonymous_157)
FNDA:0,(anonymous_158)
FNDA:0,(anonymous_159)
FNDA:0,(anonymous_160)
FNDA:0,(anonymous_161)
FNDA:0,(anonymous_162)
FNDA:0,(anonymous_163)
FNDA:0,(anonymous_164)
FNDA:0,(anonymous_165)
FNDA:0,(anonymous_166)
FNDA:0,(anonymous_167)
FNDA:0,(anonymous_168)
FNDA:0,(anonymous_169)
FNDA:0,(anonymous_170)
FNDA:0,(anonymous_171)
FNDA:0,(anonymous_172)
FNDA:0,(anonymous_173)
FNDA:0,(anonymous_174)
FNDA:0,(anonymous_175)
FNDA:0,(anonymous_176)
FNDA:0,(anonymous_177)
FNDA:0,(anonymous_178)
FNDA:0,(anonymous_179)
FNDA:0,(anonymous_180)
FNDA:0,(anonymous_181)
FNDA:0,(anonymous_182)
FNDA:0,(anonymous_183)
FNDA:0,(anonymous_184)
FNDA:0,(anonymous_185)
FNDA:0,(anonymous_186)
FNDA:0,(anonymous_187)
FNDA:0,(anonymous_188)
FNDA:0,(anonymous_189)
FNDA:0,(anonymous_190)
FNDA:0,(anonymous_191)
FNDA:0,(anonymous_192)
FNDA:0,(anonymous_193)
FNDA:0,(anonymous_194)
FNDA:0,(anonymous_195)
FNDA:0,(anonymous_196)
FNDA:0,(anonymous_197)
FNDA:0,(anonymous_198)
FNDA:0,(anonymous_199)
FNDA:0,(anonymous_200)
FNDA:0,(anonymous_201)
FNDA:0,(anonymous_202)
FNDA:0,(anonymous_203)
FNDA:0,(anonymous_204)
FNDA:0,(anonymous_205)
FNDA:0,(anonymous_206)
FNDA:0,(anonymous_207)
FNDA:0,(anonymous_208)
FNDA:0,(anonymous_209)
FNDA:0,(anonymous_210)
FNDA:0,(anonymous_211)
FNDA:0,(anonymous_212)
FNDA:0,(anonymous_213)
FNDA:0,(anonymous_214)
FNDA:0,(anonymous_215)
FNDA:0,(anonymous_216)
FNDA:0,(anonymous_217)
FNDA:0,(anonymous_218)
FNDA:0,(anonymous_219)
FNDA:0,(anonymous_220)
FNDA:0,(anonymous_221)
FNDA:0,(anonymous_222)
FNDA:0,(anonymous_223)
FNDA:0,(anonymous_224)
FNDA:0,(anonymous_225)
FNDA:0,(anonymous_226)
FNDA:0,(anonymous_227)
FNDA:0,(anonymous_228)
FNDA:0,(anonymous_229)
FNDA:0,(anonymous_230)
FNDA:0,(anonymous_231)
FNDA:0,(anonymous_232)
FNDA:0,(anonymous_233)
FNDA:0,(anonymous_234)
FNDA:0,(anonymous_235)
FNDA:0,(anonymous_236)
FNDA:0,(anonymous_237)
FNDA:0,(anonymous_238)
FNDA:0,(anonymous_239)
FNDA:0,(anonymous_240)
FNDA:0,(anonymous_241)
FNDA:0,(anonymous_242)
FNDA:0,(anonymous_243)
FNDA:0,(anonymous_244)
FNDA:0,(anonymous_245)
FNDA:0,(anonymous_246)
FNDA:0,(anonymous_247)
FNDA:0,(anonymous_248)
FNDA:0,(anonymous_249)
FNDA:0,(anonymous_250)
FNDA:0,(anonymous_251)
FNDA:0,(anonymous_252)
FNDA:0,(anonymous_253)
FNDA:0,(anonymous_254)
FNDA:0,(anonymous_255)
FNDA:0,(anonymous_256)
FNDA:0,(anonymous_257)
FNDA:0,(anonymous_258)
FNDA:0,(anonymous_259)
FNDA:0,(anonymous_260)
FNDA:0,(anonymous_261)
FNDA:0,(anonymous_262)
FNDA:0,(anonymous_263)
FNDA:0,(anonymous_264)
FNDA:0,(anonymous_265)
FNDA:0,(anonymous_266)
FNDA:0,(anonymous_267)
FNDA:0,(anonymous_268)
FNDA:0,(anonymous_269)
FNDA:0,(anonymous_270)
FNDA:0,(anonymous_271)
FNDA:0,(anonymous_272)
FNDA:0,(anonymous_273)
FNDA:0,(anonymous_274)
FNDA:0,(anonymous_275)
FNDA:0,(anonymous_276)
FNDA:0,(anonymous_277)
FNDA:0,(anonymous_278)
FNDA:0,(anonymous_279)
FNDA:0,(anonymous_280)
FNDA:0,(anonymous_281)
FNDA:0,(anonymous_282)
FNDA:0,(anonymous_283)
FNDA:0,(anonymous_284)
FNDA:0,(anonymous_285)
FNDA:0,(anonymous_286)
FNDA:0,(anonymous_287)
FNDA:0,(anonymous_288)
FNDA:0,(anonymous_289)
FNDA:0,(anonymous_290)
FNDA:0,(anonymous_291)
FNDA:0,(anonymous_292)
FNDA:0,(anonymous_293)
FNDA:0,(anonymous_294)
FNDA:0,(anonymous_295)
FNDA:0,(anonymous_296)
FNDA:0,(anonymous_297)
FNDA:0,(anonymous_298)
FNDA:0,(anonymous_299)
FNDA:0,(anonymous_300)
FNDA:0,(anonymous_301)
FNDA:0,(anonymous_302)
FNDA:0,(anonymous_303)
FNDA:0,(anonymous_304)
FNDA:0,(anonymous_305)
FNDA:0,(anonymous_306)
FNDA:0,(anonymous_307)
FNDA:0,(anonymous_308)
FNDA:0,(anonymous_309)
FNDA:0,(anonymous_310)
FNDA:0,(anonymous_311)
FNDA:0,(anonymous_312)
FNDA:0,(anonymous_313)
FNDA:0,(anonymous_314)
FNDA:0,(anonymous_315)
FNDA:0,(anonymous_316)
FNDA:0,(anonymous_317)
FNDA:0,(anonymous_318)
FNDA:0,(anonymous_319)
FNDA:0,(anonymous_320)
FNDA:0,(anonymous_321)
FNDA:0,(anonymous_322)
FNDA:0,(anonymous_323)
FNDA:0,(anonymous_324)
FNDA:0,(anonymous_325)
FNDA:0,(anonymous_326)
FNDA:0,(anonymous_327)
FNDA:0,(anonymous_328)
FNDA:0,(anonymous_329)
FNDA:0,(anonymous_330)
FNDA:0,(anonymous_331)
FNDA:0,(anonymous_332)
FNDA:0,(anonymous_333)
FNDA:0,(anonymous_334)
FNDA:0,(anonymous_335)
FNDA:0,(anonymous_336)
FNDA:0,(anonymous_337)
FNDA:0,(anonymous_338)
FNDA:0,(anonymous_339)
FNDA:0,(anonymous_340)
FNDA:0,(anonymous_341)
FNDA:0,(anonymous_342)
FNDA:0,(anonymous_343)
FNDA:0,(anonymous_344)
FNDA:0,(anonymous_345)
FNDA:0,(anonymous_346)
FNDA:0,(anonymous_347)
FNDA:0,(anonymous_348)
FNDA:0,(anonymous_349)
FNDA:0,(anonymous_350)
FNDA:0,(anonymous_351)
FNDA:0,(anonymous_352)
FNDA:0,(anonymous_353)
FNDA:0,(anonymous_354)
FNDA:0,(anonymous_355)
FNDA:0,(anonymous_356)
FNDA:0,(anonymous_357)
FNDA:0,(anonymous_358)
FNDA:0,(anonymous_359)
FNDA:0,(anonymous_360)
FNDA:0,(anonymous_361)
FNDA:0,(anonymous_362)
FNDA:0,(anonymous_363)
FNDA:0,(anonymous_364)
FNDA:0,(anonymous_365)
FNDA:0,(anonymous_366)
FNDA:0,(anonymous_367)
FNDA:0,(anonymous_368)
FNDA:0,(anonymous_369)
FNDA:0,(anonymous_370)
FNDA:0,(anonymous_371)
FNDA:0,(anonymous_372)
FNDA:0,(anonymous_373)
FNDA:0,(anonymous_374)
FNDA:0,loadProjects
FNDA:0,saveProjects
FNDA:0,CephalometryStudio
FNDA:0,(anonymous_378)
FNDA:0,(anonymous_379)
FNDA:0,(anonymous_380)
FNDA:0,(anonymous_381)
FNDA:0,(anonymous_382)
FNDA:0,(anonymous_383)
FNDA:0,(anonymous_384)
FNDA:0,(anonymous_385)
FNDA:0,(anonymous_386)
FNDA:0,(anonymous_387)
FNDA:0,(anonymous_388)
FNDA:0,(anonymous_389)
FNDA:0,(anonymous_390)
FNDA:0,(anonymous_391)
FNDA:0,(anonymous_392)
FNDA:0,(anonymous_393)
FNDA:0,(anonymous_394)
FNDA:0,(anonymous_395)
FNDA:0,(anonymous_396)
FNDA:0,(anonymous_397)
FNDA:0,(anonymous_398)
FNDA:0,(anonymous_399)
FNDA:0,(anonymous_400)
DA:26,0
DA:27,0
DA:30,0
DA:31,0
DA:32,0
DA:33,0
DA:34,0
DA:35,0
DA:36,0
DA:37,0
DA:40,0
DA:41,0
DA:42,0
DA:43,0
DA:44,0
DA:45,0
DA:46,0
DA:47,0
DA:51,0
DA:52,0
DA:53,0
DA:54,0
DA:58,0
DA:59,0
DA:60,0
DA:62,0
DA:63,0
DA:64,0
DA:66,0
DA:67,0
DA:68,0
DA:69,0
DA:70,0
DA:71,0
DA:72,0
DA:77,0
DA:78,0
DA:79,0
DA:80,0
DA:81,0
DA:83,0
DA:84,0
DA:85,0
DA:86,0
DA:87,0
DA:89,0
DA:91,0
DA:94,0
DA:97,0
DA:101,0
DA:102,0
DA:104,0
DA:105,0
DA:108,0
DA:109,0
DA:110,0
DA:111,0
DA:112,0
DA:113,0
DA:114,0
DA:117,0
DA:122,0
DA:123,0
DA:125,0
DA:132,0
DA:133,0
DA:134,0
DA:136,0
DA:137,0
DA:138,0
DA:139,0
DA:140,0
DA:143,0
DA:144,0
DA:145,0
DA:148,0
DA:149,0
DA:150,0
DA:153,0
DA:154,0
DA:155,0
DA:156,0
DA:157,0
DA:158,0
DA:160,0
DA:161,0
DA:164,0
DA:167,0
DA:168,0
DA:169,0
DA:170,0
DA:177,0
DA:178,0
DA:179,0
DA:184,0
DA:187,0
DA:189,0
DA:192,0
DA:200,0
DA:203,0
DA:212,0
DA:213,0
DA:215,0
DA:216,0
DA:217,0
DA:223,0
DA:224,0
DA:227,0
DA:228,0
DA:229,0
DA:230,0
DA:236,0
DA:237,0
DA:238,0
DA:239,0
DA:240,0
DA:241,0
DA:243,0
DA:244,0
DA:245,0
DA:246,0
DA:247,0
DA:248,0
DA:249,0
DA:250,0
DA:252,0
DA:255,0
DA:256,0
DA:257,0
DA:258,0
DA:259,0
DA:261,0
DA:262,0
DA:263,0
DA:264,0
DA:267,0
DA:278,0
DA:279,0
DA:281,0
DA:287,0
DA:293,0
DA:300,0
DA:313,0
DA:315,0
DA:317,0
DA:331,0
DA:332,0
DA:334,0
DA:338,0
DA:339,0
DA:347,0
DA:348,0
DA:351,0
DA:355,0
DA:365,0
DA:366,0
DA:367,0
DA:368,0
DA:369,0
DA:370,0
DA:371,0
DA:373,0
DA:374,0
DA:375,0
DA:376,0
DA:377,0
DA:378,0
DA:379,0
DA:380,0
DA:381,0
DA:382,0
DA:383,0
DA:385,0
DA:386,0
DA:387,0
DA:390,0
DA:391,0
DA:392,0
DA:393,0
DA:394,0
DA:395,0
DA:396,0
DA:397,0
DA:398,0
DA:399,0
DA:400,0
DA:405,0
DA:407,0
DA:408,0
DA:409,0
DA:410,0
DA:411,0
DA:412,0
DA:413,0
DA:416,0
DA:417,0
DA:418,0
DA:419,0
DA:420,0
DA:421,0
DA:422,0
DA:426,0
DA:427,0
DA:428,0
DA:429,0
DA:430,0
DA:431,0
DA:432,0
DA:436,0
DA:437,0
DA:438,0
DA:439,0
DA:440,0
DA:441,0
DA:442,0
DA:444,0
DA:445,0
DA:446,0
DA:449,0
DA:450,0
DA:451,0
DA:452,0
DA:453,0
DA:454,0
DA:455,0
DA:456,0
DA:457,0
DA:458,0
DA:462,0
DA:463,0
DA:464,0
DA:465,0
DA:466,0
DA:467,0
DA:469,0
DA:470,0
DA:471,0
DA:472,0
DA:473,0
DA:474,0
DA:475,0
DA:476,0
DA:477,0
DA:478,0
DA:479,0
DA:480,0
DA:481,0
DA:483,0
DA:484,0
DA:485,0
DA:486,0
DA:487,0
DA:488,0
DA:489,0
DA:490,0
DA:491,0
DA:493,0
DA:494,0
DA:495,0
DA:496,0
DA:497,0
DA:498,0
DA:499,0
DA:500,0
DA:502,0
DA:503,0
DA:506,0
DA:507,0
DA:508,0
DA:509,0
DA:510,0
DA:511,0
DA:513,0
DA:514,0
DA:515,0
DA:516,0
DA:517,0
DA:518,0
DA:519,0
DA:521,0
DA:522,0
DA:523,0
DA:524,0
DA:526,0
DA:527,0
DA:528,0
DA:529,0
DA:530,0
DA:531,0
DA:532,0
DA:533,0
DA:534,0
DA:535,0
DA:536,0
DA:537,0
DA:538,0
DA:540,0
DA:542,0
DA:543,0
DA:544,0
DA:545,0
DA:546,0
DA:547,0
DA:548,0
DA:549,0
DA:550,0
DA:551,0
DA:553,0
DA:554,0
DA:555,0
DA:556,0
DA:558,0
DA:561,0
DA:564,0
DA:565,0
DA:566,0
DA:567,0
DA:568,0
DA:569,0
DA:572,0
DA:573,0
DA:574,0
DA:575,0
DA:578,0
DA:579,0
DA:581,0
DA:582,0
DA:583,0
DA:586,0
DA:587,0
DA:588,0
DA:589,0
DA:591,0
DA:592,0
DA:593,0
DA:595,0
DA:596,0
DA:597,0
DA:598,0
DA:599,0
DA:600,0
DA:601,0
DA:602,0
DA:603,0
DA:606,0
DA:607,0
DA:609,0
DA:610,0
DA:611,0
DA:612,0
DA:614,0
DA:615,0
DA:616,0
DA:617,0
DA:618,0
DA:619,0
DA:620,0
DA:621,0
DA:622,0
DA:623,0
DA:624,0
DA:625,0
DA:626,0
DA:628,0
DA:631,0
DA:633,0
DA:635,0
DA:636,0
DA:637,0
DA:638,0
DA:639,0
DA:640,0
DA:642,0
DA:645,0
DA:647,0
DA:648,0
DA:649,0
DA:650,0
DA:651,0
DA:652,0
DA:653,0
DA:654,0
DA:655,0
DA:656,0
DA:657,0
DA:659,0
DA:660,0
DA:661,0
DA:662,0
DA:663,0
DA:664,0
DA:665,0
DA:666,0
DA:667,0
DA:668,0
DA:669,0
DA:670,0
DA:671,0
DA:672,0
DA:673,0
DA:674,0
DA:678,0
DA:679,0
DA:680,0
DA:681,0
DA:682,0
DA:683,0
DA:684,0
DA:685,0
DA:686,0
DA:687,0
DA:688,0
DA:690,0
DA:691,0
DA:692,0
DA:694,0
DA:696,0
DA:697,0
DA:698,0
DA:699,0
DA:701,0
DA:702,0
DA:703,0
DA:704,0
DA:705,0
DA:706,0
DA:707,0
DA:709,0
DA:711,0
DA:712,0
DA:713,0
DA:714,0
DA:715,0
DA:716,0
DA:721,0
DA:722,0
DA:724,0
DA:725,0
DA:726,0
DA:727,0
DA:728,0
DA:729,0
DA:730,0
DA:731,0
DA:732,0
DA:733,0
DA:734,0
DA:735,0
DA:737,0
DA:739,0
DA:740,0
DA:741,0
DA:742,0
DA:745,0
DA:747,0
DA:748,0
DA:749,0
DA:750,0
DA:751,0
DA:752,0
DA:753,0
DA:754,0
DA:755,0
DA:756,0
DA:757,0
DA:758,0
DA:759,0
DA:760,0
DA:762,0
DA:765,0
DA:766,0
DA:767,0
DA:768,0
DA:769,0
DA:770,0
DA:771,0
DA:772,0
DA:773,0
DA:774,0
DA:775,0
DA:776,0
DA:777,0
DA:778,0
DA:779,0
DA:780,0
DA:784,0
DA:785,0
DA:786,0
DA:787,0
DA:789,0
DA:790,0
DA:791,0
DA:792,0
DA:793,0
DA:794,0
DA:795,0
DA:796,0
DA:797,0
DA:798,0
DA:799,0
DA:800,0
DA:801,0
DA:806,0
DA:807,0
DA:809,0
DA:810,0
DA:811,0
DA:812,0
DA:813,0
DA:814,0
DA:815,0
DA:816,0
DA:817,0
DA:818,0
DA:819,0
DA:820,0
DA:821,0
DA:822,0
DA:823,0
DA:824,0
DA:825,0
DA:828,0
DA:829,0
DA:830,0
DA:831,0
DA:832,0
DA:833,0
DA:834,0
DA:837,0
DA:838,0
DA:839,0
DA:840,0
DA:841,0
DA:842,0
DA:843,0
DA:844,0
DA:845,0
DA:846,0
DA:847,0
DA:848,0
DA:849,0
DA:850,0
DA:851,0
DA:852,0
DA:855,0
DA:856,0
DA:857,0
DA:858,0
DA:859,0
DA:860,0
DA:861,0
DA:863,0
DA:864,0
DA:866,0
DA:867,0
DA:868,0
DA:869,0
DA:870,0
DA:871,0
DA:872,0
DA:873,0
DA:874,0
DA:875,0
DA:876,0
DA:877,0
DA:878,0
DA:879,0
DA:880,0
DA:881,0
DA:884,0
DA:885,0
DA:886,0
DA:887,0
DA:889,0
DA:891,0
DA:893,0
DA:894,0
DA:895,0
DA:896,0
DA:897,0
DA:898,0
DA:899,0
DA:905,0
DA:906,0
DA:909,0
DA:910,0
DA:911,0
DA:912,0
DA:914,0
DA:915,0
DA:916,0
DA:917,0
DA:918,0
DA:919,0
DA:920,0
DA:921,0
DA:923,0
DA:924,0
DA:925,0
DA:926,0
DA:927,0
DA:928,0
DA:930,0
DA:931,0
DA:932,0
DA:933,0
DA:935,0
DA:937,0
DA:938,0
DA:939,0
DA:940,0
DA:941,0
DA:942,0
DA:944,0
DA:945,0
DA:946,0
DA:947,0
DA:948,0
DA:949,0
DA:950,0
DA:951,0
DA:954,0
DA:955,0
DA:956,0
DA:957,0
DA:958,0
DA:959,0
DA:960,0
DA:961,0
DA:962,0
DA:963,0
DA:964,0
DA:965,0
DA:966,0
DA:967,0
DA:968,0
DA:969,0
DA:970,0
DA:971,0
DA:972,0
DA:973,0
DA:975,0
DA:979,0
DA:980,0
DA:981,0
DA:982,0
DA:983,0
DA:984,0
DA:985,0
DA:987,0
DA:989,0
DA:991,0
DA:992,0
DA:993,0
DA:994,0
DA:995,0
DA:997,0
DA:998,0
DA:999,0
DA:1000,0
DA:1003,0
DA:1004,0
DA:1005,0
DA:1006,0
DA:1007,0
DA:1008,0
DA:1009,0
DA:1011,0
DA:1012,0
DA:1015,0
DA:1016,0
DA:1022,0
DA:1023,0
DA:1024,0
DA:1025,0
DA:1026,0
DA:1028,0
DA:1029,0
DA:1030,0
DA:1031,0
DA:1032,0
DA:1033,0
DA:1034,0
DA:1035,0
DA:1036,0
DA:1037,0
DA:1038,0
DA:1039,0
DA:1040,0
DA:1042,0
DA:1043,0
DA:1044,0
DA:1046,0
DA:1054,0
DA:1055,0
DA:1056,0
DA:1057,0
DA:1059,0
DA:1060,0
DA:1061,0
DA:1062,0
DA:1063,0
DA:1064,0
DA:1065,0
DA:1066,0
DA:1067,0
DA:1068,0
DA:1069,0
DA:1070,0
DA:1071,0
DA:1072,0
DA:1073,0
DA:1074,0
DA:1075,0
DA:1076,0
DA:1077,0
DA:1079,0
DA:1081,0
DA:1089,0
DA:1091,0
DA:1092,0
DA:1093,0
DA:1094,0
DA:1097,0
DA:1098,0
DA:1099,0
DA:1100,0
DA:1103,0
DA:1104,0
DA:1105,0
DA:1106,0
DA:1107,0
DA:1108,0
DA:1109,0
DA:1110,0
DA:1111,0
DA:1112,0
DA:1113,0
DA:1114,0
DA:1115,0
DA:1116,0
DA:1117,0
DA:1119,0
DA:1120,0
DA:1124,0
DA:1125,0
DA:1126,0
DA:1127,0
DA:1128,0
DA:1129,0
DA:1130,0
DA:1131,0
DA:1132,0
DA:1133,0
DA:1139,0
DA:1141,0
DA:1142,0
DA:1144,0
DA:1167,0
DA:1169,0
DA:1172,0
DA:1173,0
DA:1174,0
DA:1192,0
DA:1195,0
DA:1198,0
DA:1201,0
DA:1204,0
DA:1205,0
DA:1208,0
DA:1213,0
DA:1218,0
DA:1223,0
DA:1227,0
DA:1230,0
DA:1233,0
DA:1238,0
DA:1242,0
DA:1254,0
DA:1255,0
DA:1259,0
DA:1260,0
DA:1264,0
DA:1265,0
DA:1269,0
DA:1270,0
DA:1274,0
DA:1275,0
DA:1279,0
DA:1280,0
DA:1284,0
DA:1285,0
DA:1289,0
DA:1293,0
DA:1304,0
DA:1305,0
DA:1309,0
DA:1322,0
DA:1332,0
DA:1335,0
DA:1350,0
DA:1373,0
DA:1374,0
DA:1375,0
DA:1376,0
DA:1396,0
DA:1402,0
DA:1403,0
DA:1404,0
DA:1405,0
DA:1406,0
DA:1407,0
DA:1411,0
DA:1412,0
DA:1413,0
DA:1414,0
DA:1415,0
DA:1416,0
DA:1426,0
DA:1428,0
DA:1431,0
DA:1434,0
DA:1435,0
DA:1436,0
DA:1437,0
DA:1438,0
DA:1439,0
DA:1441,0
DA:1442,0
DA:1447,0
DA:1451,0
DA:1457,0
DA:1458,0
DA:1459,0
DA:1460,0
DA:1461,0
DA:1462,0
DA:1463,0
DA:1464,0
DA:1466,0
DA:1475,0
DA:1476,0
DA:1479,0
DA:1483,0
DA:1484,0
DA:1485,0
DA:1486,0
DA:1487,0
DA:1488,0
DA:1489,0
DA:1490,0
DA:1492,0
DA:1496,0
DA:1497,0
DA:1498,0
DA:1500,0
DA:1501,0
DA:1513,0
DA:1516,0
DA:1517,0
DA:1518,0
DA:1520,0
DA:1522,0
DA:1525,0
DA:1526,0
DA:1528,0
DA:1532,0
DA:1535,0
DA:1536,0
DA:1537,0
DA:1539,0
DA:1541,0
DA:1542,0
DA:1543,0
DA:1544,0
DA:1547,0
DA:1549,0
DA:1551,0
DA:1552,0
DA:1553,0
DA:1554,0
DA:1555,0
DA:1556,0
DA:1557,0
DA:1558,0
DA:1559,0
DA:1564,0
DA:1566,0
DA:1567,0
DA:1568,0
DA:1569,0
DA:1570,0
DA:1571,0
DA:1572,0
DA:1573,0
DA:1575,0
DA:1576,0
DA:1577,0
DA:1580,0
DA:1583,0
DA:1584,0
DA:1585,0
DA:1586,0
DA:1587,0
DA:1591,0
DA:1594,0
DA:1597,0
DA:1598,0
DA:1599,0
LF:909
LH:0
BRDA:27,0,0,0
BRDA:27,0,1,0
BRDA:32,1,0,0
BRDA:32,1,1,0
BRDA:34,2,0,0
BRDA:34,2,1,0
BRDA:35,3,0,0
BRDA:35,3,1,0
BRDA:37,4,0,0
BRDA:37,4,1,0
BRDA:37,5,0,0
BRDA:37,5,1,0
BRDA:40,6,0,0
BRDA:40,6,1,0
BRDA:41,7,0,0
BRDA:41,7,1,0
BRDA:41,8,0,0
BRDA:41,8,1,0
BRDA:42,9,0,0
BRDA:42,9,1,0
BRDA:43,10,0,0
BRDA:43,10,1,0
BRDA:43,11,0,0
BRDA:43,11,1,0
BRDA:44,12,0,0
BRDA:44,12,1,0
BRDA:45,13,0,0
BRDA:45,13,1,0
BRDA:45,14,0,0
BRDA:45,14,1,0
BRDA:46,15,0,0
BRDA:46,15,1,0
BRDA:47,16,0,0
BRDA:47,16,1,0
BRDA:47,17,0,0
BRDA:47,17,1,0
BRDA:51,18,0,0
BRDA:51,18,1,0
BRDA:54,19,0,0
BRDA:54,19,1,0
BRDA:54,20,0,0
BRDA:54,20,1,0
BRDA:58,21,0,0
BRDA:58,21,1,0
BRDA:59,22,0,0
BRDA:59,22,1,0
BRDA:76,23,0,0
BRDA:77,24,0,0
BRDA:77,24,1,0
BRDA:77,25,0,0
BRDA:77,25,1,0
BRDA:77,25,2,0
BRDA:78,26,0,0
BRDA:78,26,1,0
BRDA:81,27,0,0
BRDA:81,27,1,0
BRDA:81,28,0,0
BRDA:81,28,1,0
BRDA:83,29,0,0
BRDA:83,29,1,0
BRDA:85,30,0,0
BRDA:85,30,1,0
BRDA:85,31,0,0
BRDA:85,31,1,0
BRDA:85,31,2,0
BRDA:87,32,0,0
BRDA:87,32,1,0
BRDA:87,33,0,0
BRDA:87,33,1,0
BRDA:89,34,0,0
BRDA:89,34,1,0
BRDA:105,35,0,0
BRDA:105,35,1,0
BRDA:108,36,0,0
BRDA:108,36,1,0
BRDA:110,37,0,0
BRDA:110,37,1,0
BRDA:110,38,0,0
BRDA:110,38,1,0
BRDA:111,39,0,0
BRDA:111,39,1,0
BRDA:112,40,0,0
BRDA:112,40,1,0
BRDA:113,41,0,0
BRDA:113,41,1,0
BRDA:113,42,0,0
BRDA:113,42,1,0
BRDA:122,43,0,0
BRDA:122,43,1,0
BRDA:127,44,0,0
BRDA:127,44,1,0
BRDA:144,45,0,0
BRDA:144,45,1,0
BRDA:144,46,0,0
BRDA:144,46,1,0
BRDA:147,47,0,0
BRDA:153,48,0,0
BRDA:153,48,1,0
BRDA:154,49,0,0
BRDA:154,49,1,0
BRDA:157,50,0,0
BRDA:157,50,1,0
BRDA:157,51,0,0
BRDA:157,51,1,0
BRDA:160,52,0,0
BRDA:160,52,1,0
BRDA:160,53,0,0
BRDA:160,53,1,0
BRDA:161,54,0,0
BRDA:161,54,1,0
BRDA:164,55,0,0
BRDA:164,55,1,0
BRDA:164,55,2,0
BRDA:164,56,0,0
BRDA:164,56,1,0
BRDA:164,57,0,0
BRDA:164,57,1,0
BRDA:164,58,0,0
BRDA:164,58,1,0
BRDA:167,59,0,0
BRDA:167,59,1,0
BRDA:167,60,0,0
BRDA:167,60,1,0
BRDA:168,61,0,0
BRDA:168,61,1,0
BRDA:169,62,0,0
BRDA:169,62,1,0
BRDA:169,63,0,0
BRDA:169,63,1,0
BRDA:185,64,0,0
BRDA:185,64,1,0
BRDA:186,65,0,0
BRDA:186,65,1,0
BRDA:192,66,0,0
BRDA:192,66,1,0
BRDA:203,67,0,0
BRDA:203,67,1,0
BRDA:212,68,0,0
BRDA:212,68,1,0
BRDA:212,69,0,0
BRDA:212,69,1,0
BRDA:215,70,0,0
BRDA:215,70,1,0
BRDA:216,71,0,0
BRDA:216,71,1,0
BRDA:217,72,0,0
BRDA:217,72,1,0
BRDA:223,73,0,0
BRDA:223,73,1,0
BRDA:236,74,0,0
BRDA:236,74,1,0
BRDA:236,75,0,0
BRDA:236,75,1,0
BRDA:237,76,0,0
BRDA:237,76,1,0
BRDA:237,77,0,0
BRDA:237,77,1,0
BRDA:238,78,0,0
BRDA:238,78,1,0
BRDA:246,79,0,0
BRDA:246,79,1,0
BRDA:247,80,0,0
BRDA:247,80,1,0
BRDA:248,81,0,0
BRDA:248,81,1,0
BRDA:248,82,0,0
BRDA:248,82,1,0
BRDA:249,83,0,0
BRDA:249,83,1,0
BRDA:249,84,0,0
BRDA:249,84,1,0
BRDA:256,85,0,0
BRDA:256,85,1,0
BRDA:257,86,0,0
BRDA:257,86,1,0
BRDA:257,87,0,0
BRDA:257,87,1,0
BRDA:263,88,0,0
BRDA:263,88,1,0
BRDA:263,89,0,0
BRDA:263,89,1,0
BRDA:278,90,0,0
BRDA:278,90,1,0
BRDA:278,90,2,0
BRDA:279,91,0,0
BRDA:279,91,1,0
BRDA:279,92,0,0
BRDA:279,92,1,0
BRDA:293,93,0,0
BRDA:293,93,1,0
BRDA:302,94,0,0
BRDA:302,94,1,0
BRDA:310,95,0,0
BRDA:310,95,1,0
BRDA:317,96,0,0
BRDA:317,96,1,0
BRDA:317,97,0,0
BRDA:317,97,1,0
BRDA:323,98,0,0
BRDA:323,98,1,0
BRDA:323,99,0,0
BRDA:323,99,1,0
BRDA:325,100,0,0
BRDA:325,100,1,0
BRDA:325,101,0,0
BRDA:325,101,1,0
BRDA:326,102,0,0
BRDA:326,102,1,0
BRDA:326,103,0,0
BRDA:326,103,1,0
BRDA:326,104,0,0
BRDA:326,104,1,0
BRDA:331,105,0,0
BRDA:331,105,1,0
BRDA:331,106,0,0
BRDA:331,106,1,0
BRDA:334,107,0,0
BRDA:334,107,1,0
BRDA:334,108,0,0
BRDA:334,108,1,0
BRDA:334,109,0,0
BRDA:334,109,1,0
BRDA:338,110,0,0
BRDA:338,110,1,0
BRDA:338,111,0,0
BRDA:338,111,1,0
BRDA:339,112,0,0
BRDA:339,112,1,0
BRDA:379,113,0,0
BRDA:379,113,1,0
BRDA:380,114,0,0
BRDA:380,114,1,0
BRDA:382,115,0,0
BRDA:382,115,1,0
BRDA:383,116,0,0
BRDA:383,116,1,0
BRDA:386,117,0,0
BRDA:386,117,1,0
BRDA:387,118,0,0
BRDA:387,118,1,0
BRDA:398,119,0,0
BRDA:398,119,1,0
BRDA:400,120,0,0
BRDA:400,120,1,0
BRDA:408,121,0,0
BRDA:408,121,1,0
BRDA:417,122,0,0
BRDA:417,122,1,0
BRDA:427,123,0,0
BRDA:427,123,1,0
BRDA:428,124,0,0
BRDA:428,124,1,0
BRDA:429,125,0,0
BRDA:429,125,1,0
BRDA:429,125,2,0
BRDA:430,126,0,0
BRDA:430,126,1,0
BRDA:431,127,0,0
BRDA:431,127,1,0
BRDA:431,128,0,0
BRDA:431,128,1,0
BRDA:444,129,0,0
BRDA:444,129,1,0
BRDA:445,130,0,0
BRDA:445,130,1,0
BRDA:446,131,0,0
BRDA:446,131,1,0
BRDA:451,132,0,0
BRDA:451,132,1,0
BRDA:453,133,0,0
BRDA:453,133,1,0
BRDA:454,134,0,0
BRDA:454,134,1,0
BRDA:462,135,0,0
BRDA:462,135,1,0
BRDA:463,136,0,0
BRDA:463,136,1,0
BRDA:464,137,0,0
BRDA:464,137,1,0
BRDA:464,138,0,0
BRDA:464,138,1,0
BRDA:465,139,0,0
BRDA:465,139,1,0
BRDA:465,140,0,0
BRDA:465,140,1,0
BRDA:466,141,0,0
BRDA:466,141,1,0
BRDA:472,142,0,0
BRDA:472,142,1,0
BRDA:477,143,0,0
BRDA:477,143,1,0
BRDA:478,144,0,0
BRDA:478,144,1,0
BRDA:479,145,0,0
BRDA:479,145,1,0
BRDA:479,146,0,0
BRDA:479,146,1,0
BRDA:480,147,0,0
BRDA:480,147,1,0
BRDA:490,148,0,0
BRDA:490,148,1,0
BRDA:495,149,0,0
BRDA:495,149,1,0
BRDA:497,150,0,0
BRDA:497,150,1,0
BRDA:499,151,0,0
BRDA:499,151,1,0
BRDA:508,152,0,0
BRDA:508,152,1,0
BRDA:511,153,0,0
BRDA:511,153,1,0
BRDA:515,154,0,0
BRDA:515,154,1,0
BRDA:515,155,0,0
BRDA:515,155,1,0
BRDA:515,156,0,0
BRDA:515,156,1,0
BRDA:515,157,0,0
BRDA:515,157,1,0
BRDA:515,158,0,0
BRDA:515,158,1,0
BRDA:515,159,0,0
BRDA:515,159,1,0
BRDA:515,160,0,0
BRDA:515,160,1,0
BRDA:515,160,2,0
BRDA:515,160,3,0
BRDA:515,161,0,0
BRDA:515,161,1,0
BRDA:515,162,0,0
BRDA:515,162,1,0
BRDA:515,163,0,0
BRDA:515,163,1,0
BRDA:515,164,0,0
BRDA:515,164,1,0
BRDA:515,165,0,0
BRDA:515,165,1,0
BRDA:515,166,0,0
BRDA:515,166,1,0
BRDA:515,167,0,0
BRDA:515,167,1,0
BRDA:515,168,0,0
BRDA:515,168,1,0
BRDA:515,169,0,0
BRDA:515,169,1,0
BRDA:515,170,0,0
BRDA:515,170,1,0
BRDA:519,171,0,0
BRDA:519,171,1,0
BRDA:524,172,0,0
BRDA:524,172,1,0
BRDA:531,173,0,0
BRDA:531,173,1,0
BRDA:532,174,0,0
BRDA:532,174,1,0
BRDA:532,175,0,0
BRDA:532,175,1,0
BRDA:532,176,0,0
BRDA:532,176,1,0
BRDA:533,177,0,0
BRDA:533,177,1,0
BRDA:533,178,0,0
BRDA:533,178,1,0
BRDA:534,179,0,0
BRDA:534,179,1,0
BRDA:534,180,0,0
BRDA:534,180,1,0
BRDA:535,181,0,0
BRDA:535,181,1,0
BRDA:535,182,0,0
BRDA:535,182,1,0
BRDA:536,183,0,0
BRDA:536,183,1,0
BRDA:536,184,0,0
BRDA:536,184,1,0
BRDA:536,184,2,0
BRDA:536,184,3,0
BRDA:536,184,4,0
BRDA:537,185,0,0
BRDA:537,185,1,0
BRDA:537,186,0,0
BRDA:537,186,1,0
BRDA:537,186,2,0
BRDA:537,186,3,0
BRDA:537,186,4,0
BRDA:537,186,5,0
BRDA:538,187,0,0
BRDA:538,187,1,0
BRDA:553,188,0,0
BRDA:553,188,1,0
BRDA:554,189,0,0
BRDA:554,189,1,0
BRDA:565,190,0,0
BRDA:565,190,1,0
BRDA:566,191,0,0
BRDA:566,191,1,0
BRDA:569,192,0,0
BRDA:569,192,1,0
BRDA:574,193,0,0
BRDA:574,193,1,0
BRDA:574,194,0,0
BRDA:574,194,1,0
BRDA:574,195,0,0
BRDA:574,195,1,0
BRDA:582,196,0,0
BRDA:582,196,1,0
BRDA:582,197,0,0
BRDA:582,197,1,0
BRDA:582,198,0,0
BRDA:582,198,1,0
BRDA:583,199,0,0
BRDA:583,199,1,0
BRDA:587,200,0,0
BRDA:587,200,1,0
BRDA:591,201,0,0
BRDA:591,201,1,0
BRDA:596,202,0,0
BRDA:596,202,1,0
BRDA:596,203,0,0
BRDA:596,203,1,0
BRDA:596,204,0,0
BRDA:596,204,1,0
BRDA:597,205,0,0
BRDA:597,205,1,0
BRDA:597,206,0,0
BRDA:597,206,1,0
BRDA:597,206,2,0
BRDA:597,207,0,0
BRDA:597,207,1,0
BRDA:597,207,2,0
BRDA:598,208,0,0
BRDA:598,208,1,0
BRDA:598,209,0,0
BRDA:598,209,1,0
BRDA:599,210,0,0
BRDA:599,210,1,0
BRDA:599,211,0,0
BRDA:599,211,1,0
BRDA:600,212,0,0
BRDA:600,212,1,0
BRDA:600,213,0,0
BRDA:600,213,1,0
BRDA:600,214,0,0
BRDA:600,214,1,0
BRDA:602,215,0,0
BRDA:602,215,1,0
BRDA:602,216,0,0
BRDA:602,216,1,0
BRDA:609,217,0,0
BRDA:609,217,1,0
BRDA:609,218,0,0
BRDA:609,218,1,0
BRDA:612,219,0,0
BRDA:612,219,1,0
BRDA:614,220,0,0
BRDA:614,220,1,0
BRDA:614,221,0,0
BRDA:614,221,1,0
BRDA:615,222,0,0
BRDA:615,222,1,0
BRDA:615,223,0,0
BRDA:615,223,1,0
BRDA:616,224,0,0
BRDA:616,224,1,0
BRDA:616,225,0,0
BRDA:616,225,1,0
BRDA:617,226,0,0
BRDA:617,226,1,0
BRDA:617,227,0,0
BRDA:617,227,1,0
BRDA:618,228,0,0
BRDA:618,228,1,0
BRDA:618,229,0,0
BRDA:618,229,1,0
BRDA:619,230,0,0
BRDA:619,230,1,0
BRDA:619,231,0,0
BRDA:619,231,1,0
BRDA:619,231,2,0
BRDA:619,231,3,0
BRDA:636,232,0,0
BRDA:636,232,1,0
BRDA:637,233,0,0
BRDA:637,233,1,0
BRDA:642,234,0,0
BRDA:642,234,1,0
BRDA:647,235,0,0
BRDA:647,235,1,0
BRDA:647,236,0,0
BRDA:647,236,1,0
BRDA:647,236,2,0
BRDA:649,237,0,0
BRDA:649,237,1,0
BRDA:649,238,0,0
BRDA:649,238,1,0
BRDA:651,239,0,0
BRDA:651,239,1,0
BRDA:656,240,0,0
BRDA:656,240,1,0
BRDA:657,241,0,0
BRDA:657,241,1,0
BRDA:657,242,0,0
BRDA:657,242,1,0
BRDA:659,243,0,0
BRDA:659,243,1,0
BRDA:662,244,0,0
BRDA:662,244,1,0
BRDA:663,245,0,0
BRDA:663,245,1,0
BRDA:664,246,0,0
BRDA:664,246,1,0
BRDA:678,247,0,0
BRDA:678,247,1,0
BRDA:679,248,0,0
BRDA:679,248,1,0
BRDA:679,249,0,0
BRDA:679,249,1,0
BRDA:680,250,0,0
BRDA:680,250,1,0
BRDA:681,251,0,0
BRDA:681,251,1,0
BRDA:681,252,0,0
BRDA:681,252,1,0
BRDA:682,253,0,0
BRDA:682,253,1,0
BRDA:682,254,0,0
BRDA:682,254,1,0
BRDA:682,254,2,0
BRDA:684,255,0,0
BRDA:684,255,1,0
BRDA:702,256,0,0
BRDA:702,256,1,0
BRDA:705,257,0,0
BRDA:705,257,1,0
BRDA:706,258,0,0
BRDA:706,258,1,0
BRDA:706,259,0,0
BRDA:706,259,1,0
BRDA:709,260,0,0
BRDA:709,260,1,0
BRDA:721,261,0,0
BRDA:721,261,1,0
BRDA:722,262,0,0
BRDA:722,262,1,0
BRDA:724,263,0,0
BRDA:725,264,0,0
BRDA:725,264,1,0
BRDA:725,265,0,0
BRDA:725,265,1,0
BRDA:733,266,0,0
BRDA:733,266,1,0
BRDA:734,267,0,0
BRDA:734,267,1,0
BRDA:740,268,0,0
BRDA:740,268,1,0
BRDA:740,269,0,0
BRDA:740,269,1,0
BRDA:740,270,0,0
BRDA:740,270,1,0
BRDA:749,271,0,0
BRDA:749,271,1,0
BRDA:749,272,0,0
BRDA:749,272,1,0
BRDA:750,273,0,0
BRDA:750,273,1,0
BRDA:750,274,0,0
BRDA:750,274,1,0
BRDA:750,274,2,0
BRDA:751,275,0,0
BRDA:751,275,1,0
BRDA:751,276,0,0
BRDA:751,276,1,0
BRDA:751,276,2,0
BRDA:752,277,0,0
BRDA:752,277,1,0
BRDA:752,278,0,0
BRDA:752,278,1,0
BRDA:752,279,0,0
BRDA:752,279,1,0
BRDA:754,280,0,0
BRDA:754,280,1,0
BRDA:755,281,0,0
BRDA:755,281,1,0
BRDA:755,282,0,0
BRDA:755,282,1,0
BRDA:755,282,2,0
BRDA:755,283,0,0
BRDA:755,283,1,0
BRDA:756,284,0,0
BRDA:756,284,1,0
BRDA:756,285,0,0
BRDA:756,285,1,0
BRDA:756,286,0,0
BRDA:756,286,1,0
BRDA:757,287,0,0
BRDA:757,287,1,0
BRDA:757,288,0,0
BRDA:757,288,1,0
BRDA:757,289,0,0
BRDA:757,289,1,0
BRDA:758,290,0,0
BRDA:758,290,1,0
BRDA:758,291,0,0
BRDA:758,291,1,0
BRDA:759,292,0,0
BRDA:759,292,1,0
BRDA:760,293,0,0
BRDA:760,293,1,0
BRDA:768,294,0,0
BRDA:768,294,1,0
BRDA:771,295,0,0
BRDA:771,295,1,0
BRDA:771,296,0,0
BRDA:771,296,1,0
BRDA:771,296,2,0
BRDA:773,297,0,0
BRDA:773,297,1,0
BRDA:777,298,0,0
BRDA:777,298,1,0
BRDA:778,299,0,0
BRDA:778,299,1,0
BRDA:778,300,0,0
BRDA:778,300,1,0
BRDA:778,301,0,0
BRDA:778,301,1,0
BRDA:778,302,0,0
BRDA:778,302,1,0
BRDA:778,303,0,0
BRDA:778,303,1,0
BRDA:778,304,0,0
BRDA:778,304,1,0
BRDA:778,304,2,0
BRDA:778,304,3,0
BRDA:778,305,0,0
BRDA:778,305,1,0
BRDA:779,306,0,0
BRDA:779,306,1,0
BRDA:779,307,0,0
BRDA:779,307,1,0
BRDA:786,308,0,0
BRDA:786,308,1,0
BRDA:789,309,0,0
BRDA:789,309,1,0
BRDA:790,310,0,0
BRDA:790,310,1,0
BRDA:793,311,0,0
BRDA:793,311,1,0
BRDA:795,312,0,0
BRDA:795,312,1,0
BRDA:796,313,0,0
BRDA:796,313,1,0
BRDA:800,314,0,0
BRDA:800,314,1,0
BRDA:800,315,0,0
BRDA:800,315,1,0
BRDA:800,315,2,0
BRDA:803,316,0,0
BRDA:803,316,1,0
BRDA:809,317,0,0
BRDA:809,317,1,0
BRDA:811,318,0,0
BRDA:811,318,1,0
BRDA:812,319,0,0
BRDA:812,319,1,0
BRDA:813,320,0,0
BRDA:813,320,1,0
BRDA:825,321,0,0
BRDA:825,321,1,0
BRDA:828,322,0,0
BRDA:828,322,1,0
BRDA:837,323,0,0
BRDA:837,323,1,0
BRDA:837,324,0,0
BRDA:837,324,1,0
BRDA:838,325,0,0
BRDA:838,325,1,0
BRDA:839,326,0,0
BRDA:839,326,1,0
BRDA:840,327,0,0
BRDA:840,327,1,0
BRDA:852,328,0,0
BRDA:852,328,1,0
BRDA:858,329,0,0
BRDA:858,329,1,0
BRDA:866,330,0,0
BRDA:866,330,1,0
BRDA:866,331,0,0
BRDA:866,331,1,0
BRDA:867,332,0,0
BRDA:867,332,1,0
BRDA:868,333,0,0
BRDA:868,333,1,0
BRDA:869,334,0,0
BRDA:869,334,1,0
BRDA:881,335,0,0
BRDA:881,335,1,0
BRDA:884,336,0,0
BRDA:884,336,1,0
BRDA:886,337,0,0
BRDA:886,337,1,0
BRDA:896,338,0,0
BRDA:896,338,1,0
BRDA:896,339,0,0
BRDA:896,339,1,0
BRDA:901,340,0,0
BRDA:901,340,1,0
BRDA:914,341,0,0
BRDA:914,341,1,0
BRDA:914,342,0,0
BRDA:914,342,1,0
BRDA:914,342,2,0
BRDA:917,343,0,0
BRDA:917,343,1,0
BRDA:923,344,0,0
BRDA:923,344,1,0
BRDA:923,345,0,0
BRDA:923,345,1,0
BRDA:923,345,2,0
BRDA:926,346,0,0
BRDA:926,346,1,0
BRDA:927,347,0,0
BRDA:927,347,1,0
BRDA:927,348,0,0
BRDA:927,348,1,0
BRDA:931,349,0,0
BRDA:931,349,1,0
BRDA:931,350,0,0
BRDA:931,350,1,0
BRDA:932,351,0,0
BRDA:932,351,1,0
BRDA:937,352,0,0
BRDA:937,352,1,0
BRDA:938,353,0,0
BRDA:938,353,1,0
BRDA:939,354,0,0
BRDA:939,354,1,0
BRDA:940,355,0,0
BRDA:940,355,1,0
BRDA:944,356,0,0
BRDA:944,356,1,0
BRDA:944,357,0,0
BRDA:944,357,1,0
BRDA:945,358,0,0
BRDA:945,358,1,0
BRDA:945,359,0,0
BRDA:945,359,1,0
BRDA:945,360,0,0
BRDA:945,360,1,0
BRDA:945,360,2,0
BRDA:945,361,0,0
BRDA:945,361,1,0
BRDA:945,362,0,0
BRDA:945,362,1,0
BRDA:945,363,0,0
BRDA:945,363,1,0
BRDA:946,364,0,0
BRDA:946,364,1,0
BRDA:946,365,0,0
BRDA:946,365,1,0
BRDA:946,366,0,0
BRDA:946,366,1,0
BRDA:946,367,0,0
BRDA:946,367,1,0
BRDA:947,368,0,0
BRDA:947,368,1,0
BRDA:947,369,0,0
BRDA:947,369,1,0
BRDA:947,370,0,0
BRDA:947,370,1,0
BRDA:947,371,0,0
BRDA:947,371,1,0
BRDA:947,372,0,0
BRDA:947,372,1,0
BRDA:947,372,2,0
BRDA:947,373,0,0
BRDA:947,373,1,0
BRDA:948,374,0,0
BRDA:948,374,1,0
BRDA:948,375,0,0
BRDA:948,375,1,0
BRDA:948,376,0,0
BRDA:948,376,1,0
BRDA:948,377,0,0
BRDA:948,377,1,0
BRDA:949,378,0,0
BRDA:949,378,1,0
BRDA:950,379,0,0
BRDA:950,379,1,0
BRDA:951,380,0,0
BRDA:951,380,1,0
BRDA:951,381,0,0
BRDA:951,381,1,0
BRDA:956,382,0,0
BRDA:956,382,1,0
BRDA:956,383,0,0
BRDA:956,383,1,0
BRDA:956,383,2,0
BRDA:956,384,0,0
BRDA:956,384,1,0
BRDA:956,385,0,0
BRDA:956,385,1,0
BRDA:957,386,0,0
BRDA:957,386,1,0
BRDA:957,387,0,0
BRDA:957,387,1,0
BRDA:957,387,2,0
BRDA:957,388,0,0
BRDA:957,388,1,0
BRDA:957,389,0,0
BRDA:957,389,1,0
BRDA:957,390,0,0
BRDA:957,390,1,0
BRDA:957,391,0,0
BRDA:957,391,1,0
BRDA:957,392,0,0
BRDA:957,392,1,0
BRDA:957,393,0,0
BRDA:957,393,1,0
BRDA:957,394,0,0
BRDA:957,394,1,0
BRDA:957,395,0,0
BRDA:957,395,1,0
BRDA:957,396,0,0
BRDA:957,396,1,0
BRDA:957,397,0,0
BRDA:957,397,1,0
BRDA:957,398,0,0
BRDA:957,398,1,0
BRDA:957,399,0,0
BRDA:957,399,1,0
BRDA:957,400,0,0
BRDA:957,400,1,0
BRDA:957,401,0,0
BRDA:957,401,1,0
BRDA:957,402,0,0
BRDA:957,402,1,0
BRDA:957,403,0,0
BRDA:957,403,1,0
BRDA:957,404,0,0
BRDA:957,404,1,0
BRDA:957,405,0,0
BRDA:957,405,1,0
BRDA:957,406,0,0
BRDA:957,406,1,0
BRDA:957,407,0,0
BRDA:957,407,1,0
BRDA:957,408,0,0
BRDA:957,408,1,0
BRDA:957,409,0,0
BRDA:957,409,1,0
BRDA:957,410,0,0
BRDA:957,410,1,0
BRDA:957,411,0,0
BRDA:957,411,1,0
BRDA:957,412,0,0
BRDA:957,412,1,0
BRDA:957,413,0,0
BRDA:957,413,1,0
BRDA:957,414,0,0
BRDA:957,414,1,0
BRDA:958,415,0,0
BRDA:958,415,1,0
BRDA:958,416,0,0
BRDA:958,416,1,0
BRDA:959,417,0,0
BRDA:959,417,1,0
BRDA:959,418,0,0
BRDA:959,418,1,0
BRDA:959,419,0,0
BRDA:959,419,1,0
BRDA:959,420,0,0
BRDA:959,420,1,0
BRDA:959,421,0,0
BRDA:959,421,1,0
BRDA:959,422,0,0
BRDA:959,422,1,0
BRDA:959,423,0,0
BRDA:959,423,1,0
BRDA:959,424,0,0
BRDA:959,424,1,0
BRDA:959,425,0,0
BRDA:959,425,1,0
BRDA:959,426,0,0
BRDA:959,426,1,0
BRDA:959,427,0,0
BRDA:959,427,1,0
BRDA:959,428,0,0
BRDA:959,428,1,0
BRDA:959,429,0,0
BRDA:959,429,1,0
BRDA:959,430,0,0
BRDA:959,430,1,0
BRDA:959,431,0,0
BRDA:959,431,1,0
BRDA:960,432,0,0
BRDA:960,432,1,0
BRDA:964,433,0,0
BRDA:964,433,1,0
BRDA:964,434,0,0
BRDA:964,434,1,0
BRDA:964,434,2,0
BRDA:965,435,0,0
BRDA:965,435,1,0
BRDA:965,436,0,0
BRDA:965,436,1,0
BRDA:965,436,2,0
BRDA:967,437,0,0
BRDA:967,437,1,0
BRDA:970,438,0,0
BRDA:970,438,1,0
BRDA:970,439,0,0
BRDA:970,439,1,0
BRDA:980,440,0,0
BRDA:980,440,1,0
BRDA:980,441,0,0
BRDA:980,441,1,0
BRDA:980,441,2,0
BRDA:982,442,0,0
BRDA:982,442,1,0
BRDA:984,443,0,0
BRDA:984,443,1,0
BRDA:991,444,0,0
BRDA:991,444,1,0
BRDA:991,445,0,0
BRDA:991,445,1,0
BRDA:991,445,2,0
BRDA:992,446,0,0
BRDA:992,446,1,0
BRDA:992,447,0,0
BRDA:992,447,1,0
BRDA:992,448,0,0
BRDA:992,448,1,0
BRDA:992,449,0,0
BRDA:992,449,1,0
BRDA:993,450,0,0
BRDA:993,450,1,0
BRDA:993,451,0,0
BRDA:993,451,1,0
BRDA:994,452,0,0
BRDA:994,452,1,0
BRDA:994,453,0,0
BRDA:994,453,1,0
BRDA:994,454,0,0
BRDA:994,454,1,0
BRDA:998,455,0,0
BRDA:998,455,1,0
BRDA:999,456,0,0
BRDA:999,456,1,0
BRDA:999,457,0,0
BRDA:999,457,1,0
BRDA:999,458,0,0
BRDA:999,458,1,0
BRDA:1016,459,0,0
BRDA:1016,459,1,0
BRDA:1016,459,2,0
BRDA:1016,459,3,0
BRDA:1016,459,4,0
BRDA:1016,459,5,0
BRDA:1016,459,6,0
BRDA:1023,460,0,0
BRDA:1023,460,1,0
BRDA:1023,461,0,0
BRDA:1023,461,1,0
BRDA:1023,461,2,0
BRDA:1026,462,0,0
BRDA:1026,462,1,0
BRDA:1026,463,0,0
BRDA:1026,463,1,0
BRDA:1031,464,0,0
BRDA:1031,464,1,0
BRDA:1031,465,0,0
BRDA:1031,465,1,0
BRDA:1031,465,2,0
BRDA:1031,465,3,0
BRDA:1032,466,0,0
BRDA:1032,466,1,0
BRDA:1032,467,0,0
BRDA:1032,467,1,0
BRDA:1033,468,0,0
BRDA:1033,468,1,0
BRDA:1035,469,0,0
BRDA:1035,469,1,0
BRDA:1038,470,0,0
BRDA:1038,470,1,0
BRDA:1038,471,0,0
BRDA:1038,471,1,0
BRDA:1042,472,0,0
BRDA:1042,472,1,0
BRDA:1048,473,0,0
BRDA:1048,473,1,0
BRDA:1049,474,0,0
BRDA:1049,474,1,0
BRDA:1057,475,0,0
BRDA:1057,475,1,0
BRDA:1060,476,0,0
BRDA:1060,476,1,0
BRDA:1060,477,0,0
BRDA:1060,477,1,0
BRDA:1060,477,2,0
BRDA:1060,477,3,0
BRDA:1061,478,0,0
BRDA:1061,478,1,0
BRDA:1061,479,0,0
BRDA:1061,479,1,0
BRDA:1062,480,0,0
BRDA:1062,480,1,0
BRDA:1064,481,0,0
BRDA:1064,481,1,0
BRDA:1066,482,0,0
BRDA:1066,482,1,0
BRDA:1069,483,0,0
BRDA:1069,483,1,0
BRDA:1070,484,0,0
BRDA:1070,484,1,0
BRDA:1074,485,0,0
BRDA:1074,485,1,0
BRDA:1077,486,0,0
BRDA:1077,486,1,0
BRDA:1083,487,0,0
BRDA:1083,487,1,0
BRDA:1084,488,0,0
BRDA:1084,488,1,0
BRDA:1093,489,0,0
BRDA:1093,489,1,0
BRDA:1094,490,0,0
BRDA:1094,490,1,0
BRDA:1099,491,0,0
BRDA:1099,491,1,0
BRDA:1099,492,0,0
BRDA:1099,492,1,0
BRDA:1099,493,0,0
BRDA:1099,493,1,0
BRDA:1099,494,0,0
BRDA:1099,494,1,0
BRDA:1099,495,0,0
BRDA:1099,495,1,0
BRDA:1099,496,0,0
BRDA:1099,496,1,0
BRDA:1105,497,0,0
BRDA:1105,497,1,0
BRDA:1130,498,0,0
BRDA:1130,498,1,0
BRDA:1132,499,0,0
BRDA:1132,499,1,0
BRDA:1132,500,0,0
BRDA:1132,500,1,0
BRDA:1141,501,0,0
BRDA:1141,501,1,0
BRDA:1142,502,0,0
BRDA:1142,502,1,0
BRDA:1172,503,0,0
BRDA:1172,503,1,0
BRDA:1173,504,0,0
BRDA:1173,504,1,0
BRDA:1174,505,0,0
BRDA:1174,505,1,0
BRDA:1177,506,0,0
BRDA:1177,506,1,0
BRDA:1183,507,0,0
BRDA:1183,507,1,0
BRDA:1187,508,0,0
BRDA:1187,508,1,0
BRDA:1188,509,0,0
BRDA:1188,509,1,0
BRDA:1189,510,0,0
BRDA:1189,510,1,0
BRDA:1191,511,0,0
BRDA:1191,511,1,0
BRDA:1204,512,0,0
BRDA:1204,512,1,0
BRDA:1205,513,0,0
BRDA:1205,513,1,0
BRDA:1223,514,0,0
BRDA:1223,514,1,0
BRDA:1227,515,0,0
BRDA:1227,515,1,0
BRDA:1230,516,0,0
BRDA:1230,516,1,0
BRDA:1233,517,0,0
BRDA:1233,517,1,0
BRDA:1238,518,0,0
BRDA:1238,518,1,0
BRDA:1242,519,0,0
BRDA:1242,519,1,0
BRDA:1248,520,0,0
BRDA:1248,520,1,0
BRDA:1248,520,2,0
BRDA:1249,521,0,0
BRDA:1249,521,1,0
BRDA:1293,522,0,0
BRDA:1293,522,1,0
BRDA:1293,523,0,0
BRDA:1293,523,1,0
BRDA:1293,524,0,0
BRDA:1293,524,1,0
BRDA:1293,525,0,0
BRDA:1293,525,1,0
BRDA:1293,526,0,0
BRDA:1293,526,1,0
BRDA:1293,527,0,0
BRDA:1293,527,1,0
BRDA:1293,528,0,0
BRDA:1293,528,1,0
BRDA:1293,529,0,0
BRDA:1293,529,1,0
BRDA:1293,530,0,0
BRDA:1293,530,1,0
BRDA:1299,531,0,0
BRDA:1299,531,1,0
BRDA:1299,532,0,0
BRDA:1299,532,1,0
BRDA:1299,533,0,0
BRDA:1299,533,1,0
BRDA:1300,534,0,0
BRDA:1300,534,1,0
BRDA:1300,535,0,0
BRDA:1300,535,1,0
BRDA:1300,536,0,0
BRDA:1300,536,1,0
BRDA:1314,537,0,0
BRDA:1314,537,1,0
BRDA:1327,538,0,0
BRDA:1327,538,1,0
BRDA:1330,539,0,0
BRDA:1330,539,1,0
BRDA:1330,540,0,0
BRDA:1330,540,1,0
BRDA:1331,541,0,0
BRDA:1331,541,1,0
BRDA:1332,542,0,0
BRDA:1332,542,1,0
BRDA:1334,543,0,0
BRDA:1334,543,1,0
BRDA:1335,544,0,0
BRDA:1335,544,1,0
BRDA:1345,545,0,0
BRDA:1345,545,1,0
BRDA:1345,545,2,0
BRDA:1345,545,3,0
BRDA:1346,546,0,0
BRDA:1346,546,1,0
BRDA:1346,547,0,0
BRDA:1346,547,1,0
BRDA:1346,548,0,0
BRDA:1346,548,1,0
BRDA:1375,549,0,0
BRDA:1375,549,1,0
BRDA:1376,550,0,0
BRDA:1376,550,1,0
BRDA:1377,551,0,0
BRDA:1377,551,1,0
BRDA:1377,552,0,0
BRDA:1377,552,1,0
BRDA:1378,553,0,0
BRDA:1378,553,1,0
BRDA:1395,554,0,0
BRDA:1395,554,1,0
BRDA:1402,555,0,0
BRDA:1402,555,1,0
BRDA:1402,556,0,0
BRDA:1402,556,1,0
BRDA:1403,557,0,0
BRDA:1403,557,1,0
BRDA:1404,558,0,0
BRDA:1404,558,1,0
BRDA:1404,559,0,0
BRDA:1404,559,1,0
BRDA:1405,560,0,0
BRDA:1405,560,1,0
BRDA:1406,561,0,0
BRDA:1406,561,1,0
BRDA:1407,562,0,0
BRDA:1407,562,1,0
BRDA:1407,563,0,0
BRDA:1407,563,1,0
BRDA:1407,564,0,0
BRDA:1407,564,1,0
BRDA:1407,565,0,0
BRDA:1407,565,1,0
BRDA:1408,566,0,0
BRDA:1408,566,1,0
BRDA:1409,567,0,0
BRDA:1409,567,1,0
BRDA:1410,568,0,0
BRDA:1410,568,1,0
BRDA:1413,569,0,0
BRDA:1413,569,1,0
BRDA:1414,570,0,0
BRDA:1414,570,1,0
BRDA:1414,571,0,0
BRDA:1414,571,1,0
BRDA:1433,572,0,0
BRDA:1433,572,1,0
BRDA:1434,573,0,0
BRDA:1434,573,1,0
BRDA:1435,574,0,0
BRDA:1435,574,1,0
BRDA:1437,575,0,0
BRDA:1437,575,1,0
BRDA:1437,575,2,0
BRDA:1438,576,0,0
BRDA:1438,576,1,0
BRDA:1438,577,0,0
BRDA:1438,577,1,0
BRDA:1439,578,0,0
BRDA:1439,578,1,0
BRDA:1441,579,0,0
BRDA:1441,579,1,0
BRDA:1441,580,0,0
BRDA:1441,580,1,0
BRDA:1441,581,0,0
BRDA:1441,581,1,0
BRDA:1442,582,0,0
BRDA:1442,582,1,0
BRDA:1446,583,0,0
BRDA:1446,583,1,0
BRDA:1446,584,0,0
BRDA:1446,584,1,0
BRDA:1451,585,0,0
BRDA:1451,585,1,0
BRDA:1457,586,0,0
BRDA:1457,586,1,0
BRDA:1458,587,0,0
BRDA:1458,587,1,0
BRDA:1462,588,0,0
BRDA:1462,588,1,0
BRDA:1463,589,0,0
BRDA:1463,589,1,0
BRDA:1466,590,0,0
BRDA:1466,590,1,0
BRDA:1476,591,0,0
BRDA:1476,591,1,0
BRDA:1476,592,0,0
BRDA:1476,592,1,0
BRDA:1476,593,0,0
BRDA:1476,593,1,0
BRDA:1477,594,0,0
BRDA:1477,594,1,0
BRDA:1485,595,0,0
BRDA:1485,595,1,0
BRDA:1488,596,0,0
BRDA:1488,596,1,0
BRDA:1496,597,0,0
BRDA:1496,597,1,0
BRDA:1497,598,0,0
BRDA:1497,598,1,0
BRDA:1498,599,0,0
BRDA:1498,599,1,0
BRDA:1500,600,0,0
BRDA:1500,600,1,0
BRDA:1500,601,0,0
BRDA:1500,601,1,0
BRDA:1500,602,0,0
BRDA:1500,602,1,0
BRDA:1500,603,0,0
BRDA:1500,603,1,0
BRDA:1500,604,0,0
BRDA:1500,604,1,0
BRDA:1501,605,0,0
BRDA:1501,605,1,0
BRDA:1501,606,0,0
BRDA:1501,606,1,0
BRDA:1518,607,0,0
BRDA:1518,607,1,0
BRDA:1536,608,0,0
BRDA:1536,608,1,0
BRDA:1542,609,0,0
BRDA:1542,609,1,0
BRDA:1549,610,0,0
BRDA:1549,610,1,0
BRDA:1554,611,0,0
BRDA:1554,611,1,0
BRDA:1554,612,0,0
BRDA:1554,612,1,0
BRDA:1555,613,0,0
BRDA:1555,613,1,0
BRDA:1556,614,0,0
BRDA:1556,614,1,0
BRDA:1556,615,0,0
BRDA:1556,615,1,0
BRDA:1558,616,0,0
BRDA:1558,616,1,0
BRDA:1566,617,0,0
BRDA:1566,617,1,0
BRDA:1566,618,0,0
BRDA:1566,618,1,0
BRDA:1568,619,0,0
BRDA:1568,619,1,0
BRDA:1568,620,0,0
BRDA:1568,620,1,0
BRDA:1569,621,0,0
BRDA:1569,621,1,0
BRDA:1571,622,0,0
BRDA:1571,622,1,0
BRDA:1571,622,2,0
BRDA:1572,623,0,0
BRDA:1572,623,1,0
BRDA:1572,624,0,0
BRDA:1572,624,1,0
BRDA:1575,625,0,0
BRDA:1575,625,1,0
BRDA:1576,626,0,0
BRDA:1576,626,1,0
BRDA:1577,627,0,0
BRDA:1577,627,1,0
BRDA:1586,628,0,0
BRDA:1586,628,1,0
BRDA:1586,629,0,0
BRDA:1586,629,1,0
BRDA:1594,630,0,0
BRDA:1594,630,1,0
BRDA:1595,631,0,0
BRDA:1595,631,1,0
BRDA:1595,631,2,0
BRF:1314
BRH:0
end_of_record
TN:
SF:src\ToolBtn.jsx
FN:3,ToolBtn
FN:7,(anonymous_1)
FN:7,(anonymous_2)
FNF:3
FNH:0
FNDA:0,ToolBtn
FNDA:0,(anonymous_1)
FNDA:0,(anonymous_2)
DA:4,0
DA:5,0
DA:7,0
LF:3
LH:0
BRDA:9,0,0,0
BRDA:9,0,1,0
BRDA:9,1,0,0
BRDA:9,1,1,0
BRDA:10,2,0,0
BRDA:10,2,1,0
BRDA:10,3,0,0
BRDA:10,3,1,0
BRDA:10,4,0,0
BRDA:10,4,1,0
BRDA:11,5,0,0
BRDA:11,5,1,0
BRDA:13,6,0,0
BRDA:13,6,1,0
BRDA:14,7,0,0
BRDA:14,7,1,0
BRDA:14,8,0,0
BRDA:14,8,1,0
BRDA:15,9,0,0
BRDA:15,9,1,0
BRDA:15,10,0,0
BRDA:15,10,1,0
BRF:22
BRH:0
end_of_record
TN:
SF:src\constants.js
FN:210,(anonymous_0)
FN:212,(anonymous_1)
FN:248,(anonymous_2)
FNF:3
FNH:3
FNDA:9,(anonymous_0)
FNDA:35,(anonymous_1)
FNDA:10,(anonymous_2)
DA:16,1
DA:17,1
DA:18,1
DA:19,1
DA:20,1
DA:21,1
DA:22,1
DA:23,1
DA:24,1
DA:27,1
DA:28,1
DA:29,54
DA:32,1
DA:210,9
DA:211,1
DA:213,35
DA:214,35
DA:217,1
DA:224,1
DA:244,1
DA:247,1
DA:249,10
DA:250,10
DA:253,1
DA:387,1
DA:388,38
DA:389,38
DA:392,1
DA:393,11
DA:394,10
DA:397,1
DA:398,1
DA:399,1
DA:402,1
DA:403,2
DA:404,2
DA:407,1
DA:408,1
DA:409,1
DA:412,1
DA:413,1
DA:414,1
DA:417,1
DA:418,1
DA:419,1
DA:423,1
DA:504,1
DA:582,1
LF:48
LH:48
BRDA:213,0,0,0
BRDA:213,0,1,35
BRDA:249,1,0,0
BRDA:249,1,1,10
BRDA:388,2,0,38
BRDA:388,2,1,0
BRDA:393,3,0,10
BRDA:393,3,1,1
BRDA:398,4,0,1
BRDA:398,4,1,0
BRDA:403,5,0,2
BRDA:403,5,1,0
BRDA:408,6,0,1
BRDA:408,6,1,0
BRDA:413,7,0,1
BRDA:413,7,1,0
BRDA:418,8,0,1
BRDA:418,8,1,0
BRF:18
BRH:10
end_of_record
TN:
SF:src\csvParser.js
FN:33,trimRow
FN:34,(anonymous_1)
FN:37,parseCsvRow
FN:61,parseRefs
FN:63,(anonymous_4)
FN:66,extractShortLabel
FN:76,parseNum
FN:82,parseAnalysisCsv
FN:83,(anonymous_8)
FNF:9
FNH:9
FNDA:1161,trimRow
FNDA:7627,(anonymous_1)
FNDA:1161,parseCsvRow
FNDA:436,parseRefs
FNDA:1180,(anonymous_4)
FNDA:716,extractShortLabel
FNDA:1812,parseNum
FNDA:9,parseAnalysisCsv
FNDA:1169,(anonymous_8)
DA:5,1
DA:11,1
DA:16,1
DA:34,7627
DA:38,1161
DA:39,1161
DA:40,1161
DA:41,1161
DA:42,134975
DA:43,134975
DA:44,1262
DA:45,0
DA:46,0
DA:48,1262
DA:50,133713
DA:51,6466
DA:52,6466
DA:54,127247
DA:57,1161
DA:58,1161
DA:62,436
DA:63,1180
DA:67,716
DA:68,716
DA:69,279
DA:70,279
DA:71,98
DA:72,98
DA:73,59
DA:77,1812
DA:78,592
DA:79,592
DA:83,1169
DA:84,9
DA:86,9
DA:87,9
DA:88,9
DA:89,9
DA:90,9
DA:91,9
DA:92,9
DA:93,9
DA:95,9
DA:97,9
DA:98,9
DA:99,1152
DA:100,1152
DA:101,1152
DA:102,1152
DA:103,1152
DA:104,1152
DA:105,1152
DA:106,1152
DA:108,1152
DA:110,1152
DA:111,106
DA:114,1152
DA:115,716
DA:116,716
DA:122,436
DA:123,436
DA:124,436
DA:125,436
DA:138,9
LF:64
LH:62
BRDA:43,0,0,1262
BRDA:43,0,1,133713
BRDA:44,1,0,0
BRDA:44,1,1,1262
BRDA:44,2,0,1262
BRDA:44,2,1,631
BRDA:44,2,2,585
BRDA:50,3,0,6466
BRDA:50,3,1,127247
BRDA:50,4,0,133713
BRDA:50,4,1,7410
BRDA:62,5,0,3
BRDA:62,5,1,433
BRDA:68,6,0,437
BRDA:68,6,1,279
BRDA:70,7,0,181
BRDA:70,7,1,98
BRDA:72,8,0,39
BRDA:72,8,1,59
BRDA:77,9,0,1220
BRDA:77,9,1,592
BRDA:79,10,0,588
BRDA:79,10,1,4
BRDA:84,11,0,0
BRDA:84,11,1,9
BRDA:95,12,0,0
BRDA:95,12,1,9
BRDA:95,13,0,9
BRDA:95,13,1,9
BRDA:95,13,2,9
BRDA:104,14,0,906
BRDA:104,14,1,246
BRDA:104,15,0,906
BRDA:104,15,1,473
BRDA:105,16,0,906
BRDA:105,16,1,246
BRDA:106,17,0,906
BRDA:106,17,1,246
BRDA:108,18,0,0
BRDA:108,18,1,1152
BRDA:108,19,0,1152
BRDA:108,19,1,1152
BRDA:110,20,0,106
BRDA:110,20,1,1046
BRDA:114,21,0,716
BRDA:114,21,1,436
BRDA:118,22,0,716
BRDA:118,22,1,0
BRDA:123,23,0,0
BRDA:123,23,1,436
BRDA:128,24,0,436
BRDA:128,24,1,0
BRDA:131,25,0,294
BRDA:131,25,1,142
BRDA:131,26,0,436
BRDA:131,26,1,294
BRF:56
BRH:49
end_of_record
TN:
SF:src\hooks.jsx
FN:8,useKatex
FN:10,(anonymous_1)
FN:21,(anonymous_2)
FN:28,KatexSpan
FN:31,(anonymous_4)
FN:46,LatexFloatingPanel
FN:49,(anonymous_6)
FNF:7
FNH:0
FNDA:0,useKatex
FNDA:0,(anonymous_1)
FNDA:0,(anonymous_2)
FNDA:0,KatexSpan
FNDA:0,(anonymous_4)
FNDA:0,LatexFloatingPanel
FNDA:0,(anonymous_6)
DA:9,0
DA:10,0
DA:11,0
DA:12,0
DA:13,0
DA:14,0
DA:15,0
DA:17,0
DA:18,0
DA:19,0
DA:20,0
DA:21,0
DA:22,0
DA:25,0
DA:29,0
DA:30,0
DA:31,0
DA:32,0
DA:33,0
DA:38,0
DA:39,0
DA:47,0
DA:49,0
LF:23
LH:0
BRDA:11,0,0,0
BRDA:11,0,1,0
BRDA:17,1,0,0
BRDA:17,1,1,0
BRDA:28,2,0,0
BRDA:28,3,0,0
BRDA:32,4,0,0
BRDA:32,4,1,0
BRDA:32,5,0,0
BRDA:32,5,1,0
BRDA:32,5,2,0
BRDA:38,6,0,0
BRDA:38,6,1,0
BRDA:38,7,0,0
BRDA:38,7,1,0
BRDA:41,8,0,0
BRDA:41,8,1,0
BRF:17
BRH:0
end_of_record
TN:
SF:src\imageUtils.jsx
FN:9,getLUTColor
FN:49,applyEdgeKernel
FN:62,processImageToCanvas
FN:89,computeHistogram
FN:104,FloatingHistogram
FN:112,(anonymous_5)
FN:147,(anonymous_6)
FN:148,(anonymous_7)
FN:150,(anonymous_8)
FN:154,(anonymous_9)
FN:157,(anonymous_10)
FN:170,(anonymous_11)
FN:171,(anonymous_12)
FN:172,(anonymous_13)
FN:173,(anonymous_14)
FN:176,(anonymous_15)
FNF:16
FNH:0
FNDA:0,getLUTColor
FNDA:0,applyEdgeKernel
FNDA:0,processImageToCanvas
FNDA:0,computeHistogram
FNDA:0,FloatingHistogram
FNDA:0,(anonymous_5)
FNDA:0,(anonymous_6)
FNDA:0,(anonymous_7)
FNDA:0,(anonymous_8)
FNDA:0,(anonymous_9)
FNDA:0,(anonymous_10)
FNDA:0,(anonymous_11)
FNDA:0,(anonymous_12)
FNDA:0,(anonymous_13)
FNDA:0,(anonymous_14)
FNDA:0,(anonymous_15)
DA:10,0
DA:11,0
DA:12,0
DA:13,0
DA:14,0
DA:16,0
DA:17,0
DA:18,0
DA:19,0
DA:20,0
DA:21,0
DA:22,0
DA:23,0
DA:26,0
DA:27,0
DA:28,0
DA:31,0
DA:32,0
DA:35,0
DA:36,0
DA:37,0
DA:38,0
DA:39,0
DA:40,0
DA:41,0
DA:42,0
DA:43,0
DA:45,0
DA:50,0
DA:51,0
DA:52,0
DA:53,0
DA:54,0
DA:55,0
DA:56,0
DA:59,0
DA:63,0
DA:64,0
DA:65,0
DA:66,0
DA:67,0
DA:68,0
DA:69,0
DA:70,0
DA:71,0
DA:72,0
DA:73,0
DA:74,0
DA:75,0
DA:76,0
DA:77,0
DA:78,0
DA:79,0
DA:80,0
DA:81,0
DA:82,0
DA:83,0
DA:85,0
DA:86,0
DA:90,0
DA:91,0
DA:92,0
DA:93,0
DA:94,0
DA:95,0
DA:96,0
DA:97,0
DA:98,0
DA:99,0
DA:105,0
DA:106,0
DA:107,0
DA:108,0
DA:109,0
DA:110,0
DA:112,0
DA:113,0
DA:114,0
DA:115,0
DA:116,0
DA:117,0
DA:118,0
DA:119,0
DA:120,0
DA:121,0
DA:122,0
DA:123,0
DA:124,0
DA:126,0
DA:127,0
DA:128,0
DA:129,0
DA:130,0
DA:131,0
DA:132,0
DA:133,0
DA:134,0
DA:135,0
DA:136,0
DA:137,0
DA:138,0
DA:139,0
DA:140,0
DA:142,0
DA:143,0
DA:144,0
DA:147,0
DA:148,0
DA:149,0
DA:150,0
DA:151,0
DA:152,0
DA:154,0
DA:155,0
DA:156,0
DA:157,0
DA:160,0
DA:161,0
DA:170,0
DA:171,0
DA:172,0
DA:173,0
DA:176,0
LF:123
LH:0
BRDA:9,0,0,0
BRDA:11,1,0,0
BRDA:11,1,1,0
BRDA:12,2,0,0
BRDA:12,2,1,0
BRDA:12,2,2,0
BRDA:12,2,3,0
BRDA:12,2,4,0
BRDA:12,2,5,0
BRDA:12,2,6,0
BRDA:13,3,0,0
BRDA:13,3,1,0
BRDA:13,4,0,0
BRDA:13,4,1,0
BRDA:18,5,0,0
BRDA:18,5,1,0
BRDA:19,6,0,0
BRDA:19,6,1,0
BRDA:20,7,0,0
BRDA:20,7,1,0
BRDA:21,8,0,0
BRDA:21,8,1,0
BRDA:37,9,0,0
BRDA:37,9,1,0
BRDA:38,10,0,0
BRDA:38,10,1,0
BRDA:39,11,0,0
BRDA:39,11,1,0
BRDA:40,12,0,0
BRDA:40,12,1,0
BRDA:41,13,0,0
BRDA:41,13,1,0
BRDA:63,14,0,0
BRDA:63,14,1,0
BRDA:64,15,0,0
BRDA:64,15,1,0
BRDA:64,15,2,0
BRDA:64,16,0,0
BRDA:64,16,1,0
BRDA:64,16,2,0
BRDA:70,17,0,0
BRDA:70,18,0,0
BRDA:70,19,0,0
BRDA:70,20,0,0
BRDA:70,21,0,0
BRDA:71,22,0,0
BRDA:71,22,1,0
BRDA:71,23,0,0
BRDA:71,23,1,0
BRDA:71,23,2,0
BRDA:71,23,3,0
BRDA:71,23,4,0
BRDA:71,23,5,0
BRDA:73,24,0,0
BRDA:73,24,1,0
BRDA:77,25,0,0
BRDA:77,25,1,0
BRDA:91,26,0,0
BRDA:91,26,1,0
BRDA:92,27,0,0
BRDA:92,27,1,0
BRDA:93,28,0,0
BRDA:93,28,1,0
BRDA:94,29,0,0
BRDA:94,29,1,0
BRDA:114,30,0,0
BRDA:114,30,1,0
BRDA:126,31,0,0
BRDA:126,31,1,0
BRDA:149,32,0,0
BRDA:149,32,1,0
BRDA:149,33,0,0
BRDA:149,33,1,0
BRDA:151,34,0,0
BRDA:151,34,1,0
BRDA:151,35,0,0
BRDA:151,35,1,0
BRDA:152,36,0,0
BRDA:152,36,1,0
BRDA:152,37,0,0
BRDA:152,37,1,0
BRF:81
BRH:0
end_of_record
TN:
SF:src\interpretation.js
FN:11,(anonymous_0)
FN:21,(anonymous_1)
FN:31,(anonymous_2)
FN:41,(anonymous_3)
FN:51,(anonymous_4)
FN:61,(anonymous_5)
FN:71,(anonymous_6)
FN:81,(anonymous_7)
FN:91,(anonymous_8)
FN:101,(anonymous_9)
FN:111,(anonymous_10)
FN:121,(anonymous_11)
FN:131,(anonymous_12)
FN:141,(anonymous_13)
FN:151,(anonymous_14)
FN:161,(anonymous_15)
FN:174,(anonymous_16)
FN:184,(anonymous_17)
FN:194,(anonymous_18)
FN:204,(anonymous_19)
FN:214,(anonymous_20)
FN:224,(anonymous_21)
FN:234,(anonymous_22)
FN:244,(anonymous_23)
FN:254,(anonymous_24)
FN:264,(anonymous_25)
FN:274,(anonymous_26)
FN:287,(anonymous_27)
FN:297,(anonymous_28)
FN:307,(anonymous_29)
FN:317,(anonymous_30)
FN:330,(anonymous_31)
FN:340,(anonymous_32)
FN:353,(anonymous_33)
FN:366,(anonymous_34)
FN:376,(anonymous_35)
FN:389,(anonymous_36)
FN:399,(anonymous_37)
FN:412,(anonymous_38)
FN:422,(anonymous_39)
FN:432,(anonymous_40)
FN:442,(anonymous_41)
FN:452,(anonymous_42)
FN:465,(anonymous_43)
FN:475,(anonymous_44)
FN:485,(anonymous_45)
FN:498,(anonymous_46)
FN:508,(anonymous_47)
FN:518,(anonymous_48)
FN:528,(anonymous_49)
FN:541,(anonymous_50)
FN:551,(anonymous_51)
FN:561,(anonymous_52)
FN:571,(anonymous_53)
FN:581,(anonymous_54)
FN:591,(anonymous_55)
FN:601,(anonymous_56)
FN:611,(anonymous_57)
FN:621,(anonymous_58)
FN:631,(anonymous_59)
FN:641,(anonymous_60)
FN:651,(anonymous_61)
FN:661,(anonymous_62)
FN:671,(anonymous_63)
FN:681,(anonymous_64)
FN:691,(anonymous_65)
FN:701,(anonymous_66)
FN:711,(anonymous_67)
FN:721,(anonymous_68)
FN:731,(anonymous_69)
FN:741,(anonymous_70)
FN:754,(anonymous_71)
FN:764,(anonymous_72)
FN:774,(anonymous_73)
FN:784,(anonymous_74)
FN:794,(anonymous_75)
FN:804,(anonymous_76)
FN:814,(anonymous_77)
FN:824,(anonymous_78)
FN:834,(anonymous_79)
FN:847,(anonymous_80)
FN:857,(anonymous_81)
FN:867,(anonymous_82)
FN:877,(anonymous_83)
FN:887,(anonymous_84)
FN:897,(anonymous_85)
FN:907,(anonymous_86)
FN:917,(anonymous_87)
FN:930,(anonymous_88)
FN:940,(anonymous_89)
FN:950,(anonymous_90)
FN:960,(anonymous_91)
FN:970,(anonymous_92)
FN:980,(anonymous_93)
FN:990,(anonymous_94)
FN:1003,(anonymous_95)
FN:1013,(anonymous_96)
FN:1023,(anonymous_97)
FN:1033,(anonymous_98)
FN:1046,(anonymous_99)
FN:1056,(anonymous_100)
FN:1066,(anonymous_101)
FN:1076,(anonymous_102)
FN:1086,(anonymous_103)
FN:1096,(anonymous_104)
FN:1106,(anonymous_105)
FN:1116,(anonymous_106)
FN:1126,(anonymous_107)
FN:1136,(anonymous_108)
FN:1146,(anonymous_109)
FN:1156,(anonymous_110)
FN:1166,(anonymous_111)
FN:1176,(anonymous_112)
FN:1186,(anonymous_113)
FN:1196,(anonymous_114)
FN:1206,(anonymous_115)
FN:1216,(anonymous_116)
FN:1226,(anonymous_117)
FN:1236,(anonymous_118)
FN:1249,(anonymous_119)
FN:1259,(anonymous_120)
FN:1269,(anonymous_121)
FN:1279,(anonymous_122)
FN:1289,(anonymous_123)
FN:1299,(anonymous_124)
FN:1310,(anonymous_125)
FN:1321,(anonymous_126)
FN:1332,(anonymous_127)
FN:1342,(anonymous_128)
FN:1352,(anonymous_129)
FN:1362,(anonymous_130)
FN:1372,(anonymous_131)
FN:1382,(anonymous_132)
FN:1392,(anonymous_133)
FN:1402,(anonymous_134)
FN:1412,(anonymous_135)
FN:1422,(anonymous_136)
FN:1432,(anonymous_137)
FN:1442,(anonymous_138)
FN:1456,(anonymous_139)
FN:1466,(anonymous_140)
FN:1476,(anonymous_141)
FN:1486,(anonymous_142)
FN:1499,(anonymous_143)
FN:1509,(anonymous_144)
FN:1519,(anonymous_145)
FN:1529,(anonymous_146)
FN:1539,(anonymous_147)
FN:1549,(anonymous_148)
FN:1559,(anonymous_149)
FN:1569,(anonymous_150)
FN:1582,(anonymous_151)
FN:1604,(anonymous_152)
FN:1605,(anonymous_153)
FN:1606,(anonymous_154)
FN:1618,(anonymous_155)
FN:1619,(anonymous_156)
FN:1621,(anonymous_157)
FN:1630,(anonymous_158)
FN:1631,(anonymous_159)
FN:1632,(anonymous_160)
FN:1643,(anonymous_161)
FN:1644,(anonymous_162)
FN:1646,(anonymous_163)
FN:1647,(anonymous_164)
FN:1648,(anonymous_165)
FN:1649,(anonymous_166)
FN:1650,(anonymous_167)
FN:1661,(anonymous_168)
FN:1662,(anonymous_169)
FN:1666,(anonymous_170)
FN:1667,(anonymous_171)
FN:1668,(anonymous_172)
FN:1669,(anonymous_173)
FN:1670,(anonymous_174)
FN:1680,generateInterpretation
FN:1686,(anonymous_176)
FN:1690,(anonymous_177)
FNF:178
FNH:0
FNDA:0,(anonymous_0)
FNDA:0,(anonymous_1)
FNDA:0,(anonymous_2)
FNDA:0,(anonymous_3)
FNDA:0,(anonymous_4)
FNDA:0,(anonymous_5)
FNDA:0,(anonymous_6)
FNDA:0,(anonymous_7)
FNDA:0,(anonymous_8)
FNDA:0,(anonymous_9)
FNDA:0,(anonymous_10)
FNDA:0,(anonymous_11)
FNDA:0,(anonymous_12)
FNDA:0,(anonymous_13)
FNDA:0,(anonymous_14)
FNDA:0,(anonymous_15)
FNDA:0,(anonymous_16)
FNDA:0,(anonymous_17)
FNDA:0,(anonymous_18)
FNDA:0,(anonymous_19)
FNDA:0,(anonymous_20)
FNDA:0,(anonymous_21)
FNDA:0,(anonymous_22)
FNDA:0,(anonymous_23)
FNDA:0,(anonymous_24)
FNDA:0,(anonymous_25)
FNDA:0,(anonymous_26)
FNDA:0,(anonymous_27)
FNDA:0,(anonymous_28)
FNDA:0,(anonymous_29)
FNDA:0,(anonymous_30)
FNDA:0,(anonymous_31)
FNDA:0,(anonymous_32)
FNDA:0,(anonymous_33)
FNDA:0,(anonymous_34)
FNDA:0,(anonymous_35)
FNDA:0,(anonymous_36)
FNDA:0,(anonymous_37)
FNDA:0,(anonymous_38)
FNDA:0,(anonymous_39)
FNDA:0,(anonymous_40)
FNDA:0,(anonymous_41)
FNDA:0,(anonymous_42)
FNDA:0,(anonymous_43)
FNDA:0,(anonymous_44)
FNDA:0,(anonymous_45)
FNDA:0,(anonymous_46)
FNDA:0,(anonymous_47)
FNDA:0,(anonymous_48)
FNDA:0,(anonymous_49)
FNDA:0,(anonymous_50)
FNDA:0,(anonymous_51)
FNDA:0,(anonymous_52)
FNDA:0,(anonymous_53)
FNDA:0,(anonymous_54)
FNDA:0,(anonymous_55)
FNDA:0,(anonymous_56)
FNDA:0,(anonymous_57)
FNDA:0,(anonymous_58)
FNDA:0,(anonymous_59)
FNDA:0,(anonymous_60)
FNDA:0,(anonymous_61)
FNDA:0,(anonymous_62)
FNDA:0,(anonymous_63)
FNDA:0,(anonymous_64)
FNDA:0,(anonymous_65)
FNDA:0,(anonymous_66)
FNDA:0,(anonymous_67)
FNDA:0,(anonymous_68)
FNDA:0,(anonymous_69)
FNDA:0,(anonymous_70)
FNDA:0,(anonymous_71)
FNDA:0,(anonymous_72)
FNDA:0,(anonymous_73)
FNDA:0,(anonymous_74)
FNDA:0,(anonymous_75)
FNDA:0,(anonymous_76)
FNDA:0,(anonymous_77)
FNDA:0,(anonymous_78)
FNDA:0,(anonymous_79)
FNDA:0,(anonymous_80)
FNDA:0,(anonymous_81)
FNDA:0,(anonymous_82)
FNDA:0,(anonymous_83)
FNDA:0,(anonymous_84)
FNDA:0,(anonymous_85)
FNDA:0,(anonymous_86)
FNDA:0,(anonymous_87)
FNDA:0,(anonymous_88)
FNDA:0,(anonymous_89)
FNDA:0,(anonymous_90)
FNDA:0,(anonymous_91)
FNDA:0,(anonymous_92)
FNDA:0,(anonymous_93)
FNDA:0,(anonymous_94)
FNDA:0,(anonymous_95)
FNDA:0,(anonymous_96)
FNDA:0,(anonymous_97)
FNDA:0,(anonymous_98)
FNDA:0,(anonymous_99)
FNDA:0,(anonymous_100)
FNDA:0,(anonymous_101)
FNDA:0,(anonymous_102)
FNDA:0,(anonymous_103)
FNDA:0,(anonymous_104)
FNDA:0,(anonymous_105)
FNDA:0,(anonymous_106)
FNDA:0,(anonymous_107)
FNDA:0,(anonymous_108)
FNDA:0,(anonymous_109)
FNDA:0,(anonymous_110)
FNDA:0,(anonymous_111)
FNDA:0,(anonymous_112)
FNDA:0,(anonymous_113)
FNDA:0,(anonymous_114)
FNDA:0,(anonymous_115)
FNDA:0,(anonymous_116)
FNDA:0,(anonymous_117)
FNDA:0,(anonymous_118)
FNDA:0,(anonymous_119)
FNDA:0,(anonymous_120)
FNDA:0,(anonymous_121)
FNDA:0,(anonymous_122)
FNDA:0,(anonymous_123)
FNDA:0,(anonymous_124)
FNDA:0,(anonymous_125)
FNDA:0,(anonymous_126)
FNDA:0,(anonymous_127)
FNDA:0,(anonymous_128)
FNDA:0,(anonymous_129)
FNDA:0,(anonymous_130)
FNDA:0,(anonymous_131)
FNDA:0,(anonymous_132)
FNDA:0,(anonymous_133)
FNDA:0,(anonymous_134)
FNDA:0,(anonymous_135)
FNDA:0,(anonymous_136)
FNDA:0,(anonymous_137)
FNDA:0,(anonymous_138)
FNDA:0,(anonymous_139)
FNDA:0,(anonymous_140)
FNDA:0,(anonymous_141)
FNDA:0,(anonymous_142)
FNDA:0,(anonymous_143)
FNDA:0,(anonymous_144)
FNDA:0,(anonymous_145)
FNDA:0,(anonymous_146)
FNDA:0,(anonymous_147)
FNDA:0,(anonymous_148)
FNDA:0,(anonymous_149)
FNDA:0,(anonymous_150)
FNDA:0,(anonymous_151)
FNDA:0,(anonymous_152)
FNDA:0,(anonymous_153)
FNDA:0,(anonymous_154)
FNDA:0,(anonymous_155)
FNDA:0,(anonymous_156)
FNDA:0,(anonymous_157)
FNDA:0,(anonymous_158)
FNDA:0,(anonymous_159)
FNDA:0,(anonymous_160)
FNDA:0,(anonymous_161)
FNDA:0,(anonymous_162)
FNDA:0,(anonymous_163)
FNDA:0,(anonymous_164)
FNDA:0,(anonymous_165)
FNDA:0,(anonymous_166)
FNDA:0,(anonymous_167)
FNDA:0,(anonymous_168)
FNDA:0,(anonymous_169)
FNDA:0,(anonymous_170)
FNDA:0,(anonymous_171)
FNDA:0,(anonymous_172)
FNDA:0,(anonymous_173)
FNDA:0,(anonymous_174)
FNDA:0,generateInterpretation
FNDA:0,(anonymous_176)
FNDA:0,(anonymous_177)
DA:3,0
DA:12,0
DA:13,0
DA:14,0
DA:22,0
DA:23,0
DA:24,0
DA:32,0
DA:33,0
DA:34,0
DA:42,0
DA:43,0
DA:44,0
DA:52,0
DA:53,0
DA:54,0
DA:62,0
DA:63,0
DA:64,0
DA:72,0
DA:73,0
DA:74,0
DA:82,0
DA:83,0
DA:84,0
DA:92,0
DA:93,0
DA:94,0
DA:102,0
DA:103,0
DA:104,0
DA:112,0
DA:113,0
DA:114,0
DA:122,0
DA:123,0
DA:124,0
DA:132,0
DA:133,0
DA:134,0
DA:142,0
DA:143,0
DA:144,0
DA:152,0
DA:153,0
DA:154,0
DA:162,0
DA:163,0
DA:164,0
DA:175,0
DA:176,0
DA:177,0
DA:185,0
DA:186,0
DA:187,0
DA:195,0
DA:196,0
DA:197,0
DA:205,0
DA:206,0
DA:207,0
DA:215,0
DA:216,0
DA:217,0
DA:225,0
DA:226,0
DA:227,0
DA:235,0
DA:236,0
DA:237,0
DA:245,0
DA:246,0
DA:247,0
DA:255,0
DA:256,0
DA:257,0
DA:265,0
DA:266,0
DA:267,0
DA:275,0
DA:276,0
DA:277,0
DA:288,0
DA:289,0
DA:290,0
DA:298,0
DA:299,0
DA:300,0
DA:308,0
DA:309,0
DA:310,0
DA:318,0
DA:319,0
DA:320,0
DA:331,0
DA:332,0
DA:333,0
DA:341,0
DA:342,0
DA:343,0
DA:354,0
DA:355,0
DA:356,0
DA:367,0
DA:368,0
DA:369,0
DA:377,0
DA:378,0
DA:379,0
DA:390,0
DA:391,0
DA:392,0
DA:400,0
DA:401,0
DA:402,0
DA:413,0
DA:414,0
DA:415,0
DA:423,0
DA:424,0
DA:425,0
DA:433,0
DA:434,0
DA:435,0
DA:443,0
DA:444,0
DA:445,0
DA:453,0
DA:454,0
DA:455,0
DA:466,0
DA:467,0
DA:468,0
DA:476,0
DA:477,0
DA:478,0
DA:486,0
DA:487,0
DA:488,0
DA:499,0
DA:500,0
DA:501,0
DA:509,0
DA:510,0
DA:511,0
DA:519,0
DA:520,0
DA:521,0
DA:529,0
DA:530,0
DA:531,0
DA:542,0
DA:543,0
DA:544,0
DA:552,0
DA:553,0
DA:554,0
DA:562,0
DA:563,0
DA:564,0
DA:572,0
DA:573,0
DA:574,0
DA:582,0
DA:583,0
DA:584,0
DA:592,0
DA:593,0
DA:594,0
DA:602,0
DA:603,0
DA:604,0
DA:612,0
DA:613,0
DA:614,0
DA:622,0
DA:623,0
DA:624,0
DA:632,0
DA:633,0
DA:634,0
DA:642,0
DA:643,0
DA:644,0
DA:652,0
DA:653,0
DA:654,0
DA:662,0
DA:663,0
DA:664,0
DA:672,0
DA:673,0
DA:674,0
DA:682,0
DA:683,0
DA:684,0
DA:692,0
DA:693,0
DA:694,0
DA:702,0
DA:703,0
DA:704,0
DA:712,0
DA:713,0
DA:714,0
DA:722,0
DA:723,0
DA:724,0
DA:732,0
DA:733,0
DA:734,0
DA:742,0
DA:743,0
DA:744,0
DA:755,0
DA:756,0
DA:757,0
DA:765,0
DA:766,0
DA:767,0
DA:775,0
DA:776,0
DA:777,0
DA:785,0
DA:786,0
DA:787,0
DA:795,0
DA:796,0
DA:797,0
DA:805,0
DA:806,0
DA:807,0
DA:815,0
DA:816,0
DA:817,0
DA:825,0
DA:826,0
DA:827,0
DA:835,0
DA:836,0
DA:837,0
DA:848,0
DA:849,0
DA:850,0
DA:858,0
DA:859,0
DA:860,0
DA:868,0
DA:869,0
DA:870,0
DA:878,0
DA:879,0
DA:880,0
DA:888,0
DA:889,0
DA:890,0
DA:898,0
DA:899,0
DA:900,0
DA:908,0
DA:909,0
DA:910,0
DA:918,0
DA:919,0
DA:920,0
DA:931,0
DA:932,0
DA:933,0
DA:941,0
DA:942,0
DA:943,0
DA:951,0
DA:952,0
DA:953,0
DA:961,0
DA:962,0
DA:963,0
DA:971,0
DA:972,0
DA:973,0
DA:981,0
DA:982,0
DA:983,0
DA:991,0
DA:992,0
DA:993,0
DA:1004,0
DA:1005,0
DA:1006,0
DA:1014,0
DA:1015,0
DA:1016,0
DA:1024,0
DA:1025,0
DA:1026,0
DA:1034,0
DA:1035,0
DA:1036,0
DA:1047,0
DA:1048,0
DA:1049,0
DA:1057,0
DA:1058,0
DA:1059,0
DA:1067,0
DA:1068,0
DA:1069,0
DA:1077,0
DA:1078,0
DA:1079,0
DA:1087,0
DA:1088,0
DA:1089,0
DA:1097,0
DA:1098,0
DA:1099,0
DA:1107,0
DA:1108,0
DA:1109,0
DA:1117,0
DA:1118,0
DA:1119,0
DA:1127,0
DA:1128,0
DA:1129,0
DA:1137,0
DA:1138,0
DA:1139,0
DA:1147,0
DA:1148,0
DA:1149,0
DA:1157,0
DA:1158,0
DA:1159,0
DA:1167,0
DA:1168,0
DA:1169,0
DA:1177,0
DA:1178,0
DA:1179,0
DA:1187,0
DA:1188,0
DA:1189,0
DA:1197,0
DA:1198,0
DA:1199,0
DA:1207,0
DA:1208,0
DA:1209,0
DA:1217,0
DA:1218,0
DA:1219,0
DA:1227,0
DA:1228,0
DA:1229,0
DA:1237,0
DA:1238,0
DA:1239,0
DA:1250,0
DA:1251,0
DA:1252,0
DA:1260,0
DA:1261,0
DA:1262,0
DA:1270,0
DA:1271,0
DA:1272,0
DA:1280,0
DA:1281,0
DA:1282,0
DA:1290,0
DA:1291,0
DA:1292,0
DA:1300,0
DA:1301,0
DA:1302,0
DA:1303,0
DA:1311,0
DA:1312,0
DA:1313,0
DA:1314,0
DA:1322,0
DA:1323,0
DA:1324,0
DA:1325,0
DA:1333,0
DA:1334,0
DA:1335,0
DA:1343,0
DA:1344,0
DA:1345,0
DA:1353,0
DA:1354,0
DA:1355,0
DA:1363,0
DA:1364,0
DA:1365,0
DA:1373,0
DA:1374,0
DA:1375,0
DA:1383,0
DA:1384,0
DA:1385,0
DA:1393,0
DA:1394,0
DA:1395,0
DA:1403,0
DA:1404,0
DA:1405,0
DA:1413,0
DA:1414,0
DA:1415,0
DA:1423,0
DA:1424,0
DA:1425,0
DA:1433,0
DA:1434,0
DA:1435,0
DA:1443,0
DA:1444,0
DA:1445,0
DA:1446,0
DA:1457,0
DA:1458,0
DA:1459,0
DA:1467,0
DA:1468,0
DA:1469,0
DA:1477,0
DA:1478,0
DA:1479,0
DA:1487,0
DA:1488,0
DA:1489,0
DA:1500,0
DA:1501,0
DA:1502,0
DA:1510,0
DA:1511,0
DA:1512,0
DA:1520,0
DA:1521,0
DA:1522,0
DA:1530,0
DA:1531,0
DA:1532,0
DA:1540,0
DA:1541,0
DA:1542,0
DA:1550,0
DA:1551,0
DA:1552,0
DA:1560,0
DA:1561,0
DA:1562,0
DA:1570,0
DA:1571,0
DA:1572,0
DA:1583,0
DA:1584,0
DA:1585,0
DA:1600,0
DA:1605,0
DA:1606,0
DA:1607,0
DA:1608,0
DA:1609,0
DA:1610,0
DA:1611,0
DA:1612,0
DA:1619,0
DA:1620,0
DA:1621,0
DA:1622,0
DA:1623,0
DA:1624,0
DA:1631,0
DA:1632,0
DA:1633,0
DA:1634,0
DA:1635,0
DA:1636,0
DA:1637,0
DA:1644,0
DA:1645,0
DA:1646,0
DA:1647,0
DA:1648,0
DA:1649,0
DA:1650,0
DA:1651,0
DA:1652,0
DA:1653,0
DA:1654,0
DA:1655,0
DA:1662,0
DA:1663,0
DA:1665,0
DA:1666,0
DA:1667,0
DA:1668,0
DA:1669,0
DA:1670,0
DA:1671,0
DA:1672,0
DA:1673,0
DA:1674,0
DA:1675,0
DA:1681,0
DA:1682,0
DA:1683,0
DA:1684,0
DA:1685,0
DA:1686,0
DA:1687,0
DA:1688,0
DA:1689,0
DA:1690,0
DA:1691,0
DA:1709,0
DA:1710,0
DA:1711,0
DA:1712,0
DA:1714,0
LF:524
LH:0
BRDA:12,0,0,0
BRDA:12,0,1,0
BRDA:13,1,0,0
BRDA:13,1,1,0
BRDA:22,2,0,0
BRDA:22,2,1,0
BRDA:23,3,0,0
BRDA:23,3,1,0
BRDA:32,4,0,0
BRDA:32,4,1,0
BRDA:33,5,0,0
BRDA:33,5,1,0
BRDA:42,6,0,0
BRDA:42,6,1,0
BRDA:43,7,0,0
BRDA:43,7,1,0
BRDA:52,8,0,0
BRDA:52,8,1,0
BRDA:53,9,0,0
BRDA:53,9,1,0
BRDA:62,10,0,0
BRDA:62,10,1,0
BRDA:63,11,0,0
BRDA:63,11,1,0
BRDA:72,12,0,0
BRDA:72,12,1,0
BRDA:73,13,0,0
BRDA:73,13,1,0
BRDA:82,14,0,0
BRDA:82,14,1,0
BRDA:83,15,0,0
BRDA:83,15,1,0
BRDA:92,16,0,0
BRDA:92,16,1,0
BRDA:93,17,0,0
BRDA:93,17,1,0
BRDA:102,18,0,0
BRDA:102,18,1,0
BRDA:103,19,0,0
BRDA:103,19,1,0
BRDA:112,20,0,0
BRDA:112,20,1,0
BRDA:113,21,0,0
BRDA:113,21,1,0
BRDA:122,22,0,0
BRDA:122,22,1,0
BRDA:123,23,0,0
BRDA:123,23,1,0
BRDA:132,24,0,0
BRDA:132,24,1,0
BRDA:133,25,0,0
BRDA:133,25,1,0
BRDA:142,26,0,0
BRDA:142,26,1,0
BRDA:143,27,0,0
BRDA:143,27,1,0
BRDA:152,28,0,0
BRDA:152,28,1,0
BRDA:153,29,0,0
BRDA:153,29,1,0
BRDA:162,30,0,0
BRDA:162,30,1,0
BRDA:163,31,0,0
BRDA:163,31,1,0
BRDA:175,32,0,0
BRDA:175,32,1,0
BRDA:176,33,0,0
BRDA:176,33,1,0
BRDA:185,34,0,0
BRDA:185,34,1,0
BRDA:186,35,0,0
BRDA:186,35,1,0
BRDA:195,36,0,0
BRDA:195,36,1,0
BRDA:196,37,0,0
BRDA:196,37,1,0
BRDA:205,38,0,0
BRDA:205,38,1,0
BRDA:206,39,0,0
BRDA:206,39,1,0
BRDA:215,40,0,0
BRDA:215,40,1,0
BRDA:216,41,0,0
BRDA:216,41,1,0
BRDA:225,42,0,0
BRDA:225,42,1,0
BRDA:226,43,0,0
BRDA:226,43,1,0
BRDA:235,44,0,0
BRDA:235,44,1,0
BRDA:236,45,0,0
BRDA:236,45,1,0
BRDA:245,46,0,0
BRDA:245,46,1,0
BRDA:246,47,0,0
BRDA:246,47,1,0
BRDA:255,48,0,0
BRDA:255,48,1,0
BRDA:256,49,0,0
BRDA:256,49,1,0
BRDA:265,50,0,0
BRDA:265,50,1,0
BRDA:266,51,0,0
BRDA:266,51,1,0
BRDA:275,52,0,0
BRDA:275,52,1,0
BRDA:276,53,0,0
BRDA:276,53,1,0
BRDA:288,54,0,0
BRDA:288,54,1,0
BRDA:289,55,0,0
BRDA:289,55,1,0
BRDA:298,56,0,0
BRDA:298,56,1,0
BRDA:299,57,0,0
BRDA:299,57,1,0
BRDA:308,58,0,0
BRDA:308,58,1,0
BRDA:309,59,0,0
BRDA:309,59,1,0
BRDA:318,60,0,0
BRDA:318,60,1,0
BRDA:319,61,0,0
BRDA:319,61,1,0
BRDA:331,62,0,0
BRDA:331,62,1,0
BRDA:332,63,0,0
BRDA:332,63,1,0
BRDA:341,64,0,0
BRDA:341,64,1,0
BRDA:342,65,0,0
BRDA:342,65,1,0
BRDA:354,66,0,0
BRDA:354,66,1,0
BRDA:355,67,0,0
BRDA:355,67,1,0
BRDA:367,68,0,0
BRDA:367,68,1,0
BRDA:368,69,0,0
BRDA:368,69,1,0
BRDA:377,70,0,0
BRDA:377,70,1,0
BRDA:378,71,0,0
BRDA:378,71,1,0
BRDA:390,72,0,0
BRDA:390,72,1,0
BRDA:391,73,0,0
BRDA:391,73,1,0
BRDA:400,74,0,0
BRDA:400,74,1,0
BRDA:401,75,0,0
BRDA:401,75,1,0
BRDA:413,76,0,0
BRDA:413,76,1,0
BRDA:414,77,0,0
BRDA:414,77,1,0
BRDA:423,78,0,0
BRDA:423,78,1,0
BRDA:424,79,0,0
BRDA:424,79,1,0
BRDA:433,80,0,0
BRDA:433,80,1,0
BRDA:434,81,0,0
BRDA:434,81,1,0
BRDA:443,82,0,0
BRDA:443,82,1,0
BRDA:444,83,0,0
BRDA:444,83,1,0
BRDA:453,84,0,0
BRDA:453,84,1,0
BRDA:454,85,0,0
BRDA:454,85,1,0
BRDA:466,86,0,0
BRDA:466,86,1,0
BRDA:467,87,0,0
BRDA:467,87,1,0
BRDA:476,88,0,0
BRDA:476,88,1,0
BRDA:477,89,0,0
BRDA:477,89,1,0
BRDA:486,90,0,0
BRDA:486,90,1,0
BRDA:487,91,0,0
BRDA:487,91,1,0
BRDA:499,92,0,0
BRDA:499,92,1,0
BRDA:500,93,0,0
BRDA:500,93,1,0
BRDA:509,94,0,0
BRDA:509,94,1,0
BRDA:510,95,0,0
BRDA:510,95,1,0
BRDA:519,96,0,0
BRDA:519,96,1,0
BRDA:520,97,0,0
BRDA:520,97,1,0
BRDA:529,98,0,0
BRDA:529,98,1,0
BRDA:530,99,0,0
BRDA:530,99,1,0
BRDA:542,100,0,0
BRDA:542,100,1,0
BRDA:543,101,0,0
BRDA:543,101,1,0
BRDA:552,102,0,0
BRDA:552,102,1,0
BRDA:553,103,0,0
BRDA:553,103,1,0
BRDA:562,104,0,0
BRDA:562,104,1,0
BRDA:563,105,0,0
BRDA:563,105,1,0
BRDA:572,106,0,0
BRDA:572,106,1,0
BRDA:573,107,0,0
BRDA:573,107,1,0
BRDA:582,108,0,0
BRDA:582,108,1,0
BRDA:583,109,0,0
BRDA:583,109,1,0
BRDA:592,110,0,0
BRDA:592,110,1,0
BRDA:593,111,0,0
BRDA:593,111,1,0
BRDA:602,112,0,0
BRDA:602,112,1,0
BRDA:603,113,0,0
BRDA:603,113,1,0
BRDA:612,114,0,0
BRDA:612,114,1,0
BRDA:613,115,0,0
BRDA:613,115,1,0
BRDA:622,116,0,0
BRDA:622,116,1,0
BRDA:623,117,0,0
BRDA:623,117,1,0
BRDA:632,118,0,0
BRDA:632,118,1,0
BRDA:633,119,0,0
BRDA:633,119,1,0
BRDA:642,120,0,0
BRDA:642,120,1,0
BRDA:643,121,0,0
BRDA:643,121,1,0
BRDA:652,122,0,0
BRDA:652,122,1,0
BRDA:653,123,0,0
BRDA:653,123,1,0
BRDA:662,124,0,0
BRDA:662,124,1,0
BRDA:663,125,0,0
BRDA:663,125,1,0
BRDA:672,126,0,0
BRDA:672,126,1,0
BRDA:673,127,0,0
BRDA:673,127,1,0
BRDA:682,128,0,0
BRDA:682,128,1,0
BRDA:683,129,0,0
BRDA:683,129,1,0
BRDA:692,130,0,0
BRDA:692,130,1,0
BRDA:693,131,0,0
BRDA:693,131,1,0
BRDA:702,132,0,0
BRDA:702,132,1,0
BRDA:703,133,0,0
BRDA:703,133,1,0
BRDA:712,134,0,0
BRDA:712,134,1,0
BRDA:713,135,0,0
BRDA:713,135,1,0
BRDA:722,136,0,0
BRDA:722,136,1,0
BRDA:723,137,0,0
BRDA:723,137,1,0
BRDA:732,138,0,0
BRDA:732,138,1,0
BRDA:733,139,0,0
BRDA:733,139,1,0
BRDA:742,140,0,0
BRDA:742,140,1,0
BRDA:743,141,0,0
BRDA:743,141,1,0
BRDA:755,142,0,0
BRDA:755,142,1,0
BRDA:756,143,0,0
BRDA:756,143,1,0
BRDA:765,144,0,0
BRDA:765,144,1,0
BRDA:766,145,0,0
BRDA:766,145,1,0
BRDA:775,146,0,0
BRDA:775,146,1,0
BRDA:776,147,0,0
BRDA:776,147,1,0
BRDA:785,148,0,0
BRDA:785,148,1,0
BRDA:786,149,0,0
BRDA:786,149,1,0
BRDA:795,150,0,0
BRDA:795,150,1,0
BRDA:796,151,0,0
BRDA:796,151,1,0
BRDA:805,152,0,0
BRDA:805,152,1,0
BRDA:806,153,0,0
BRDA:806,153,1,0
BRDA:815,154,0,0
BRDA:815,154,1,0
BRDA:816,155,0,0
BRDA:816,155,1,0
BRDA:825,156,0,0
BRDA:825,156,1,0
BRDA:826,157,0,0
BRDA:826,157,1,0
BRDA:835,158,0,0
BRDA:835,158,1,0
BRDA:836,159,0,0
BRDA:836,159,1,0
BRDA:848,160,0,0
BRDA:848,160,1,0
BRDA:849,161,0,0
BRDA:849,161,1,0
BRDA:858,162,0,0
BRDA:858,162,1,0
BRDA:859,163,0,0
BRDA:859,163,1,0
BRDA:868,164,0,0
BRDA:868,164,1,0
BRDA:869,165,0,0
BRDA:869,165,1,0
BRDA:878,166,0,0
BRDA:878,166,1,0
BRDA:879,167,0,0
BRDA:879,167,1,0
BRDA:888,168,0,0
BRDA:888,168,1,0
BRDA:889,169,0,0
BRDA:889,169,1,0
BRDA:898,170,0,0
BRDA:898,170,1,0
BRDA:899,171,0,0
BRDA:899,171,1,0
BRDA:908,172,0,0
BRDA:908,172,1,0
BRDA:909,173,0,0
BRDA:909,173,1,0
BRDA:918,174,0,0
BRDA:918,174,1,0
BRDA:919,175,0,0
BRDA:919,175,1,0
BRDA:931,176,0,0
BRDA:931,176,1,0
BRDA:932,177,0,0
BRDA:932,177,1,0
BRDA:941,178,0,0
BRDA:941,178,1,0
BRDA:942,179,0,0
BRDA:942,179,1,0
BRDA:951,180,0,0
BRDA:951,180,1,0
BRDA:952,181,0,0
BRDA:952,181,1,0
BRDA:961,182,0,0
BRDA:961,182,1,0
BRDA:962,183,0,0
BRDA:962,183,1,0
BRDA:971,184,0,0
BRDA:971,184,1,0
BRDA:972,185,0,0
BRDA:972,185,1,0
BRDA:981,186,0,0
BRDA:981,186,1,0
BRDA:982,187,0,0
BRDA:982,187,1,0
BRDA:991,188,0,0
BRDA:991,188,1,0
BRDA:992,189,0,0
BRDA:992,189,1,0
BRDA:1004,190,0,0
BRDA:1004,190,1,0
BRDA:1005,191,0,0
BRDA:1005,191,1,0
BRDA:1014,192,0,0
BRDA:1014,192,1,0
BRDA:1015,193,0,0
BRDA:1015,193,1,0
BRDA:1024,194,0,0
BRDA:1024,194,1,0
BRDA:1025,195,0,0
BRDA:1025,195,1,0
BRDA:1034,196,0,0
BRDA:1034,196,1,0
BRDA:1035,197,0,0
BRDA:1035,197,1,0
BRDA:1047,198,0,0
BRDA:1047,198,1,0
BRDA:1048,199,0,0
BRDA:1048,199,1,0
BRDA:1057,200,0,0
BRDA:1057,200,1,0
BRDA:1058,201,0,0
BRDA:1058,201,1,0
BRDA:1067,202,0,0
BRDA:1067,202,1,0
BRDA:1068,203,0,0
BRDA:1068,203,1,0
BRDA:1077,204,0,0
BRDA:1077,204,1,0
BRDA:1078,205,0,0
BRDA:1078,205,1,0
BRDA:1087,206,0,0
BRDA:1087,206,1,0
BRDA:1088,207,0,0
BRDA:1088,207,1,0
BRDA:1097,208,0,0
BRDA:1097,208,1,0
BRDA:1098,209,0,0
BRDA:1098,209,1,0
BRDA:1107,210,0,0
BRDA:1107,210,1,0
BRDA:1108,211,0,0
BRDA:1108,211,1,0
BRDA:1117,212,0,0
BRDA:1117,212,1,0
BRDA:1118,213,0,0
BRDA:1118,213,1,0
BRDA:1127,214,0,0
BRDA:1127,214,1,0
BRDA:1128,215,0,0
BRDA:1128,215,1,0
BRDA:1137,216,0,0
BRDA:1137,216,1,0
BRDA:1138,217,0,0
BRDA:1138,217,1,0
BRDA:1147,218,0,0
BRDA:1147,218,1,0
BRDA:1148,219,0,0
BRDA:1148,219,1,0
BRDA:1157,220,0,0
BRDA:1157,220,1,0
BRDA:1158,221,0,0
BRDA:1158,221,1,0
BRDA:1167,222,0,0
BRDA:1167,222,1,0
BRDA:1168,223,0,0
BRDA:1168,223,1,0
BRDA:1177,224,0,0
BRDA:1177,224,1,0
BRDA:1178,225,0,0
BRDA:1178,225,1,0
BRDA:1187,226,0,0
BRDA:1187,226,1,0
BRDA:1188,227,0,0
BRDA:1188,227,1,0
BRDA:1197,228,0,0
BRDA:1197,228,1,0
BRDA:1198,229,0,0
BRDA:1198,229,1,0
BRDA:1207,230,0,0
BRDA:1207,230,1,0
BRDA:1208,231,0,0
BRDA:1208,231,1,0
BRDA:1217,232,0,0
BRDA:1217,232,1,0
BRDA:1218,233,0,0
BRDA:1218,233,1,0
BRDA:1227,234,0,0
BRDA:1227,234,1,0
BRDA:1228,235,0,0
BRDA:1228,235,1,0
BRDA:1237,236,0,0
BRDA:1237,236,1,0
BRDA:1238,237,0,0
BRDA:1238,237,1,0
BRDA:1250,238,0,0
BRDA:1250,238,1,0
BRDA:1251,239,0,0
BRDA:1251,239,1,0
BRDA:1260,240,0,0
BRDA:1260,240,1,0
BRDA:1261,241,0,0
BRDA:1261,241,1,0
BRDA:1270,242,0,0
BRDA:1270,242,1,0
BRDA:1271,243,0,0
BRDA:1271,243,1,0
BRDA:1280,244,0,0
BRDA:1280,244,1,0
BRDA:1281,245,0,0
BRDA:1281,245,1,0
BRDA:1290,246,0,0
BRDA:1290,246,1,0
BRDA:1291,247,0,0
BRDA:1291,247,1,0
BRDA:1300,248,0,0
BRDA:1300,248,1,0
BRDA:1301,249,0,0
BRDA:1301,249,1,0
BRDA:1302,250,0,0
BRDA:1302,250,1,0
BRDA:1311,251,0,0
BRDA:1311,251,1,0
BRDA:1312,252,0,0
BRDA:1312,252,1,0
BRDA:1313,253,0,0
BRDA:1313,253,1,0
BRDA:1322,254,0,0
BRDA:1322,254,1,0
BRDA:1323,255,0,0
BRDA:1323,255,1,0
BRDA:1324,256,0,0
BRDA:1324,256,1,0
BRDA:1333,257,0,0
BRDA:1333,257,1,0
BRDA:1334,258,0,0
BRDA:1334,258,1,0
BRDA:1343,259,0,0
BRDA:1343,259,1,0
BRDA:1344,260,0,0
BRDA:1344,260,1,0
BRDA:1353,261,0,0
BRDA:1353,261,1,0
BRDA:1354,262,0,0
BRDA:1354,262,1,0
BRDA:1363,263,0,0
BRDA:1363,263,1,0
BRDA:1364,264,0,0
BRDA:1364,264,1,0
BRDA:1373,265,0,0
BRDA:1373,265,1,0
BRDA:1374,266,0,0
BRDA:1374,266,1,0
BRDA:1383,267,0,0
BRDA:1383,267,1,0
BRDA:1384,268,0,0
BRDA:1384,268,1,0
BRDA:1393,269,0,0
BRDA:1393,269,1,0
BRDA:1394,270,0,0
BRDA:1394,270,1,0
BRDA:1403,271,0,0
BRDA:1403,271,1,0
BRDA:1404,272,0,0
BRDA:1404,272,1,0
BRDA:1413,273,0,0
BRDA:1413,273,1,0
BRDA:1414,274,0,0
BRDA:1414,274,1,0
BRDA:1423,275,0,0
BRDA:1423,275,1,0
BRDA:1424,276,0,0
BRDA:1424,276,1,0
BRDA:1433,277,0,0
BRDA:1433,277,1,0
BRDA:1434,278,0,0
BRDA:1434,278,1,0
BRDA:1443,279,0,0
BRDA:1443,279,1,0
BRDA:1444,280,0,0
BRDA:1444,280,1,0
BRDA:1445,281,0,0
BRDA:1445,281,1,0
BRDA:1457,282,0,0
BRDA:1457,282,1,0
BRDA:1458,283,0,0
BRDA:1458,283,1,0
BRDA:1467,284,0,0
BRDA:1467,284,1,0
BRDA:1468,285,0,0
BRDA:1468,285,1,0
BRDA:1477,286,0,0
BRDA:1477,286,1,0
BRDA:1478,287,0,0
BRDA:1478,287,1,0
BRDA:1487,288,0,0
BRDA:1487,288,1,0
BRDA:1488,289,0,0
BRDA:1488,289,1,0
BRDA:1500,290,0,0
BRDA:1500,290,1,0
BRDA:1501,291,0,0
BRDA:1501,291,1,0
BRDA:1510,292,0,0
BRDA:1510,292,1,0
BRDA:1511,293,0,0
BRDA:1511,293,1,0
BRDA:1520,294,0,0
BRDA:1520,294,1,0
BRDA:1521,295,0,0
BRDA:1521,295,1,0
BRDA:1530,296,0,0
BRDA:1530,296,1,0
BRDA:1531,297,0,0
BRDA:1531,297,1,0
BRDA:1540,298,0,0
BRDA:1540,298,1,0
BRDA:1541,299,0,0
BRDA:1541,299,1,0
BRDA:1550,300,0,0
BRDA:1550,300,1,0
BRDA:1551,301,0,0
BRDA:1551,301,1,0
BRDA:1560,302,0,0
BRDA:1560,302,1,0
BRDA:1561,303,0,0
BRDA:1561,303,1,0
BRDA:1570,304,0,0
BRDA:1570,304,1,0
BRDA:1571,305,0,0
BRDA:1571,305,1,0
BRDA:1583,306,0,0
BRDA:1583,306,1,0
BRDA:1584,307,0,0
BRDA:1584,307,1,0
BRDA:1607,308,0,0
[...]
BRDA:12,4,0,0
BRDA:12,4,1,0
BRDA:27,5,0,0
BRDA:27,5,1,0
BRDA:30,6,0,0
BRDA:30,6,1,0
BRDA:31,7,0,0
BRDA:31,7,1,0
BRDA:32,8,0,0
BRDA:32,8,1,0
BRDA:32,9,0,0
BRDA:32,9,1,0
BRDA:32,10,0,0
BRDA:32,10,1,0
BRDA:76,11,0,0
BRDA:76,11,1,0
BRDA:80,12,0,0
BRDA:80,12,1,0
BRDA:80,13,0,0
BRDA:80,13,1,0
BRDA:84,14,0,0
BRDA:84,14,1,0
BRDA:88,15,0,0
BRDA:88,15,1,0
BRDA:114,16,0,0
BRDA:114,16,1,0
BRDA:118,17,0,0
BRDA:118,17,1,0
BRDA:168,18,0,0
BRDA:168,18,1,0
BRDA:171,19,0,0
BRDA:171,19,1,0
BRDA:172,20,0,0
BRDA:172,20,1,0
BRDA:174,21,0,0
BRDA:174,21,1,0
BRDA:174,22,0,0
BRDA:174,22,1,0
BRDA:174,23,0,0
BRDA:174,23,1,0
BRDA:215,24,0,0
BRDA:215,24,1,0
BRDA:216,25,0,0
BRDA:216,25,1,0
BRDA:221,26,0,0
BRDA:221,26,1,0
BRDA:221,27,0,0
BRDA:221,27,1,0
BRDA:221,28,0,0
BRDA:221,28,1,0
BRDA:221,29,0,0
BRDA:221,29,1,0
BRDA:266,30,0,0
BRDA:266,30,1,0
BRDA:268,31,0,0
BRDA:268,31,1,0
BRDA:287,32,0,0
BRDA:287,32,1,0
BRDA:287,32,2,0
BRDA:287,32,3,0
BRDA:289,33,0,0
BRDA:289,33,1,0
BRDA:297,34,0,0
BRDA:297,34,1,0
BRDA:302,35,0,0
BRDA:302,35,1,0
BRDA:306,36,0,0
BRDA:306,36,1,0
BRDA:317,37,0,0
BRDA:317,37,1,0
BRDA:372,38,0,0
BRDA:372,38,1,0
BRDA:372,38,2,0
BRDA:372,38,3,0
BRDA:374,39,0,0
BRDA:374,39,1,0
BRDA:377,40,0,0
BRDA:377,40,1,0
BRDA:384,41,0,0
BRDA:384,41,1,0
BRDA:411,42,0,0
BRDA:411,42,1,0
BRDA:412,43,0,0
BRDA:412,43,1,0
BRDA:419,44,0,0
BRDA:419,44,1,0
BRDA:419,45,0,0
BRDA:419,45,1,0
BRDA:453,46,0,0
BRDA:453,46,1,0
BRDA:453,46,2,0
BRDA:455,47,0,0
BRDA:455,47,1,0
BRDA:501,48,0,0
BRDA:501,48,1,0
BRDA:503,49,0,0
BRDA:503,49,1,0
BRDA:506,50,0,0
BRDA:506,50,1,0
BRDA:515,51,0,0
BRDA:515,51,1,0
BRDA:582,52,0,0
BRDA:582,52,1,0
BRDA:584,53,0,0
BRDA:584,53,1,0
BRDA:589,54,0,0
BRDA:589,54,1,0
BRDA:592,55,0,0
BRDA:592,55,1,0
BRDA:621,56,0,0
BRDA:621,56,1,0
BRDA:622,57,0,0
BRDA:622,57,1,0
BRDA:643,58,0,0
BRDA:643,58,1,0
BRDA:645,59,0,0
BRDA:645,59,1,0
BRDA:646,60,0,0
BRDA:646,60,1,0
BRDA:647,61,0,0
BRDA:647,61,1,0
BRDA:650,62,0,0
BRDA:650,62,1,0
BRDA:655,63,0,0
BRDA:655,63,1,0
BRDA:656,64,0,0
BRDA:656,64,1,0
BRDA:657,65,0,0
BRDA:657,65,1,0
BRDA:712,66,0,0
BRDA:712,66,1,0
BRDA:715,67,0,0
BRDA:715,67,1,0
BRDA:715,67,2,0
BRDA:715,67,3,0
BRDA:715,67,4,0
BRDA:715,67,5,0
BRDA:715,67,6,0
BRDA:715,67,7,0
BRDA:715,67,8,0
BRDA:718,68,0,0
BRDA:718,68,1,0
BRDA:719,69,0,0
BRDA:719,69,1,0
BRDA:723,70,0,0
BRDA:723,70,1,0
BRDA:726,71,0,0
BRDA:726,71,1,0
BRDA:726,72,0,0
BRDA:726,72,1,0
BRDA:726,73,0,0
BRDA:726,73,1,0
BRDA:759,74,0,0
BRDA:759,74,1,0
BRDA:760,75,0,0
BRDA:760,75,1,0
BRDA:761,76,0,0
BRDA:761,76,1,0
BRDA:764,77,0,0
BRDA:764,77,1,0
BRDA:764,77,2,0
BRDA:764,77,3,0
BRDA:764,77,4,0
BRDA:764,77,5,0
BRDA:764,77,6,0
BRDA:764,77,7,0
BRDA:764,77,8,0
BRDA:767,78,0,0
BRDA:767,78,1,0
BRDA:772,79,0,0
BRDA:772,79,1,0
BRDA:823,80,0,0
BRDA:823,80,1,0
BRDA:825,81,0,0
BRDA:825,81,1,0
BRDA:828,82,0,0
BRDA:828,82,1,0
BRDA:830,83,0,0
BRDA:830,83,1,0
BRDA:830,84,0,0
BRDA:830,84,1,0
BRDA:833,85,0,0
BRDA:833,85,1,0
BRDA:834,86,0,0
BRDA:834,86,1,0
BRDA:838,87,0,0
BRDA:838,87,1,0
BRDA:838,88,0,0
BRDA:838,88,1,0
BRDA:840,89,0,0
BRDA:840,89,1,0
BRDA:845,90,0,0
BRDA:845,90,1,0
BRDA:870,91,0,0
BRDA:870,91,1,0
BRDA:871,92,0,0
BRDA:871,92,1,0
BRDA:876,93,0,0
BRDA:876,93,1,0
BRDA:882,94,0,0
BRDA:882,94,1,0
BRDA:916,95,0,0
BRDA:916,95,1,0
BRDA:917,96,0,0
BRDA:917,96,1,0
BRDA:936,97,0,0
BRDA:936,97,1,0
BRDA:938,98,0,0
BRDA:938,98,1,0
BRDA:939,99,0,0
BRDA:939,99,1,0
BRDA:940,100,0,0
BRDA:940,100,1,0
BRDA:944,101,0,0
BRDA:944,101,1,0
BRDA:947,102,0,0
BRDA:947,102,1,0
BRDA:950,103,0,0
BRDA:950,103,1,0
BRDA:951,104,0,0
BRDA:951,104,1,0
BRDA:953,105,0,0
BRDA:953,105,1,0
BRDA:966,106,0,0
BRDA:966,106,1,0
BRDA:967,107,0,0
BRDA:967,107,1,0
BRDA:969,108,0,0
BRDA:969,108,1,0
BRDA:970,109,0,0
BRDA:970,109,1,0
BRDA:1012,110,0,0
BRDA:1012,110,1,0
BRDA:1013,111,0,0
BRDA:1013,111,1,0
BRDA:1016,112,0,0
BRDA:1016,112,1,0
BRDA:1017,113,0,0
BRDA:1017,113,1,0
BRDA:1017,114,0,0
BRDA:1017,114,1,0
BRDA:1023,115,0,0
BRDA:1023,115,1,0
BRDA:1025,116,0,0
BRDA:1025,116,1,0
BRDA:1026,117,0,0
BRDA:1026,117,1,0
BRDA:1027,118,0,0
BRDA:1027,118,1,0
BRDA:1029,119,0,0
BRDA:1029,119,1,0
BRDA:1064,120,0,0
BRDA:1064,120,1,0
BRDA:1065,121,0,0
BRDA:1065,121,1,0
BRDA:1067,122,0,0
BRDA:1067,122,1,0
BRDA:1075,123,0,0
BRDA:1075,123,1,0
BRDA:1076,124,0,0
BRDA:1076,124,1,0
BRDA:1080,125,0,0
BRDA:1080,125,1,0
BRDA:1084,126,0,0
BRDA:1084,126,1,0
BRDA:1113,127,0,0
BRDA:1113,127,1,0
BRDA:1113,128,0,0
BRDA:1113,128,1,0
BRDA:1113,129,0,0
BRDA:1113,129,1,0
BRDA:1138,130,0,0
BRDA:1138,130,1,0
BRDA:1138,131,0,0
BRDA:1138,131,1,0
BRDA:1145,132,0,0
BRDA:1145,132,1,0
BRDA:1147,133,0,0
BRDA:1147,133,1,0
BRDA:1150,134,0,0
BRDA:1150,134,1,0
BRDA:1171,135,0,0
BRDA:1171,135,1,0
BRDA:1171,136,0,0
BRDA:1171,136,1,0
BRDA:1171,136,2,0
BRDA:1175,137,0,0
BRDA:1175,137,1,0
BRDA:1178,138,0,0
BRDA:1178,138,1,0
BRDA:1178,139,0,0
BRDA:1178,139,1,0
BRDA:1182,140,0,0
BRDA:1182,140,1,0
BRDA:1196,141,0,0
BRDA:1196,141,1,0
BRDA:1202,142,0,0
BRDA:1202,142,1,0
BRDA:1209,143,0,0
BRDA:1209,143,1,0
BRDA:1214,144,0,0
BRDA:1214,144,1,0
BRDA:1262,145,0,0
BRDA:1262,145,1,0
BRDA:1266,146,0,0
BRDA:1266,146,1,0
BRDA:1266,147,0,0
BRDA:1266,147,1,0
BRDA:1266,147,2,0
BRDA:1269,148,0,0
BRDA:1269,148,1,0
BRDA:1269,149,0,0
BRDA:1269,149,1,0
BRDA:1270,150,0,0
BRDA:1270,150,1,0
BRDA:1272,151,0,0
BRDA:1272,151,1,0
BRDA:1299,152,0,0
BRDA:1299,152,1,0
BRDA:1306,153,0,0
BRDA:1306,153,1,0
BRDA:1316,154,0,0
BRDA:1316,154,1,0
BRDA:1330,155,0,0
BRDA:1330,155,1,0
BRDA:1330,156,0,0
BRDA:1330,156,1,0
BRDA:1352,157,0,0
BRDA:1352,157,1,0
BRDA:1352,158,0,0
BRDA:1352,158,1,0
BRDA:1352,159,0,0
BRDA:1352,159,1,0
BRDA:1365,160,0,0
BRDA:1365,160,1,0
BRDA:1366,161,0,0
BRDA:1366,161,1,0
BRDA:1379,162,0,0
BRDA:1379,162,1,0
BRDA:1385,163,0,0
BRDA:1385,163,1,0
BRDA:1408,164,0,0
BRDA:1408,164,1,0
BRDA:1411,165,0,0
BRDA:1411,165,1,0
BRDA:1412,166,0,0
BRDA:1412,166,1,0
BRDA:1413,167,0,0
BRDA:1413,167,1,0
BRDA:1426,168,0,0
BRDA:1426,168,1,0
BRDA:1450,169,0,0
BRDA:1450,169,1,0
BRDA:1507,170,0,0
BRDA:1507,170,1,0
BRDA:1508,171,0,0
BRDA:1508,171,1,0
BRDA:1512,172,0,0
BRDA:1512,172,1,0
BRF:367
BRH:0
end_of_record
TN:
SF:src\research\moduleChartsUtils.jsx
FN:4,safeNum
FN:9,safeRange
FN:37,ChartCard
FN:47,wrapLabel
FN:72,SvgLabel
FN:77,(anonymous_5)
FN:85,HGrid
FN:88,(anonymous_7)
FN:110,VGrid
FN:113,(anonymous_9)
FN:136,XAxisTitle
FN:145,YAxisTitle
FN:155,ChartLegend
FN:159,(anonymous_13)
FN:176,RefLine
FNF:15
FNH:0
FNDA:0,safeNum
FNDA:0,safeRange
FNDA:0,ChartCard
FNDA:0,wrapLabel
FNDA:0,SvgLabel
FNDA:0,(anonymous_5)
FNDA:0,HGrid
FNDA:0,(anonymous_7)
FNDA:0,VGrid
FNDA:0,(anonymous_9)
FNDA:0,XAxisTitle
FNDA:0,YAxisTitle
FNDA:0,ChartLegend
FNDA:0,(anonymous_13)
FNDA:0,RefLine
DA:5,0
DA:10,0
DA:11,0
DA:17,0
DA:28,0
DA:31,0
DA:38,0
DA:48,0
DA:49,0
DA:50,0
DA:51,0
DA:52,0
DA:53,0
DA:54,0
DA:55,0
DA:57,0
DA:58,0
DA:61,0
DA:62,0
DA:64,0
DA:65,0
DA:66,0
DA:68,0
DA:73,0
DA:74,0
DA:78,0
DA:86,0
DA:89,0
DA:90,0
DA:91,0
DA:111,0
DA:114,0
DA:115,0
DA:116,0
DA:137,0
DA:146,0
DA:156,0
DA:157,0
DA:160,0
DA:161,0
DA:162,0
DA:177,0
LF:42
LH:0
BRDA:4,0,0,0
BRDA:5,1,0,0
BRDA:5,1,1,0
BRDA:5,2,0,0
BRDA:5,2,1,0
BRDA:11,3,0,0
BRDA:11,3,1,0
BRDA:11,4,0,0
BRDA:11,4,1,0
BRDA:37,5,0,0
BRDA:39,6,0,0
BRDA:39,6,1,0
BRDA:47,7,0,0
BRDA:48,8,0,0
BRDA:48,8,1,0
BRDA:48,9,0,0
BRDA:48,9,1,0
BRDA:48,10,0,0
BRDA:48,10,1,0
BRDA:50,11,0,0
BRDA:50,11,1,0
BRDA:54,12,0,0
BRDA:54,12,1,0
BRDA:57,13,0,0
BRDA:57,13,1,0
BRDA:61,14,0,0
BRDA:61,14,1,0
BRDA:62,15,0,0
BRDA:62,15,1,0
BRDA:72,16,0,0
BRDA:72,17,0,0
BRDA:72,18,0,0
BRDA:73,19,0,0
BRDA:73,19,1,0
BRDA:78,20,0,0
BRDA:78,20,1,0
BRDA:85,21,0,0
BRDA:90,22,0,0
BRDA:90,22,1,0
BRDA:90,23,0,0
BRDA:90,23,1,0
BRDA:90,23,2,0
BRDA:95,24,0,0
BRDA:95,24,1,0
BRDA:100,25,0,0
BRDA:100,25,1,0
BRDA:110,26,0,0
BRDA:115,27,0,0
BRDA:115,27,1,0
BRDA:115,28,0,0
BRDA:115,28,1,0
BRDA:115,28,2,0
BRDA:120,29,0,0
BRDA:120,29,1,0
BRDA:125,30,0,0
BRDA:125,30,1,0
BRDA:155,31,0,0
BRDA:155,32,0,0
BRDA:160,33,0,0
BRDA:160,33,1,0
BRDA:161,34,0,0
BRDA:161,34,1,0
BRDA:176,35,0,0
BRDA:180,36,0,0
BRDA:180,36,1,0
BRDA:180,36,2,0
BRF:66
BRH:0
end_of_record
TN:
SF:src\research\reliability.js
FN:4,fCritical
FN:15,stdNormalCdf
FN:25,fPval
FN:32,simpleRegression
FN:35,(anonymous_4)
FN:36,(anonymous_5)
FN:54,iccShroutFleiss
FN:55,(anonymous_7)
FN:56,(anonymous_8)
FN:60,(anonymous_9)
FN:61,(anonymous_10)
FN:62,(anonymous_11)
FN:67,(anonymous_12)
FN:68,(anonymous_13)
FN:70,(anonymous_14)
FN:71,(anonymous_15)
FN:72,(anonymous_16)
FN:74,(anonymous_17)
FN:75,(anonymous_18)
FN:75,(anonymous_19)
FN:76,(anonymous_20)
FN:127,runBlandAltman
FN:134,(anonymous_22)
FN:137,(anonymous_23)
FN:138,(anonymous_24)
FN:141,(anonymous_25)
FN:142,(anonymous_26)
FN:156,(anonymous_27)
FN:161,runDahlbergSEM
FN:168,(anonymous_29)
FN:181,(anonymous_30)
FN:190,collectLandmarkCoords
FN:208,runLandmarkErrorMap
FN:218,(anonymous_33)
FN:219,(anonymous_34)
FN:220,(anonymous_35)
FN:221,(anonymous_36)
FN:223,(anonymous_37)
FN:227,(anonymous_38)
FN:228,(anonymous_39)
FN:229,(anonymous_40)
FN:256,runReliabilityAll
FN:321,(anonymous_42)
FN:326,(anonymous_43)
FN:327,(anonymous_44)
FNF:45
FNH:45
FNDA:4,fCritical
FNDA:3,stdNormalCdf
FNDA:2,fPval
FNDA:2,simpleRegression
FNDA:8,(anonymous_4)
FNDA:8,(anonymous_5)
FNDA:2,iccShroutFleiss
FNDA:16,(anonymous_7)
FNDA:16,(anonymous_8)
FNDA:4,(anonymous_9)
FNDA:8,(anonymous_10)
FNDA:32,(anonymous_11)
FNDA:8,(anonymous_12)
FNDA:8,(anonymous_13)
FNDA:4,(anonymous_14)
FNDA:8,(anonymous_15)
FNDA:8,(anonymous_16)
FNDA:4,(anonymous_17)
FNDA:8,(anonymous_18)
FNDA:8,(anonymous_19)
FNDA:8,(anonymous_20)
FNDA:2,runBlandAltman
FNDA:8,(anonymous_22)
FNDA:8,(anonymous_23)
FNDA:8,(anonymous_24)
FNDA:8,(anonymous_25)
FNDA:8,(anonymous_26)
FNDA:8,(anonymous_27)
FNDA:2,runDahlbergSEM
FNDA:8,(anonymous_29)
FNDA:16,(anonymous_30)
FNDA:2,collectLandmarkCoords
FNDA:2,runLandmarkErrorMap
FNDA:8,(anonymous_33)
FNDA:8,(anonymous_34)
FNDA:8,(anonymous_35)
FNDA:8,(anonymous_36)
FNDA:8,(anonymous_37)
FNDA:8,(anonymous_38)
FNDA:8,(anonymous_39)
FNDA:8,(anonymous_40)
FNDA:3,runReliabilityAll
FNDA:16,(anonymous_42)
FNDA:16,(anonymous_43)
FNDA:16,(anonymous_44)
DA:5,4
DA:6,4
DA:7,4
DA:8,4
DA:9,4
DA:10,4
DA:11,4
DA:12,0
DA:16,3
DA:17,3
DA:18,3
DA:19,3
DA:20,3
DA:21,3
DA:22,3
DA:26,2
DA:27,1
DA:29,1
DA:33,2
DA:34,2
DA:35,8
DA:36,8
DA:37,2
DA:38,2
DA:39,8
DA:40,8
DA:41,8
DA:42,8
DA:44,2
DA:45,2
DA:46,2
DA:47,2
DA:48,2
DA:49,2
DA:50,2
DA:55,16
DA:56,16
DA:57,2
DA:58,2
DA:60,2
DA:61,4
DA:62,32
DA:63,8
DA:67,8
DA:68,8
DA:70,2
DA:71,8
DA:72,8
DA:74,2
DA:75,8
DA:76,8
DA:79,2
DA:81,2
DA:82,2
DA:83,4
DA:84,4
DA:85,8
DA:86,8
DA:87,8
DA:88,8
DA:91,2
DA:92,4
DA:95,2
DA:96,2
DA:97,2
DA:98,2
DA:101,2
DA:102,0
DA:103,0
DA:104,2
DA:105,2
DA:109,0
DA:111,2
DA:113,2
DA:114,2
DA:115,2
DA:116,2
DA:117,2
DA:118,2
DA:119,2
DA:121,2
DA:123,2
DA:128,2
DA:129,2
DA:130,16
DA:131,16
DA:132,16
DA:134,8
DA:135,2
DA:137,8
DA:138,8
DA:139,2
DA:141,8
DA:142,8
DA:143,2
DA:144,2
DA:146,2
DA:148,2
DA:156,8
DA:162,2
DA:163,2
DA:164,16
DA:165,16
DA:166,16
DA:168,8
DA:169,2
DA:171,2
DA:172,2
DA:173,2
DA:174,8
DA:175,8
DA:176,8
DA:177,8
DA:180,2
DA:181,16
DA:182,2
DA:183,2
DA:184,2
DA:186,2
DA:191,2
DA:192,2
DA:193,8
DA:194,8
DA:195,8
DA:196,8
DA:197,8
DA:198,8
DA:199,8
DA:200,8
DA:201,8
DA:205,2
DA:209,2
DA:210,2
DA:211,8
DA:212,8
DA:215,2
DA:216,2
DA:217,2
DA:218,8
DA:219,8
DA:220,8
DA:221,8
DA:222,2
DA:223,8
DA:226,2
DA:227,8
DA:228,8
DA:229,8
DA:231,2
DA:232,2
DA:233,2
DA:234,2
DA:235,2
DA:236,2
DA:238,2
DA:252,2
DA:257,3
DA:258,3
DA:259,1
DA:263,2
DA:264,2
DA:265,4
DA:266,8
DA:271,2
DA:272,2
DA:273,8
DA:274,8
DA:275,8
DA:276,8
DA:277,8
DA:278,8
DA:279,8
DA:280,8
DA:281,8
DA:282,8
DA:283,8
DA:284,8
DA:285,8
DA:286,16
DA:287,16
DA:303,2
DA:304,0
DA:308,2
DA:309,2
DA:310,16
DA:311,16
DA:314,2
DA:315,2
DA:317,2
DA:318,2
DA:321,16
DA:326,16
DA:327,16
DA:328,2
DA:330,2
DA:331,0
DA:332,0
DA:335,2
DA:336,2
DA:337,2
DA:339,2
DA:356,2
DA:357,2
DA:359,2
LF:204
LH:197
BRDA:5,0,0,0
BRDA:5,0,1,4
BRDA:5,1,0,4
BRDA:5,1,1,4
BRDA:6,2,0,0
BRDA:6,2,1,4
BRDA:6,3,0,4
BRDA:6,3,1,0
BRDA:6,4,0,0
BRDA:6,4,1,0
BRDA:11,5,0,4
BRDA:11,5,1,0
BRDA:16,6,0,0
BRDA:16,6,1,3
BRDA:17,7,0,0
BRDA:17,7,1,3
BRDA:22,8,0,1
BRDA:22,8,1,2
BRDA:26,9,0,1
BRDA:26,9,1,1
BRDA:26,10,0,2
BRDA:26,10,1,1
BRDA:26,10,2,1
BRDA:34,11,0,0
BRDA:34,11,1,2
BRDA:44,12,0,2
BRDA:44,12,1,0
BRDA:46,13,0,1
BRDA:46,13,1,1
BRDA:47,14,0,2
BRDA:47,14,1,0
BRDA:48,15,0,0
BRDA:48,15,1,2
BRDA:48,16,0,2
BRDA:48,16,1,0
BRDA:49,17,0,2
BRDA:49,17,1,0
BRDA:58,18,0,0
BRDA:58,18,1,2
BRDA:62,19,0,32
BRDA:62,19,1,16
BRDA:63,20,0,8
BRDA:63,20,1,0
BRDA:79,21,0,0
BRDA:79,21,1,2
BRDA:86,22,0,0
BRDA:86,22,1,8
BRDA:98,23,0,2
BRDA:98,23,1,0
BRDA:101,24,0,0
BRDA:101,24,1,2
BRDA:103,25,0,0
BRDA:103,25,1,0
BRDA:104,26,0,2
BRDA:104,26,1,0
BRDA:105,27,0,1
BRDA:105,27,1,1
BRDA:109,28,0,0
BRDA:109,28,1,0
BRDA:113,29,0,1
BRDA:113,29,1,1
BRDA:116,30,0,1
BRDA:116,30,1,1
BRDA:131,31,0,8
BRDA:131,31,1,8
BRDA:132,32,0,16
BRDA:132,32,1,0
BRDA:135,33,0,0
BRDA:135,33,1,2
BRDA:165,34,0,8
BRDA:165,34,1,8
BRDA:166,35,0,16
BRDA:166,35,1,0
BRDA:169,36,0,0
BRDA:169,36,1,2
BRDA:182,37,0,2
BRDA:182,37,1,0
BRDA:193,38,0,0
BRDA:193,38,1,8
BRDA:194,39,0,8
BRDA:194,39,1,0
BRDA:196,40,0,0
BRDA:196,40,1,8
BRDA:197,41,0,0
BRDA:197,41,1,8
BRDA:197,42,0,8
BRDA:197,42,1,8
BRDA:198,43,0,0
BRDA:198,43,1,8
BRDA:198,44,0,8
BRDA:198,44,1,8
BRDA:198,44,2,8
BRDA:198,44,3,8
BRDA:199,45,0,0
BRDA:199,45,1,8
BRDA:199,46,0,8
BRDA:199,46,1,8
BRDA:200,47,0,8
BRDA:200,47,1,0
BRDA:211,48,0,2
BRDA:211,48,1,6
BRDA:217,49,0,0
BRDA:217,49,1,2
BRDA:236,50,0,1
BRDA:236,50,1,1
BRDA:258,51,0,1
BRDA:258,51,1,2
BRDA:258,52,0,3
BRDA:258,52,1,3
BRDA:265,53,0,4
BRDA:265,53,1,0
BRDA:273,54,0,0
BRDA:273,54,1,8
BRDA:275,55,0,0
BRDA:275,55,1,8
BRDA:276,56,0,8
BRDA:276,56,1,0
BRDA:277,57,0,8
BRDA:277,57,1,0
BRDA:277,58,0,0
BRDA:277,58,1,0
BRDA:279,59,0,0
BRDA:279,59,1,8
BRDA:280,60,0,0
BRDA:280,60,1,8
BRDA:280,61,0,8
BRDA:280,61,1,8
BRDA:281,62,0,0
BRDA:281,62,1,8
BRDA:281,63,0,8
BRDA:281,63,1,8
BRDA:282,64,0,0
BRDA:282,64,1,8
BRDA:282,65,0,8
BRDA:282,65,1,8
BRDA:286,66,0,0
BRDA:286,66,1,16
BRDA:286,67,0,16
BRDA:286,67,1,16
BRDA:296,68,0,0
BRDA:296,68,1,16
BRDA:296,69,0,16
BRDA:296,69,1,16
BRDA:303,70,0,0
BRDA:303,70,1,2
BRDA:310,71,0,2
BRDA:310,71,1,14
BRDA:323,72,0,0
BRDA:323,72,1,16
BRDA:330,73,0,0
BRDA:330,73,1,2
BRDA:330,74,0,2
BRDA:330,74,1,2
BRDA:342,75,0,2
BRDA:342,75,1,0
BRDA:343,76,0,2
BRDA:343,76,1,0
BRDA:344,77,0,2
BRDA:344,77,1,1
BRDA:345,78,0,2
BRDA:345,78,1,0
BRDA:346,79,0,2
BRDA:346,79,1,0
BRDA:347,80,0,2
BRDA:347,80,1,0
BRDA:365,81,0,2
BRDA:365,81,1,0
BRDA:366,82,0,3
BRDA:366,82,1,0
BRDA:367,83,0,3
BRDA:367,83,1,0
BRDA:368,84,0,3
BRDA:368,84,1,0
BRF:173
BRH:110
end_of_record
TN:
SF:src\research\resultsExport.js
FN:3,esc
FN:10,download
FN:18,exportResultsCSV
FN:43,exportReliabilityCSV
FN:44,(anonymous_4)
FN:55,exportDescriptiveCSV
FN:71,exportComparativeCSV
FN:72,(anonymous_7)
FN:87,exportLongitudinalCSV
FN:88,(anonymous_9)
FN:99,exportCorrelationCSV
FN:113,exportDiagnosticCSV
FNF:12
FNH:0
FNDA:0,esc
FNDA:0,download
FNDA:0,exportResultsCSV
FNDA:0,exportReliabilityCSV
FNDA:0,(anonymous_4)
FNDA:0,exportDescriptiveCSV
FNDA:0,exportComparativeCSV
FNDA:0,(anonymous_7)
FNDA:0,exportLongitudinalCSV
FNDA:0,(anonymous_9)
FNDA:0,exportCorrelationCSV
FNDA:0,exportDiagnosticCSV
DA:4,0
DA:5,0
DA:6,0
DA:7,0
DA:11,0
DA:12,0
DA:13,0
DA:14,0
DA:15,0
DA:19,0
DA:20,0
DA:21,0
DA:23,0
DA:25,0
DA:27,0
DA:29,0
DA:31,0
DA:33,0
DA:35,0
DA:37,0
DA:39,0
DA:44,0
DA:45,0
DA:46,0
DA:47,0
DA:52,0
DA:56,0
DA:57,0
DA:58,0
DA:59,0
DA:60,0
DA:61,0
DA:62,0
DA:68,0
DA:72,0
DA:73,0
DA:74,0
DA:75,0
DA:76,0
DA:77,0
DA:78,0
DA:84,0
DA:88,0
DA:89,0
DA:90,0
DA:91,0
DA:92,0
DA:93,0
DA:96,0
DA:100,0
DA:101,0
DA:102,0
DA:103,0
DA:104,0
DA:105,0
DA:106,0
DA:107,0
DA:110,0
DA:114,0
DA:115,0
DA:117,0
DA:118,0
DA:119,0
DA:120,0
DA:127,0
LF:65
LH:0
BRDA:4,0,0,0
BRDA:4,0,1,0
BRDA:6,1,0,0
BRDA:6,1,1,0
BRDA:6,2,0,0
BRDA:6,2,1,0
BRDA:6,2,2,0
BRDA:21,3,0,0
BRDA:21,3,1,0
BRDA:25,4,0,0
BRDA:25,4,1,0
BRDA:25,4,2,0
BRDA:25,4,3,0
BRDA:25,4,4,0
BRDA:25,4,5,0
BRDA:25,4,6,0
BRDA:44,5,0,0
BRDA:44,5,1,0
BRDA:56,6,0,0
BRDA:56,6,1,0
BRDA:61,7,0,0
BRDA:61,7,1,0
BRDA:72,8,0,0
BRDA:72,8,1,0
BRDA:77,9,0,0
BRDA:77,9,1,0
BRDA:77,10,0,0
BRDA:77,10,1,0
BRDA:77,10,2,0
BRDA:77,10,3,0
BRDA:77,10,4,0
BRDA:77,10,5,0
BRDA:80,11,0,0
BRDA:80,11,1,0
BRDA:80,12,0,0
BRDA:80,12,1,0
BRDA:80,13,0,0
BRDA:80,13,1,0
BRDA:88,14,0,0
BRDA:88,14,1,0
BRDA:91,15,0,0
BRDA:91,15,1,0
BRDA:101,16,0,0
BRDA:101,16,1,0
BRDA:101,17,0,0
BRDA:101,17,1,0
BRDA:106,18,0,0
BRDA:106,18,1,0
BRDA:107,19,0,0
BRDA:107,19,1,0
BRDA:114,20,0,0
BRDA:114,20,1,0
BRF:52
BRH:0
end_of_record
TN:
SF:src\research\studyModel.js
FN:12,uid
FN:16,mkStudy
FN:17,(anonymous_2)
FNF:3
FNH:0
FNDA:0,uid
FNDA:0,mkStudy
FNDA:0,(anonymous_2)
DA:1,0
DA:3,0
DA:13,0
DA:17,0
DA:18,0
DA:35,0
DA:36,0
DA:37,0
DA:38,0
DA:39,0
DA:40,0
DA:47,0
DA:48,0
DA:49,0
DA:52,0
DA:53,0
DA:54,0
DA:55,0
DA:56,0
DA:62,0
DA:63,0
DA:67,0
DA:71,0
DA:72,0
DA:75,0
LF:25
LH:0
BRDA:16,0,0,0
BRDA:19,1,0,0
BRDA:19,1,1,0
BRDA:21,2,0,0
BRDA:21,2,1,0
BRDA:21,3,0,0
BRDA:21,3,1,0
BRDA:22,4,0,0
BRDA:22,4,1,0
BRDA:24,5,0,0
BRDA:24,5,1,0
BRDA:25,6,0,0
BRDA:25,6,1,0
BRDA:26,7,0,0
BRDA:26,7,1,0
BRDA:27,8,0,0
BRDA:27,8,1,0
BRDA:35,9,0,0
BRDA:35,9,1,0
BRDA:36,10,0,0
BRDA:36,10,1,0
BRDA:37,11,0,0
BRDA:37,11,1,0
BRDA:38,12,0,0
BRDA:38,12,1,0
BRDA:39,13,0,0
BRDA:39,13,1,0
BRDA:41,14,0,0
BRDA:41,14,1,0
BRDA:42,15,0,0
BRDA:42,15,1,0
BRDA:43,16,0,0
BRDA:43,16,1,0
BRDA:47,17,0,0
BRDA:47,17,1,0
BRDA:48,18,0,0
BRDA:48,18,1,0
BRDA:49,19,0,0
BRDA:49,19,1,0
BRDA:52,20,0,0
BRDA:52,20,1,0
BRDA:53,21,0,0
BRDA:53,21,1,0
BRDA:54,22,0,0
BRDA:54,22,1,0
BRDA:55,23,0,0
BRDA:55,23,1,0
BRDA:56,24,0,0
BRDA:56,24,1,0
BRDA:62,25,0,0
BRDA:62,25,1,0
BRDA:63,26,0,0
BRDA:63,26,1,0
BRDA:67,27,0,0
BRDA:67,27,1,0
BRDA:71,28,0,0
BRDA:71,28,1,0
BRDA:72,29,0,0
BRDA:72,29,1,0
BRF:59
BRH:0
end_of_record
TN:
SF:src\state\workspaceStore.js
FN:66,uiReducer
FN:111,useWorkspaceStore
FN:114,(anonymous_2)
FN:118,(anonymous_3)
FN:122,(anonymous_4)
FN:126,(anonymous_5)
FN:130,(anonymous_6)
FN:134,(anonymous_7)
FN:138,(anonymous_8)
FN:142,(anonymous_9)
FN:146,(anonymous_10)
FN:150,(anonymous_11)
FN:155,(anonymous_12)
FN:159,(anonymous_13)
FN:163,(anonymous_14)
FN:167,(anonymous_15)
FN:171,(anonymous_16)
FN:175,(anonymous_17)
FN:179,(anonymous_18)
FN:183,(anonymous_19)
FN:187,(anonymous_20)
FN:191,(anonymous_21)
FNF:22
FNH:0
FNDA:0,uiReducer
FNDA:0,useWorkspaceStore
FNDA:0,(anonymous_2)
FNDA:0,(anonymous_3)
FNDA:0,(anonymous_4)
FNDA:0,(anonymous_5)
FNDA:0,(anonymous_6)
FNDA:0,(anonymous_7)
FNDA:0,(anonymous_8)
FNDA:0,(anonymous_9)
FNDA:0,(anonymous_10)
FNDA:0,(anonymous_11)
FNDA:0,(anonymous_12)
FNDA:0,(anonymous_13)
FNDA:0,(anonymous_14)
FNDA:0,(anonymous_15)
FNDA:0,(anonymous_16)
FNDA:0,(anonymous_17)
FNDA:0,(anonymous_18)
FNDA:0,(anonymous_19)
FNDA:0,(anonymous_20)
FNDA:0,(anonymous_21)
DA:4,0
DA:52,0
DA:67,0
DA:69,0
DA:71,0
DA:73,0
DA:75,0
DA:77,0
DA:79,0
DA:81,0
DA:83,0
DA:90,0
DA:92,0
DA:93,0
DA:94,0
DA:96,0
DA:99,0
DA:100,0
DA:101,0
DA:103,0
DA:106,0
DA:112,0
DA:114,0
DA:115,0
DA:118,0
DA:119,0
DA:122,0
DA:123,0
DA:126,0
DA:127,0
DA:130,0
DA:131,0
DA:134,0
DA:135,0
DA:138,0
DA:139,0
DA:142,0
DA:143,0
DA:146,0
DA:147,0
DA:150,0
DA:151,0
DA:155,0
DA:156,0
DA:159,0
DA:160,0
DA:163,0
DA:164,0
DA:167,0
DA:168,0
DA:171,0
DA:172,0
DA:175,0
DA:176,0
DA:179,0
DA:180,0
DA:183,0
DA:184,0
DA:187,0
DA:188,0
DA:191,0
DA:192,0
DA:196,0
LF:63
LH:0
BRDA:67,0,0,0
BRDA:67,0,1,0
BRDA:67,0,2,0
BRDA:67,0,3,0
BRDA:67,0,4,0
BRDA:67,0,5,0
BRDA:67,0,6,0
BRDA:67,0,7,0
BRDA:67,0,8,0
BRDA:67,0,9,0
BRDA:67,0,10,0
BRDA:67,0,11,0
BRDA:85,1,0,0
BRDA:85,1,1,0
BRDA:86,2,0,0
BRDA:86,2,1,0
BRDA:87,3,0,0
BRDA:87,3,1,0
BRDA:94,4,0,0
BRDA:94,4,1,0
BRDA:101,5,0,0
BRDA:101,5,1,0
BRDA:115,6,0,0
BRDA:115,6,1,0
BRDA:119,7,0,0
BRDA:119,7,1,0
BRDA:127,8,0,0
BRDA:127,8,1,0
BRDA:147,9,0,0
BRDA:147,9,1,0
BRDA:156,10,0,0
BRDA:156,10,1,0
BRDA:160,11,0,0
BRDA:160,11,1,0
BRDA:164,12,0,0
BRDA:164,12,1,0
BRDA:168,13,0,0
BRDA:168,13,1,0
BRDA:172,14,0,0
BRDA:172,14,1,0
BRDA:176,15,0,0
BRDA:176,15,1,0
BRDA:180,16,0,0
BRDA:180,16,1,0
BRDA:184,17,0,0
BRDA:184,17,1,0
BRDA:188,18,0,0
BRDA:188,18,1,0
BRDA:192,19,0,0
BRDA:192,19,1,0
BRF:50
BRH:0
end_of_record
