TN:
SF:src\App.jsx
FN:31,profileProject
FN:37,(anonymous_1)
FN:39,(anonymous_2)
FN:58,(anonymous_3)
FN:69,(anonymous_4)
FN:69,(anonymous_5)
FN:72,(anonymous_6)
FN:73,(anonymous_7)
FN:78,sanitizeResults
FN:80,(anonymous_9)
FN:91,(anonymous_10)
FN:102,exportCephx
FN:111,(anonymous_12)
FN:118,(anonymous_13)
FN:134,importCephx
FN:136,(anonymous_15)
FN:144,(anonymous_16)
FN:147,(anonymous_17)
FN:150,exportCepht
FN:155,exportTemplateAsCepht
FN:156,(anonymous_20)
FN:158,(anonymous_21)
FN:166,hasPlacedCoords
FN:167,(anonymous_23)
FN:167,(anonymous_24)
FN:176,CalibModal
FN:180,(anonymous_26)
FN:180,(anonymous_27)
FN:184,(anonymous_28)
FN:184,(anonymous_29)
FN:185,(anonymous_30)
FN:185,(anonymous_31)
FN:190,TextModal
FN:195,(anonymous_33)
FN:196,(anonymous_34)
FN:197,(anonymous_35)
FN:198,(anonymous_36)
FN:203,FormulaEditor
FN:208,(anonymous_38)
FN:209,(anonymous_39)
FN:211,(anonymous_40)
FN:213,(anonymous_41)
FN:220,(anonymous_42)
FN:223,(anonymous_43)
FN:224,(anonymous_44)
FN:226,(anonymous_45)
FN:227,(anonymous_46)
FN:229,(anonymous_47)
FN:261,(anonymous_48)
FN:268,(anonymous_49)
FN:280,(anonymous_50)
FN:283,(anonymous_51)
FN:285,(anonymous_52)
FN:299,(anonymous_53)
FN:300,(anonymous_54)
FN:302,(anonymous_55)
FN:306,(anonymous_56)
FN:307,(anonymous_57)
FN:314,Workspace
FN:355,(anonymous_59)
FN:368,(anonymous_60)
FN:372,(anonymous_61)
FN:383,(anonymous_62)
FN:383,(anonymous_63)
FN:383,(anonymous_64)
FN:385,(anonymous_65)
FN:387,(anonymous_66)
FN:388,(anonymous_67)
FN:391,(anonymous_68)
FN:394,(anonymous_69)
FN:396,(anonymous_70)
FN:397,(anonymous_71)
FN:400,(anonymous_72)
FN:404,(anonymous_73)
FN:407,(anonymous_74)
FN:425,(anonymous_75)
FN:426,(anonymous_76)
FN:427,(anonymous_77)
FN:431,(anonymous_78)
FN:434,(anonymous_79)
FN:436,(anonymous_80)
FN:443,(anonymous_81)
FN:444,(anonymous_82)
FN:446,(anonymous_83)
FN:446,(anonymous_84)
FN:448,(anonymous_85)
FN:451,(anonymous_86)
FN:452,(anonymous_87)
FN:454,(anonymous_88)
FN:455,(anonymous_89)
FN:468,(anonymous_90)
FN:470,(anonymous_91)
FN:474,(anonymous_92)
FN:476,(anonymous_93)
FN:477,(anonymous_94)
FN:490,(anonymous_95)
FN:492,(anonymous_96)
FN:493,(anonymous_97)
FN:506,(anonymous_98)
FN:508,(anonymous_99)
FN:510,(anonymous_100)
FN:510,(anonymous_101)
FN:510,(anonymous_102)
FN:510,(anonymous_103)
FN:510,(anonymous_104)
FN:510,(anonymous_105)
FN:510,(anonymous_106)
FN:511,(anonymous_107)
FN:512,(anonymous_108)
FN:513,(anonymous_109)
FN:514,(anonymous_110)
FN:514,(anonymous_111)
FN:516,(anonymous_112)
FN:517,(anonymous_113)
FN:518,(anonymous_114)
FN:518,(anonymous_115)
FN:521,(anonymous_116)
FN:523,(anonymous_117)
FN:524,(anonymous_118)
FN:524,(anonymous_119)
FN:531,(anonymous_120)
FN:532,(anonymous_121)
FN:533,(anonymous_122)
FN:535,(anonymous_123)
FN:537,(anonymous_124)
FN:539,(anonymous_125)
FN:541,(anonymous_126)
FN:542,(anonymous_127)
FN:543,(anonymous_128)
FN:544,(anonymous_129)
FN:545,(anonymous_130)
FN:546,(anonymous_131)
FN:556,(anonymous_132)
FN:559,(anonymous_133)
FN:560,(anonymous_134)
FN:564,(anonymous_135)
FN:564,(anonymous_136)
FN:564,(anonymous_137)
FN:565,(anonymous_138)
FN:569,(anonymous_139)
FN:580,(anonymous_140)
FN:588,(anonymous_141)
FN:592,(anonymous_142)
FN:594,(anonymous_143)
FN:595,(anonymous_144)
FN:598,(anonymous_145)
FN:601,(anonymous_146)
FN:603,(anonymous_147)
FN:604,(anonymous_148)
FN:613,(anonymous_149)
FN:614,(anonymous_150)
FN:618,(anonymous_151)
FN:629,(anonymous_152)
FN:632,(anonymous_153)
FN:652,(anonymous_154)
FN:672,(anonymous_155)
FN:673,(anonymous_156)
FN:674,(anonymous_157)
FN:675,(anonymous_158)
FN:683,(anonymous_159)
FN:685,(anonymous_160)
FN:688,(anonymous_161)
FN:692,(anonymous_162)
FN:695,(anonymous_163)
FN:719,(anonymous_164)
FN:745,(anonymous_165)
FN:763,(anonymous_166)
FN:764,(anonymous_167)
FN:774,(anonymous_168)
FN:774,(anonymous_169)
FN:780,(anonymous_170)
FN:791,(anonymous_171)
FN:815,(anonymous_172)
FN:815,(anonymous_173)
FN:816,(anonymous_174)
FN:816,(anonymous_175)
FN:820,(anonymous_176)
FN:820,(anonymous_177)
FN:820,(anonymous_178)
FN:822,(anonymous_179)
FN:826,(anonymous_180)
FN:828,(anonymous_181)
FN:842,(anonymous_182)
FN:846,(anonymous_183)
FN:850,(anonymous_184)
FN:850,(anonymous_185)
FN:850,(anonymous_186)
FN:852,(anonymous_187)
FN:853,(anonymous_188)
FN:858,(anonymous_189)
FN:863,(anonymous_190)
FN:863,(anonymous_191)
FN:864,(anonymous_192)
FN:865,(anonymous_193)
FN:868,(anonymous_194)
FN:869,(anonymous_195)
FN:872,(anonymous_196)
FN:876,(anonymous_197)
FN:877,(anonymous_198)
FN:883,(anonymous_199)
FN:889,(anonymous_200)
FN:911,(anonymous_201)
FN:935,(anonymous_202)
FN:936,(anonymous_203)
FN:962,(anonymous_204)
FN:963,(anonymous_205)
FN:974,(anonymous_206)
FN:991,(anonymous_207)
FN:992,(anonymous_208)
FN:1002,(anonymous_209)
FN:1004,(anonymous_210)
FN:1044,(anonymous_211)
FN:1048,(anonymous_212)
FN:1056,(anonymous_213)
FN:1062,(anonymous_214)
FN:1063,(anonymous_215)
FN:1070,(anonymous_216)
FN:1075,(anonymous_217)
FN:1075,(anonymous_218)
FN:1075,(anonymous_219)
FN:1075,(anonymous_220)
FN:1078,(anonymous_221)
FN:1078,(anonymous_222)
FN:1078,(anonymous_223)
FN:1079,(anonymous_224)
FN:1079,(anonymous_225)
FN:1079,(anonymous_226)
FN:1079,(anonymous_227)
FN:1083,(anonymous_228)
FN:1100,(anonymous_229)
FN:1106,(anonymous_230)
FN:1109,(anonymous_231)
FN:1111,(anonymous_232)
FN:1121,(anonymous_233)
FN:1127,(anonymous_234)
FN:1128,(anonymous_235)
FN:1128,(anonymous_236)
FN:1128,(anonymous_237)
FN:1130,(anonymous_238)
FN:1134,(anonymous_239)
FN:1138,(anonymous_240)
FN:1139,(anonymous_241)
FN:1139,(anonymous_242)
FN:1139,(anonymous_243)
FN:1139,(anonymous_244)
FN:1139,(anonymous_245)
FN:1141,(anonymous_246)
FN:1143,(anonymous_247)
FN:1147,(anonymous_248)
FN:1150,(anonymous_249)
FN:1156,(anonymous_250)
FN:1159,(anonymous_251)
FN:1166,(anonymous_252)
FN:1172,(anonymous_253)
FN:1178,(anonymous_254)
FN:1180,(anonymous_255)
FN:1198,(anonymous_256)
FN:1207,(anonymous_257)
FN:1223,(anonymous_258)
FN:1235,(anonymous_259)
FN:1237,(anonymous_260)
FN:1241,(anonymous_261)
FN:1243,(anonymous_262)
FN:1243,(anonymous_263)
FN:1243,(anonymous_264)
FN:1244,(anonymous_265)
FN:1244,(anonymous_266)
FN:1247,(anonymous_267)
FN:1255,(anonymous_268)
FN:1257,(anonymous_269)
FN:1261,(anonymous_270)
FN:1262,(anonymous_271)
FN:1262,(anonymous_272)
FN:1262,(anonymous_273)
FN:1265,(anonymous_274)
FN:1267,(anonymous_275)
FN:1311,(anonymous_276)
FN:1312,(anonymous_277)
FN:1313,(anonymous_278)
FN:1331,(anonymous_279)
FN:1334,(anonymous_280)
FN:1337,(anonymous_281)
FN:1340,(anonymous_282)
FN:1343,(anonymous_283)
FN:1344,(anonymous_284)
FN:1347,(anonymous_285)
FN:1352,(anonymous_286)
FN:1357,(anonymous_287)
FN:1359,(anonymous_288)
FN:1359,(anonymous_289)
FN:1366,(anonymous_290)
FN:1370,(anonymous_291)
FN:1373,(anonymous_292)
FN:1376,(anonymous_293)
FN:1380,(anonymous_294)
FN:1381,(anonymous_295)
FN:1385,(anonymous_296)
FN:1385,(anonymous_297)
FN:1396,(anonymous_298)
FN:1397,(anonymous_299)
FN:1401,(anonymous_300)
FN:1402,(anonymous_301)
FN:1406,(anonymous_302)
FN:1407,(anonymous_303)
FN:1411,(anonymous_304)
FN:1412,(anonymous_305)
FN:1416,(anonymous_306)
FN:1417,(anonymous_307)
FN:1421,(anonymous_308)
FN:1422,(anonymous_309)
FN:1426,(anonymous_310)
FN:1427,(anonymous_311)
FN:1431,(anonymous_312)
FN:1435,(anonymous_313)
FN:1435,(anonymous_314)
FN:1440,(anonymous_315)
FN:1447,(anonymous_316)
FN:1447,(anonymous_317)
FN:1448,(anonymous_318)
FN:1448,(anonymous_319)
FN:1452,(anonymous_320)
FN:1465,(anonymous_321)
FN:1466,(anonymous_322)
FN:1482,(anonymous_323)
FN:1483,(anonymous_324)
FN:1489,(anonymous_325)
FN:1489,(anonymous_326)
FN:1490,(anonymous_327)
FN:1490,(anonymous_328)
FN:1491,(anonymous_329)
FN:1493,(anonymous_330)
FN:1493,(anonymous_331)
FN:1501,(anonymous_332)
FN:1508,(anonymous_333)
FN:1508,(anonymous_334)
FN:1509,(anonymous_335)
FN:1518,(anonymous_336)
FN:1526,(anonymous_337)
FN:1527,(anonymous_338)
FN:1548,(anonymous_339)
FN:1555,(anonymous_340)
FN:1557,(anonymous_341)
FN:1557,(anonymous_342)
FN:1560,(anonymous_343)
FN:1562,(anonymous_344)
FN:1562,(anonymous_345)
FN:1571,(anonymous_346)
FN:1597,(anonymous_347)
FN:1598,(anonymous_348)
FN:1599,(anonymous_349)
FN:1619,(anonymous_350)
FN:1625,(anonymous_351)
FN:1625,(anonymous_352)
FN:1625,(anonymous_353)
FN:1625,(anonymous_354)
FN:1625,(anonymous_355)
FN:1625,(anonymous_356)
FN:1625,(anonymous_357)
FN:1625,(anonymous_358)
FN:1625,(anonymous_359)
FN:1625,(anonymous_360)
FN:1625,(anonymous_361)
FN:1625,(anonymous_362)
FN:1626,(anonymous_363)
FN:1626,(anonymous_364)
FN:1627,(anonymous_365)
FN:1627,(anonymous_366)
FN:1627,(anonymous_367)
FN:1627,(anonymous_368)
FN:1627,(anonymous_369)
FN:1627,(anonymous_370)
FN:1628,(anonymous_371)
FN:1628,(anonymous_372)
FN:1628,(anonymous_373)
FN:1628,(anonymous_374)
FN:1628,(anonymous_375)
FN:1628,(anonymous_376)
FN:1628,(anonymous_377)
FN:1629,(anonymous_378)
FN:1629,(anonymous_379)
FN:1629,(anonymous_380)
FN:1629,(anonymous_381)
FN:1630,(anonymous_382)
FN:1630,(anonymous_383)
FN:1633,(anonymous_384)
FN:1650,(anonymous_385)
FN:1652,(anonymous_386)
FN:1657,(anonymous_387)
FN:1660,(anonymous_388)
FN:1666,(anonymous_389)
FN:1666,(anonymous_390)
FN:1672,(anonymous_391)
FN:1672,(anonymous_392)
FN:1672,(anonymous_393)
FN:1672,(anonymous_394)
FN:1676,(anonymous_395)
FN:1682,(anonymous_396)
FN:1682,(anonymous_397)
FN:1683,(anonymous_398)
FN:1684,(anonymous_399)
FN:1685,(anonymous_400)
FN:1686,(anonymous_401)
FN:1687,(anonymous_402)
FN:1688,(anonymous_403)
FN:1689,(anonymous_404)
FN:1690,(anonymous_405)
FN:1692,(anonymous_406)
FN:1700,(anonymous_407)
FN:1702,(anonymous_408)
FN:1702,(anonymous_409)
FN:1705,(anonymous_410)
FN:1705,(anonymous_411)
FN:1709,(anonymous_412)
FN:1715,(anonymous_413)
FN:1719,(anonymous_414)
FN:1723,(anonymous_415)
FN:1723,(anonymous_416)
FN:1723,(anonymous_417)
FN:1724,(anonymous_418)
FN:1724,(anonymous_419)
FN:1725,(anonymous_420)
FN:1727,(anonymous_421)
FN:1727,(anonymous_422)
FN:1727,(anonymous_423)
FN:1727,(anonymous_424)
FN:1727,(anonymous_425)
FN:1728,(anonymous_426)
FN:1728,(anonymous_427)
FN:1750,collectReferencedImageIds
FN:1762,loadProjects
FN:1776,(anonymous_430)
FN:1778,(anonymous_431)
FN:1796,emitStorageWarning
FN:1802,saveProjects
FN:1803,(anonymous_434)
FN:1829,(anonymous_435)
FN:1831,(anonymous_436)
FN:1849,(anonymous_437)
FN:1851,(anonymous_438)
FN:1853,(anonymous_439)
FN:1887,clearAllLocalData
FN:1896,CephalometryStudio
FN:1897,(anonymous_442)
FN:1910,(anonymous_443)
FN:1912,(anonymous_444)
FN:1919,(anonymous_445)
FN:1922,(anonymous_446)
FN:1926,(anonymous_447)
FN:1928,(anonymous_448)
FN:1931,(anonymous_449)
FN:1931,(anonymous_450)
FN:1933,(anonymous_451)
FN:1934,(anonymous_452)
FN:1936,(anonymous_453)
FN:1939,(anonymous_454)
FN:1941,(anonymous_455)
FN:1941,(anonymous_456)
FN:1941,(anonymous_457)
FN:1943,(anonymous_458)
FN:1951,(anonymous_459)
FN:1953,(anonymous_460)
FN:1959,(anonymous_461)
FN:1970,(anonymous_462)
FN:1980,(anonymous_463)
FN:1983,(anonymous_464)
FN:1984,(anonymous_465)
FN:1985,(anonymous_466)
FN:1987,(anonymous_467)
FN:1987,(anonymous_468)
FN:1997,(anonymous_469)
FN:2001,(anonymous_470)
FN:2004,(anonymous_471)
FN:2005,(anonymous_472)
FN:2006,(anonymous_473)
FNF:474
FNH:0
FNDA:0,profileProject
FNDA:0,(anonymous_1)
FNDA:0,(anonymous_2)
FNDA:0,(anonymous_3)
FNDA:0,(anonymous_4)
FNDA:0,(anonymous_5)
FNDA:0,(anonymous_6)
FNDA:0,(anonymous_7)
FNDA:0,sanitizeResults
FNDA:0,(anonymous_9)
FNDA:0,(anonymous_10)
FNDA:0,exportCephx
FNDA:0,(anonymous_12)
FNDA:0,(anonymous_13)
FNDA:0,importCephx
FNDA:0,(anonymous_15)
FNDA:0,(anonymous_16)
FNDA:0,(anonymous_17)
FNDA:0,exportCepht
FNDA:0,exportTemplateAsCepht
FNDA:0,(anonymous_20)
FNDA:0,(anonymous_21)
FNDA:0,hasPlacedCoords
FNDA:0,(anonymous_23)
FNDA:0,(anonymous_24)
FNDA:0,CalibModal
FNDA:0,(anonymous_26)
FNDA:0,(anonymous_27)
FNDA:0,(anonymous_28)
FNDA:0,(anonymous_29)
FNDA:0,(anonymous_30)
FNDA:0,(anonymous_31)
FNDA:0,TextModal
FNDA:0,(anonymous_33)
FNDA:0,(anonymous_34)
FNDA:0,(anonymous_35)
FNDA:0,(anonymous_36)
FNDA:0,FormulaEditor
FNDA:0,(anonymous_38)
FNDA:0,(anonymous_39)
FNDA:0,(anonymous_40)
FNDA:0,(anonymous_41)
FNDA:0,(anonymous_42)
FNDA:0,(anonymous_43)
FNDA:0,(anonymous_44)
FNDA:0,(anonymous_45)
FNDA:0,(anonymous_46)
FNDA:0,(anonymous_47)
FNDA:0,(anonymous_48)
FNDA:0,(anonymous_49)
FNDA:0,(anonymous_50)
FNDA:0,(anonymous_51)
FNDA:0,(anonymous_52)
FNDA:0,(anonymous_53)
FNDA:0,(anonymous_54)
FNDA:0,(anonymous_55)
FNDA:0,(anonymous_56)
FNDA:0,(anonymous_57)
FNDA:0,Workspace
FNDA:0,(anonymous_59)
FNDA:0,(anonymous_60)
FNDA:0,(anonymous_61)
FNDA:0,(anonymous_62)
FNDA:0,(anonymous_63)
FNDA:0,(anonymous_64)
FNDA:0,(anonymous_65)
FNDA:0,(anonymous_66)
FNDA:0,(anonymous_67)
FNDA:0,(anonymous_68)
FNDA:0,(anonymous_69)
FNDA:0,(anonymous_70)
FNDA:0,(anonymous_71)
FNDA:0,(anonymous_72)
FNDA:0,(anonymous_73)
FNDA:0,(anonymous_74)
FNDA:0,(anonymous_75)
FNDA:0,(anonymous_76)
FNDA:0,(anonymous_77)
FNDA:0,(anonymous_78)
FNDA:0,(anonymous_79)
FNDA:0,(anonymous_80)
FNDA:0,(anonymous_81)
FNDA:0,(anonymous_82)
FNDA:0,(anonymous_83)
FNDA:0,(anonymous_84)
FNDA:0,(anonymous_85)
FNDA:0,(anonymous_86)
FNDA:0,(anonymous_87)
FNDA:0,(anonymous_88)
FNDA:0,(anonymous_89)
FNDA:0,(anonymous_90)
FNDA:0,(anonymous_91)
FNDA:0,(anonymous_92)
FNDA:0,(anonymous_93)
FNDA:0,(anonymous_94)
FNDA:0,(anonymous_95)
FNDA:0,(anonymous_96)
FNDA:0,(anonymous_97)
FNDA:0,(anonymous_98)
FNDA:0,(anonymous_99)
FNDA:0,(anonymous_100)
FNDA:0,(anonymous_101)
FNDA:0,(anonymous_102)
FNDA:0,(anonymous_103)
FNDA:0,(anonymous_104)
FNDA:0,(anonymous_105)
FNDA:0,(anonymous_106)
FNDA:0,(anonymous_107)
FNDA:0,(anonymous_108)
FNDA:0,(anonymous_109)
FNDA:0,(anonymous_110)
FNDA:0,(anonymous_111)
FNDA:0,(anonymous_112)
FNDA:0,(anonymous_113)
FNDA:0,(anonymous_114)
FNDA:0,(anonymous_115)
FNDA:0,(anonymous_116)
FNDA:0,(anonymous_117)
FNDA:0,(anonymous_118)
FNDA:0,(anonymous_119)
FNDA:0,(anonymous_120)
FNDA:0,(anonymous_121)
FNDA:0,(anonymous_122)
FNDA:0,(anonymous_123)
FNDA:0,(anonymous_124)
FNDA:0,(anonymous_125)
FNDA:0,(anonymous_126)
FNDA:0,(anonymous_127)
FNDA:0,(anonymous_128)
FNDA:0,(anonymous_129)
FNDA:0,(anonymous_130)
FNDA:0,(anonymous_131)
FNDA:0,(anonymous_132)
FNDA:0,(anonymous_133)
FNDA:0,(anonymous_134)
FNDA:0,(anonymous_135)
FNDA:0,(anonymous_136)
FNDA:0,(anonymous_137)
FNDA:0,(anonymous_138)
FNDA:0,(anonymous_139)
FNDA:0,(anonymous_140)
FNDA:0,(anonymous_141)
FNDA:0,(anonymous_142)
FNDA:0,(anonymous_143)
FNDA:0,(anonymous_144)
FNDA:0,(anonymous_145)
FNDA:0,(anonymous_146)
FNDA:0,(anonymous_147)
FNDA:0,(anonymous_148)
FNDA:0,(anonymous_149)
FNDA:0,(anonymous_150)
FNDA:0,(anonymous_151)
FNDA:0,(anonymous_152)
FNDA:0,(anonymous_153)
FNDA:0,(anonymous_154)
FNDA:0,(anonymous_155)
FNDA:0,(anonymous_156)
FNDA:0,(anonymous_157)
FNDA:0,(anonymous_158)
FNDA:0,(anonymous_159)
FNDA:0,(anonymous_160)
FNDA:0,(anonymous_161)
FNDA:0,(anonymous_162)
FNDA:0,(anonymous_163)
FNDA:0,(anonymous_164)
FNDA:0,(anonymous_165)
FNDA:0,(anonymous_166)
FNDA:0,(anonymous_167)
FNDA:0,(anonymous_168)
FNDA:0,(anonymous_169)
FNDA:0,(anonymous_170)
FNDA:0,(anonymous_171)
FNDA:0,(anonymous_172)
FNDA:0,(anonymous_173)
FNDA:0,(anonymous_174)
FNDA:0,(anonymous_175)
FNDA:0,(anonymous_176)
FNDA:0,(anonymous_177)
FNDA:0,(anonymous_178)
FNDA:0,(anonymous_179)
FNDA:0,(anonymous_180)
FNDA:0,(anonymous_181)
FNDA:0,(anonymous_182)
FNDA:0,(anonymous_183)
FNDA:0,(anonymous_184)
FNDA:0,(anonymous_185)
FNDA:0,(anonymous_186)
FNDA:0,(anonymous_187)
FNDA:0,(anonymous_188)
FNDA:0,(anonymous_189)
FNDA:0,(anonymous_190)
FNDA:0,(anonymous_191)
FNDA:0,(anonymous_192)
FNDA:0,(anonymous_193)
FNDA:0,(anonymous_194)
FNDA:0,(anonymous_195)
FNDA:0,(anonymous_196)
FNDA:0,(anonymous_197)
FNDA:0,(anonymous_198)
FNDA:0,(anonymous_199)
FNDA:0,(anonymous_200)
FNDA:0,(anonymous_201)
FNDA:0,(anonymous_202)
FNDA:0,(anonymous_203)
FNDA:0,(anonymous_204)
FNDA:0,(anonymous_205)
FNDA:0,(anonymous_206)
FNDA:0,(anonymous_207)
FNDA:0,(anonymous_208)
FNDA:0,(anonymous_209)
FNDA:0,(anonymous_210)
FNDA:0,(anonymous_211)
FNDA:0,(anonymous_212)
FNDA:0,(anonymous_213)
FNDA:0,(anonymous_214)
FNDA:0,(anonymous_215)
FNDA:0,(anonymous_216)
FNDA:0,(anonymous_217)
FNDA:0,(anonymous_218)
FNDA:0,(anonymous_219)
FNDA:0,(anonymous_220)
FNDA:0,(anonymous_221)
FNDA:0,(anonymous_222)
FNDA:0,(anonymous_223)
FNDA:0,(anonymous_224)
FNDA:0,(anonymous_225)
FNDA:0,(anonymous_226)
FNDA:0,(anonymous_227)
FNDA:0,(anonymous_228)
FNDA:0,(anonymous_229)
FNDA:0,(anonymous_230)
FNDA:0,(anonymous_231)
FNDA:0,(anonymous_232)
FNDA:0,(anonymous_233)
FNDA:0,(anonymous_234)
FNDA:0,(anonymous_235)
FNDA:0,(anonymous_236)
FNDA:0,(anonymous_237)
FNDA:0,(anonymous_238)
FNDA:0,(anonymous_239)
FNDA:0,(anonymous_240)
FNDA:0,(anonymous_241)
FNDA:0,(anonymous_242)
FNDA:0,(anonymous_243)
FNDA:0,(anonymous_244)
FNDA:0,(anonymous_245)
FNDA:0,(anonymous_246)
FNDA:0,(anonymous_247)
FNDA:0,(anonymous_248)
FNDA:0,(anonymous_249)
FNDA:0,(anonymous_250)
FNDA:0,(anonymous_251)
FNDA:0,(anonymous_252)
FNDA:0,(anonymous_253)
FNDA:0,(anonymous_254)
FNDA:0,(anonymous_255)
FNDA:0,(anonymous_256)
FNDA:0,(anonymous_257)
FNDA:0,(anonymous_258)
FNDA:0,(anonymous_259)
FNDA:0,(anonymous_260)
FNDA:0,(anonymous_261)
FNDA:0,(anonymous_262)
FNDA:0,(anonymous_263)
FNDA:0,(anonymous_264)
FNDA:0,(anonymous_265)
FNDA:0,(anonymous_266)
FNDA:0,(anonymous_267)
FNDA:0,(anonymous_268)
FNDA:0,(anonymous_269)
FNDA:0,(anonymous_270)
FNDA:0,(anonymous_271)
FNDA:0,(anonymous_272)
FNDA:0,(anonymous_273)
FNDA:0,(anonymous_274)
FNDA:0,(anonymous_275)
FNDA:0,(anonymous_276)
FNDA:0,(anonymous_277)
FNDA:0,(anonymous_278)
FNDA:0,(anonymous_279)
FNDA:0,(anonymous_280)
FNDA:0,(anonymous_281)
FNDA:0,(anonymous_282)
FNDA:0,(anonymous_283)
FNDA:0,(anonymous_284)
FNDA:0,(anonymous_285)
FNDA:0,(anonymous_286)
FNDA:0,(anonymous_287)
FNDA:0,(anonymous_288)
FNDA:0,(anonymous_289)
FNDA:0,(anonymous_290)
FNDA:0,(anonymous_291)
FNDA:0,(anonymous_292)
FNDA:0,(anonymous_293)
FNDA:0,(anonymous_294)
FNDA:0,(anonymous_295)
FNDA:0,(anonymous_296)
FNDA:0,(anonymous_297)
FNDA:0,(anonymous_298)
FNDA:0,(anonymous_299)
FNDA:0,(anonymous_300)
FNDA:0,(anonymous_301)
FNDA:0,(anonymous_302)
FNDA:0,(anonymous_303)
FNDA:0,(anonymous_304)
FNDA:0,(anonymous_305)
FNDA:0,(anonymous_306)
FNDA:0,(anonymous_307)
FNDA:0,(anonymous_308)
FNDA:0,(anonymous_309)
FNDA:0,(anonymous_310)
FNDA:0,(anonymous_311)
FNDA:0,(anonymous_312)
FNDA:0,(anonymous_313)
FNDA:0,(anonymous_314)
FNDA:0,(anonymous_315)
FNDA:0,(anonymous_316)
FNDA:0,(anonymous_317)
FNDA:0,(anonymous_318)
FNDA:0,(anonymous_319)
FNDA:0,(anonymous_320)
FNDA:0,(anonymous_321)
FNDA:0,(anonymous_322)
FNDA:0,(anonymous_323)
FNDA:0,(anonymous_324)
FNDA:0,(anonymous_325)
FNDA:0,(anonymous_326)
FNDA:0,(anonymous_327)
FNDA:0,(anonymous_328)
FNDA:0,(anonymous_329)
FNDA:0,(anonymous_330)
FNDA:0,(anonymous_331)
FNDA:0,(anonymous_332)
FNDA:0,(anonymous_333)
FNDA:0,(anonymous_334)
FNDA:0,(anonymous_335)
FNDA:0,(anonymous_336)
FNDA:0,(anonymous_337)
FNDA:0,(anonymous_338)
FNDA:0,(anonymous_339)
FNDA:0,(anonymous_340)
FNDA:0,(anonymous_341)
FNDA:0,(anonymous_342)
FNDA:0,(anonymous_343)
FNDA:0,(anonymous_344)
FNDA:0,(anonymous_345)
FNDA:0,(anonymous_346)
FNDA:0,(anonymous_347)
FNDA:0,(anonymous_348)
FNDA:0,(anonymous_349)
FNDA:0,(anonymous_350)
FNDA:0,(anonymous_351)
FNDA:0,(anonymous_352)
FNDA:0,(anonymous_353)
FNDA:0,(anonymous_354)
FNDA:0,(anonymous_355)
FNDA:0,(anonymous_356)
FNDA:0,(anonymous_357)
FNDA:0,(anonymous_358)
FNDA:0,(anonymous_359)
FNDA:0,(anonymous_360)
FNDA:0,(anonymous_361)
FNDA:0,(anonymous_362)
FNDA:0,(anonymous_363)
FNDA:0,(anonymous_364)
FNDA:0,(anonymous_365)
FNDA:0,(anonymous_366)
FNDA:0,(anonymous_367)
FNDA:0,(anonymous_368)
FNDA:0,(anonymous_369)
FNDA:0,(anonymous_370)
FNDA:0,(anonymous_371)
FNDA:0,(anonymous_372)
FNDA:0,(anonymous_373)
FNDA:0,(anonymous_374)
FNDA:0,(anonymous_375)
FNDA:0,(anonymous_376)
FNDA:0,(anonymous_377)
FNDA:0,(anonymous_378)
FNDA:0,(anonymous_379)
FNDA:0,(anonymous_380)
FNDA:0,(anonymous_381)
FNDA:0,(anonymous_382)
FNDA:0,(anonymous_383)
FNDA:0,(anonymous_384)
FNDA:0,(anonymous_385)
FNDA:0,(anonymous_386)
FNDA:0,(anonymous_387)
FNDA:0,(anonymous_388)
FNDA:0,(anonymous_389)
FNDA:0,(anonymous_390)
FNDA:0,(anonymous_391)
FNDA:0,(anonymous_392)
FNDA:0,(anonymous_393)
FNDA:0,(anonymous_394)
FNDA:0,(anonymous_395)
FNDA:0,(anonymous_396)
FNDA:0,(anonymous_397)
FNDA:0,(anonymous_398)
FNDA:0,(anonymous_399)
FNDA:0,(anonymous_400)
FNDA:0,(anonymous_401)
FNDA:0,(anonymous_402)
FNDA:0,(anonymous_403)
FNDA:0,(anonymous_404)
FNDA:0,(anonymous_405)
FNDA:0,(anonymous_406)
FNDA:0,(anonymous_407)
FNDA:0,(anonymous_408)
FNDA:0,(anonymous_409)
FNDA:0,(anonymous_410)
FNDA:0,(anonymous_411)
FNDA:0,(anonymous_412)
FNDA:0,(anonymous_413)
FNDA:0,(anonymous_414)
FNDA:0,(anonymous_415)
FNDA:0,(anonymous_416)
FNDA:0,(anonymous_417)
FNDA:0,(anonymous_418)
FNDA:0,(anonymous_419)
FNDA:0,(anonymous_420)
FNDA:0,(anonymous_421)
FNDA:0,(anonymous_422)
FNDA:0,(anonymous_423)
FNDA:0,(anonymous_424)
FNDA:0,(anonymous_425)
FNDA:0,(anonymous_426)
FNDA:0,(anonymous_427)
FNDA:0,collectReferencedImageIds
FNDA:0,loadProjects
FNDA:0,(anonymous_430)
FNDA:0,(anonymous_431)
FNDA:0,emitStorageWarning
FNDA:0,saveProjects
FNDA:0,(anonymous_434)
FNDA:0,(anonymous_435)
FNDA:0,(anonymous_436)
FNDA:0,(anonymous_437)
FNDA:0,(anonymous_438)
FNDA:0,(anonymous_439)
FNDA:0,clearAllLocalData
FNDA:0,CephalometryStudio
FNDA:0,(anonymous_442)
FNDA:0,(anonymous_443)
FNDA:0,(anonymous_444)
FNDA:0,(anonymous_445)
FNDA:0,(anonymous_446)
FNDA:0,(anonymous_447)
FNDA:0,(anonymous_448)
FNDA:0,(anonymous_449)
FNDA:0,(anonymous_450)
FNDA:0,(anonymous_451)
FNDA:0,(anonymous_452)
FNDA:0,(anonymous_453)
FNDA:0,(anonymous_454)
FNDA:0,(anonymous_455)
FNDA:0,(anonymous_456)
FNDA:0,(anonymous_457)
FNDA:0,(anonymous_458)
FNDA:0,(anonymous_459)
FNDA:0,(anonymous_460)
FNDA:0,(anonymous_461)
FNDA:0,(anonymous_462)
FNDA:0,(anonymous_463)
FNDA:0,(anonymous_464)
FNDA:0,(anonymous_465)
FNDA:0,(anonymous_466)
FNDA:0,(anonymous_467)
FNDA:0,(anonymous_468)
FNDA:0,(anonymous_469)
FNDA:0,(anonymous_470)
FNDA:0,(anonymous_471)
FNDA:0,(anonymous_472)
FNDA:0,(anonymous_473)
DA:32,0
DA:33,0
DA:36,0
DA:37,0
DA:38,0
DA:39,0
DA:40,0
DA:41,0
DA:42,0
DA:43,0
DA:46,0
DA:47,0
DA:48,0
DA:49,0
DA:50,0
DA:51,0
DA:52,0
DA:53,0
DA:57,0
DA:58,0
DA:59,0
DA:60,0
DA:64,0
DA:65,0
DA:66,0
DA:68,0
DA:69,0
DA:70,0
DA:72,0
DA:73,0
DA:74,0
DA:79,0
DA:80,0
DA:81,0
DA:82,0
DA:83,0
DA:85,0
DA:86,0
DA:87,0
DA:88,0
DA:89,0
DA:91,0
DA:93,0
DA:96,0
DA:99,0
DA:103,0
DA:105,0
DA:106,0
DA:110,0
DA:111,0
DA:115,0
DA:116,0
DA:118,0
DA:125,0
DA:126,0
DA:128,0
DA:129,0
DA:130,0
DA:131,0
DA:132,0
DA:135,0
DA:136,0
DA:138,0
DA:139,0
DA:140,0
DA:141,0
DA:142,0
DA:143,0
DA:144,0
DA:147,0
DA:148,0
DA:151,0
DA:152,0
DA:153,0
DA:156,0
DA:157,0
DA:158,0
DA:159,0
DA:160,0
DA:161,0
DA:163,0
DA:164,0
DA:167,0
DA:177,0
DA:178,0
DA:180,0
DA:184,0
DA:185,0
DA:191,0
DA:192,0
DA:195,0
DA:196,0
DA:197,0
DA:198,0
DA:204,0
DA:205,0
DA:206,0
DA:207,0
DA:208,0
DA:209,0
DA:211,0
DA:212,0
DA:213,0
DA:214,0
DA:215,0
DA:216,0
DA:217,0
DA:218,0
DA:220,0
DA:223,0
DA:224,0
DA:225,0
DA:226,0
DA:227,0
DA:229,0
DA:230,0
DA:231,0
DA:232,0
DA:235,0
DA:246,0
DA:247,0
DA:249,0
DA:255,0
DA:261,0
DA:268,0
DA:281,0
DA:283,0
DA:285,0
DA:299,0
DA:300,0
DA:302,0
DA:306,0
DA:307,0
DA:315,0
DA:316,0
DA:318,0
DA:319,0
DA:321,0
DA:323,0
DA:325,0
DA:328,0
DA:332,0
DA:342,0
DA:343,0
DA:344,0
DA:345,0
DA:346,0
DA:347,0
DA:348,0
DA:350,0
DA:351,0
DA:352,0
DA:353,0
DA:354,0
DA:355,0
DA:356,0
DA:357,0
DA:358,0
DA:359,0
DA:360,0
DA:362,0
DA:363,0
DA:364,0
DA:367,0
DA:368,0
DA:369,0
DA:370,0
DA:371,0
DA:372,0
DA:373,0
DA:374,0
DA:375,0
DA:376,0
DA:377,0
DA:378,0
DA:383,0
DA:385,0
DA:386,0
DA:387,0
DA:388,0
DA:389,0
DA:390,0
DA:391,0
DA:394,0
DA:395,0
DA:396,0
DA:397,0
DA:398,0
DA:399,0
DA:400,0
DA:404,0
DA:405,0
DA:406,0
DA:407,0
DA:408,0
DA:409,0
DA:410,0
DA:414,0
DA:415,0
DA:416,0
DA:417,0
DA:418,0
DA:419,0
DA:420,0
DA:421,0
DA:422,0
DA:423,0
DA:425,0
DA:426,0
DA:427,0
DA:430,0
DA:431,0
DA:432,0
DA:433,0
DA:434,0
DA:435,0
DA:436,0
DA:437,0
DA:438,0
DA:439,0
DA:443,0
DA:444,0
DA:445,0
DA:446,0
DA:447,0
DA:448,0
DA:450,0
DA:451,0
DA:452,0
DA:453,0
DA:454,0
DA:455,0
DA:456,0
DA:457,0
DA:458,0
DA:459,0
DA:460,0
DA:461,0
DA:462,0
DA:464,0
DA:465,0
DA:466,0
DA:467,0
DA:468,0
DA:469,0
DA:470,0
DA:471,0
DA:472,0
DA:473,0
DA:474,0
DA:476,0
DA:477,0
DA:478,0
DA:479,0
DA:480,0
DA:481,0
DA:482,0
DA:483,0
DA:484,0
DA:485,0
DA:487,0
DA:488,0
DA:490,0
DA:492,0
DA:493,0
DA:494,0
DA:495,0
DA:496,0
DA:497,0
DA:498,0
DA:499,0
DA:500,0
DA:501,0
DA:503,0
DA:504,0
DA:506,0
DA:508,0
DA:509,0
DA:510,0
DA:511,0
DA:512,0
DA:513,0
DA:514,0
DA:516,0
DA:517,0
DA:518,0
DA:519,0
DA:521,0
DA:522,0
DA:523,0
DA:524,0
DA:525,0
DA:526,0
DA:527,0
DA:528,0
DA:529,0
DA:530,0
DA:531,0
DA:532,0
DA:533,0
DA:535,0
DA:537,0
DA:538,0
DA:539,0
DA:540,0
DA:541,0
DA:542,0
DA:543,0
DA:544,0
DA:545,0
DA:546,0
DA:548,0
DA:549,0
DA:550,0
DA:551,0
DA:553,0
DA:556,0
DA:559,0
DA:560,0
DA:561,0
DA:562,0
DA:563,0
DA:564,0
DA:565,0
DA:566,0
DA:567,0
DA:569,0
DA:570,0
DA:571,0
DA:573,0
DA:580,0
DA:581,0
DA:582,0
DA:583,0
DA:584,0
DA:588,0
DA:591,0
DA:592,0
DA:594,0
DA:595,0
DA:598,0
DA:599,0
DA:600,0
DA:601,0
DA:602,0
DA:603,0
DA:604,0
DA:605,0
DA:606,0
DA:607,0
DA:608,0
DA:609,0
DA:613,0
DA:614,0
DA:615,0
DA:617,0
DA:618,0
DA:619,0
DA:620,0
DA:621,0
DA:622,0
DA:623,0
DA:624,0
DA:625,0
DA:626,0
DA:629,0
DA:632,0
DA:633,0
DA:634,0
DA:636,0
DA:637,0
DA:638,0
DA:640,0
DA:641,0
DA:642,0
DA:643,0
DA:645,0
DA:646,0
DA:648,0
DA:649,0
DA:650,0
DA:652,0
DA:653,0
DA:654,0
DA:655,0
DA:656,0
DA:657,0
DA:658,0
DA:659,0
DA:660,0
DA:663,0
DA:664,0
DA:666,0
DA:667,0
DA:668,0
DA:669,0
DA:671,0
DA:672,0
DA:673,0
DA:674,0
DA:675,0
DA:676,0
DA:677,0
DA:678,0
DA:679,0
DA:680,0
DA:681,0
DA:682,0
DA:683,0
DA:685,0
DA:688,0
DA:690,0
DA:692,0
DA:694,0
DA:695,0
DA:696,0
DA:697,0
DA:698,0
DA:699,0
DA:700,0
DA:701,0
DA:702,0
DA:703,0
DA:707,0
DA:708,0
DA:709,0
DA:710,0
DA:711,0
DA:713,0
DA:716,0
DA:718,0
DA:719,0
DA:720,0
DA:721,0
DA:722,0
DA:723,0
DA:724,0
DA:725,0
DA:726,0
DA:727,0
DA:728,0
DA:729,0
DA:731,0
DA:732,0
DA:733,0
DA:734,0
DA:735,0
DA:736,0
DA:737,0
DA:738,0
DA:739,0
DA:740,0
DA:741,0
DA:742,0
DA:743,0
DA:744,0
DA:745,0
DA:746,0
DA:750,0
DA:751,0
DA:752,0
DA:753,0
DA:754,0
DA:755,0
DA:756,0
DA:757,0
DA:758,0
DA:759,0
DA:761,0
DA:762,0
DA:763,0
DA:764,0
DA:765,0
DA:766,0
DA:767,0
DA:768,0
DA:769,0
DA:770,0
DA:771,0
DA:772,0
DA:773,0
DA:774,0
DA:775,0
DA:776,0
DA:779,0
DA:780,0
DA:782,0
DA:783,0
DA:784,0
DA:785,0
DA:786,0
DA:787,0
DA:788,0
DA:789,0
DA:790,0
DA:791,0
DA:792,0
DA:793,0
DA:794,0
DA:796,0
DA:799,0
DA:800,0
DA:803,0
DA:804,0
DA:805,0
DA:806,0
DA:807,0
DA:808,0
DA:809,0
DA:810,0
DA:812,0
DA:815,0
DA:816,0
DA:817,0
DA:820,0
DA:822,0
DA:823,0
DA:824,0
DA:825,0
DA:826,0
DA:827,0
DA:828,0
DA:829,0
DA:830,0
DA:831,0
DA:832,0
DA:833,0
DA:835,0
DA:837,0
DA:838,0
DA:842,0
DA:843,0
DA:846,0
DA:847,0
DA:850,0
DA:852,0
DA:853,0
DA:854,0
DA:855,0
DA:856,0
DA:857,0
DA:858,0
DA:859,0
DA:860,0
DA:861,0
DA:862,0
DA:863,0
DA:864,0
DA:865,0
DA:866,0
DA:868,0
DA:869,0
DA:870,0
DA:872,0
DA:875,0
DA:876,0
DA:877,0
DA:878,0
DA:879,0
DA:880,0
DA:881,0
DA:882,0
DA:883,0
DA:884,0
DA:885,0
DA:886,0
DA:887,0
DA:888,0
DA:889,0
DA:890,0
DA:894,0
DA:895,0
DA:896,0
DA:897,0
DA:899,0
DA:900,0
DA:901,0
DA:902,0
DA:903,0
DA:904,0
DA:905,0
DA:907,0
DA:908,0
DA:909,0
DA:910,0
DA:911,0
DA:912,0
DA:913,0
DA:914,0
DA:915,0
DA:916,0
DA:917,0
DA:918,0
DA:923,0
DA:924,0
DA:926,0
DA:927,0
DA:928,0
DA:929,0
DA:930,0
DA:931,0
DA:932,0
DA:933,0
DA:934,0
DA:935,0
DA:936,0
DA:937,0
DA:938,0
DA:939,0
DA:940,0
DA:941,0
DA:942,0
DA:945,0
DA:946,0
DA:947,0
DA:948,0
DA:949,0
DA:950,0
DA:951,0
DA:954,0
DA:955,0
DA:956,0
DA:957,0
DA:958,0
DA:959,0
DA:960,0
DA:961,0
DA:962,0
DA:963,0
DA:964,0
DA:965,0
DA:966,0
DA:967,0
DA:968,0
DA:969,0
DA:972,0
DA:973,0
DA:974,0
DA:975,0
DA:976,0
DA:977,0
DA:978,0
DA:980,0
DA:981,0
DA:983,0
DA:984,0
DA:985,0
DA:986,0
DA:987,0
DA:988,0
DA:989,0
DA:990,0
DA:991,0
DA:992,0
DA:993,0
DA:994,0
DA:995,0
DA:996,0
DA:997,0
DA:998,0
DA:1001,0
DA:1002,0
DA:1003,0
DA:1004,0
DA:1006,0
DA:1008,0
DA:1010,0
DA:1011,0
DA:1012,0
DA:1013,0
DA:1014,0
DA:1015,0
DA:1016,0
DA:1022,0
DA:1023,0
DA:1026,0
DA:1027,0
DA:1028,0
DA:1029,0
DA:1031,0
DA:1032,0
DA:1033,0
DA:1034,0
DA:1035,0
DA:1036,0
DA:1037,0
DA:1038,0
DA:1040,0
DA:1041,0
DA:1042,0
DA:1043,0
DA:1044,0
DA:1045,0
DA:1047,0
DA:1048,0
DA:1049,0
DA:1050,0
DA:1051,0
DA:1053,0
DA:1054,0
DA:1055,0
DA:1056,0
DA:1057,0
DA:1058,0
DA:1060,0
DA:1061,0
DA:1062,0
DA:1063,0
DA:1064,0
DA:1065,0
DA:1066,0
DA:1067,0
DA:1070,0
DA:1071,0
DA:1073,0
DA:1074,0
DA:1075,0
DA:1076,0
DA:1077,0
DA:1078,0
DA:1079,0
DA:1080,0
DA:1081,0
DA:1082,0
DA:1083,0
DA:1084,0
DA:1085,0
DA:1086,0
DA:1087,0
DA:1088,0
DA:1089,0
DA:1090,0
DA:1091,0
DA:1092,0
DA:1093,0
DA:1095,0
DA:1096,0
DA:1100,0
DA:1101,0
DA:1102,0
DA:1103,0
DA:1104,0
DA:1105,0
DA:1106,0
DA:1107,0
DA:1108,0
DA:1109,0
DA:1111,0
DA:1112,0
DA:1113,0
DA:1115,0
DA:1116,0
DA:1117,0
DA:1118,0
DA:1119,0
DA:1120,0
DA:1121,0
DA:1123,0
DA:1125,0
DA:1127,0
DA:1128,0
DA:1129,0
DA:1130,0
DA:1131,0
DA:1132,0
DA:1134,0
DA:1135,0
DA:1136,0
DA:1138,0
DA:1139,0
DA:1141,0
DA:1142,0
DA:1143,0
DA:1144,0
DA:1147,0
DA:1148,0
DA:1149,0
DA:1150,0
DA:1151,0
DA:1152,0
DA:1153,0
DA:1155,0
DA:1156,0
DA:1159,0
DA:1160,0
DA:1166,0
DA:1167,0
DA:1168,0
DA:1169,0
DA:1170,0
DA:1172,0
DA:1173,0
DA:1174,0
DA:1175,0
DA:1176,0
DA:1177,0
DA:1178,0
DA:1179,0
DA:1180,0
DA:1181,0
DA:1182,0
DA:1183,0
DA:1184,0
DA:1186,0
DA:1187,0
DA:1188,0
DA:1190,0
DA:1198,0
DA:1199,0
DA:1200,0
DA:1201,0
DA:1203,0
DA:1204,0
DA:1205,0
DA:1206,0
DA:1207,0
DA:1208,0
DA:1209,0
DA:1210,0
DA:1211,0
DA:1212,0
DA:1213,0
DA:1214,0
DA:1215,0
DA:1216,0
DA:1217,0
DA:1218,0
DA:1219,0
DA:1220,0
DA:1221,0
DA:1223,0
DA:1225,0
DA:1233,0
DA:1235,0
DA:1236,0
DA:1237,0
DA:1238,0
DA:1241,0
DA:1242,0
DA:1243,0
DA:1244,0
DA:1247,0
DA:1248,0
DA:1249,0
DA:1250,0
DA:1251,0
DA:1252,0
DA:1253,0
DA:1254,0
DA:1255,0
DA:1256,0
DA:1257,0
DA:1258,0
DA:1261,0
DA:1262,0
DA:1263,0
DA:1264,0
DA:1265,0
DA:1266,0
DA:1267,0
DA:1268,0
DA:1269,0
DA:1270,0
DA:1271,0
DA:1277,0
DA:1279,0
DA:1280,0
DA:1282,0
DA:1306,0
DA:1308,0
DA:1311,0
DA:1312,0
DA:1313,0
DA:1331,0
DA:1334,0
DA:1337,0
DA:1340,0
DA:1343,0
DA:1344,0
DA:1347,0
DA:1352,0
DA:1358,0
DA:1359,0
DA:1360,0
DA:1366,0
DA:1370,0
DA:1373,0
DA:1376,0
DA:1381,0
DA:1385,0
DA:1396,0
DA:1397,0
DA:1401,0
DA:1402,0
DA:1406,0
DA:1407,0
DA:1411,0
DA:1412,0
DA:1416,0
DA:1417,0
DA:1421,0
DA:1422,0
DA:1426,0
DA:1427,0
DA:1431,0
DA:1435,0
DA:1440,0
DA:1447,0
DA:1448,0
DA:1452,0
DA:1466,0
DA:1467,0
DA:1468,0
DA:1469,0
DA:1473,0
DA:1479,0
DA:1483,0
DA:1489,0
DA:1490,0
DA:1491,0
DA:1493,0
DA:1501,0
DA:1508,0
DA:1509,0
DA:1518,0
DA:1527,0
DA:1528,0
DA:1529,0
DA:1548,0
DA:1555,0
DA:1557,0
DA:1560,0
DA:1562,0
DA:1572,0
DA:1596,0
DA:1597,0
DA:1598,0
DA:1599,0
DA:1619,0
DA:1625,0
DA:1626,0
DA:1627,0
DA:1628,0
DA:1629,0
DA:1630,0
DA:1634,0
DA:1635,0
DA:1636,0
DA:1637,0
DA:1638,0
DA:1639,0
DA:1640,0
DA:1650,0
DA:1652,0
DA:1655,0
DA:1658,0
DA:1659,0
DA:1660,0
DA:1661,0
DA:1662,0
DA:1663,0
DA:1665,0
DA:1666,0
DA:1672,0
DA:1676,0
DA:1682,0
DA:1683,0
DA:1684,0
DA:1685,0
DA:1686,0
DA:1687,0
DA:1688,0
DA:1689,0
DA:1690,0
DA:1692,0
DA:1701,0
DA:1702,0
DA:1705,0
DA:1709,0
DA:1710,0
DA:1711,0
DA:1712,0
DA:1713,0
DA:1714,0
DA:1715,0
DA:1716,0
DA:1717,0
DA:1719,0
DA:1723,0
DA:1724,0
DA:1725,0
DA:1727,0
DA:1728,0
DA:1740,0
DA:1748,0
DA:1751,0
DA:1752,0
DA:1753,0
DA:1754,0
DA:1755,0
DA:1759,0
DA:1763,0
DA:1764,0
DA:1765,0
DA:1767,0
DA:1768,0
DA:1769,0
DA:1770,0
DA:1771,0
DA:1773,0
DA:1776,0
DA:1778,0
DA:1780,0
DA:1781,0
DA:1783,0
DA:1784,0
DA:1790,0
DA:1791,0
DA:1797,0
DA:1798,0
DA:1803,0
DA:1804,0
DA:1807,0
DA:1808,0
DA:1809,0
DA:1810,0
DA:1811,0
DA:1824,0
DA:1825,0
DA:1826,0
DA:1827,0
DA:1828,0
DA:1829,0
DA:1831,0
DA:1832,0
DA:1833,0
DA:1834,0
DA:1835,0
DA:1839,0
DA:1840,0
DA:1841,0
DA:1843,0
DA:1844,0
DA:1849,0
DA:1851,0
DA:1853,0
DA:1863,0
DA:1864,0
DA:1865,0
DA:1867,0
DA:1869,0
DA:1872,0
DA:1873,0
DA:1875,0
DA:1876,0
DA:1878,0
DA:1882,0
DA:1888,0
DA:1889,0
DA:1892,0
DA:1893,0
DA:1897,0
DA:1901,0
DA:1902,0
DA:1903,0
DA:1908,0
DA:1910,0
DA:1911,0
DA:1912,0
DA:1913,0
DA:1914,0
DA:1915,0
DA:1916,0
DA:1917,0
DA:1919,0
DA:1922,0
DA:1923,0
DA:1924,0
DA:1926,0
DA:1927,0
DA:1928,0
DA:1931,0
DA:1933,0
DA:1934,0
DA:1935,0
DA:1936,0
DA:1939,0
DA:1941,0
DA:1943,0
DA:1944,0
DA:1945,0
DA:1946,0
DA:1947,0
DA:1948,0
DA:1951,0
DA:1952,0
DA:1953,0
DA:1954,0
DA:1955,0
DA:1956,0
DA:1957,0
DA:1958,0
DA:1959,0
DA:1964,0
DA:1966,0
DA:1967,0
DA:1968,0
DA:1969,0
DA:1970,0
DA:1971,0
DA:1972,0
DA:1973,0
DA:1975,0
DA:1976,0
DA:1977,0
DA:1980,0
DA:1983,0
DA:1984,0
DA:1985,0
DA:1986,0
DA:1987,0
DA:1991,0
DA:1997,0
DA:2001,0
DA:2004,0
DA:2005,0
DA:2006,0
LF:1127
LH:0
BRDA:33,0,0,0
BRDA:33,0,1,0
BRDA:38,1,0,0
BRDA:38,1,1,0
BRDA:40,2,0,0
BRDA:40,2,1,0
BRDA:41,3,0,0
BRDA:41,3,1,0
BRDA:43,4,0,0
BRDA:43,4,1,0
BRDA:43,5,0,0
BRDA:43,5,1,0
BRDA:46,6,0,0
BRDA:46,6,1,0
BRDA:47,7,0,0
BRDA:47,7,1,0
BRDA:47,8,0,0
BRDA:47,8,1,0
BRDA:48,9,0,0
BRDA:48,9,1,0
BRDA:49,10,0,0
BRDA:49,10,1,0
BRDA:49,11,0,0
BRDA:49,11,1,0
BRDA:50,12,0,0
BRDA:50,12,1,0
BRDA:51,13,0,0
BRDA:51,13,1,0
BRDA:51,14,0,0
BRDA:51,14,1,0
BRDA:52,15,0,0
BRDA:52,15,1,0
BRDA:53,16,0,0
BRDA:53,16,1,0
BRDA:53,17,0,0
BRDA:53,17,1,0
BRDA:57,18,0,0
BRDA:57,18,1,0
BRDA:60,19,0,0
BRDA:60,19,1,0
BRDA:60,20,0,0
BRDA:60,20,1,0
BRDA:64,21,0,0
BRDA:64,21,1,0
BRDA:65,22,0,0
BRDA:65,22,1,0
BRDA:78,23,0,0
BRDA:79,24,0,0
BRDA:79,24,1,0
BRDA:79,25,0,0
BRDA:79,25,1,0
BRDA:79,25,2,0
BRDA:80,26,0,0
BRDA:80,26,1,0
BRDA:83,27,0,0
BRDA:83,27,1,0
BRDA:83,28,0,0
BRDA:83,28,1,0
BRDA:85,29,0,0
BRDA:85,29,1,0
BRDA:87,30,0,0
BRDA:87,30,1,0
BRDA:87,31,0,0
BRDA:87,31,1,0
BRDA:87,31,2,0
BRDA:89,32,0,0
BRDA:89,32,1,0
BRDA:89,33,0,0
BRDA:89,33,1,0
BRDA:91,34,0,0
BRDA:91,34,1,0
BRDA:106,35,0,0
BRDA:106,35,1,0
BRDA:110,36,0,0
BRDA:110,36,1,0
BRDA:115,37,0,0
BRDA:115,37,1,0
BRDA:120,38,0,0
BRDA:120,38,1,0
BRDA:141,39,0,0
BRDA:141,39,1,0
BRDA:143,40,0,0
BRDA:143,40,1,0
BRDA:143,41,0,0
BRDA:143,41,1,0
BRDA:150,42,0,0
BRDA:156,43,0,0
BRDA:156,43,1,0
BRDA:157,44,0,0
BRDA:157,44,1,0
BRDA:159,45,0,0
BRDA:159,45,1,0
BRDA:163,46,0,0
BRDA:163,46,1,0
BRDA:163,47,0,0
BRDA:163,47,1,0
BRDA:164,48,0,0
BRDA:164,48,1,0
BRDA:167,49,0,0
BRDA:167,49,1,0
BRDA:167,49,2,0
BRDA:167,50,0,0
BRDA:167,50,1,0
BRDA:167,51,0,0
BRDA:167,51,1,0
BRDA:167,52,0,0
BRDA:167,52,1,0
BRDA:177,53,0,0
BRDA:177,53,1,0
BRDA:177,54,0,0
BRDA:177,54,1,0
BRDA:180,55,0,0
BRDA:180,55,1,0
BRDA:181,56,0,0
BRDA:181,56,1,0
BRDA:182,57,0,0
BRDA:182,57,1,0
BRDA:183,58,0,0
BRDA:183,58,1,0
BRDA:183,58,2,0
BRDA:185,59,0,0
BRDA:185,59,1,0
BRDA:191,60,0,0
BRDA:191,60,1,0
BRDA:204,61,0,0
BRDA:204,61,1,0
BRDA:204,62,0,0
BRDA:204,62,1,0
BRDA:205,63,0,0
BRDA:205,63,1,0
BRDA:205,64,0,0
BRDA:205,64,1,0
BRDA:206,65,0,0
BRDA:206,65,1,0
BRDA:214,66,0,0
BRDA:214,66,1,0
BRDA:215,67,0,0
BRDA:215,67,1,0
BRDA:216,68,0,0
BRDA:216,68,1,0
BRDA:216,69,0,0
BRDA:216,69,1,0
BRDA:217,70,0,0
BRDA:217,70,1,0
BRDA:217,71,0,0
BRDA:217,71,1,0
BRDA:224,72,0,0
BRDA:224,72,1,0
BRDA:225,73,0,0
BRDA:225,73,1,0
BRDA:225,74,0,0
BRDA:225,74,1,0
BRDA:231,75,0,0
BRDA:231,75,1,0
BRDA:231,76,0,0
BRDA:231,76,1,0
BRDA:246,77,0,0
BRDA:246,77,1,0
BRDA:246,77,2,0
BRDA:247,78,0,0
BRDA:247,78,1,0
BRDA:247,79,0,0
BRDA:247,79,1,0
BRDA:261,80,0,0
BRDA:261,80,1,0
BRDA:270,81,0,0
BRDA:270,81,1,0
BRDA:278,82,0,0
BRDA:278,82,1,0
BRDA:285,83,0,0
BRDA:285,83,1,0
BRDA:285,84,0,0
BRDA:285,84,1,0
BRDA:291,85,0,0
BRDA:291,85,1,0
BRDA:291,86,0,0
BRDA:291,86,1,0
BRDA:293,87,0,0
BRDA:293,87,1,0
BRDA:293,88,0,0
BRDA:293,88,1,0
BRDA:294,89,0,0
BRDA:294,89,1,0
BRDA:294,90,0,0
BRDA:294,90,1,0
BRDA:294,91,0,0
BRDA:294,91,1,0
BRDA:299,92,0,0
BRDA:299,92,1,0
BRDA:299,93,0,0
BRDA:299,93,1,0
BRDA:302,94,0,0
BRDA:302,94,1,0
BRDA:302,95,0,0
BRDA:302,95,1,0
BRDA:302,96,0,0
BRDA:302,96,1,0
BRDA:306,97,0,0
BRDA:306,97,1,0
BRDA:306,98,0,0
BRDA:306,98,1,0
BRDA:307,99,0,0
BRDA:307,99,1,0
BRDA:321,100,0,0
BRDA:321,100,1,0
BRDA:356,101,0,0
BRDA:356,101,1,0
BRDA:357,102,0,0
BRDA:357,102,1,0
BRDA:359,103,0,0
BRDA:359,103,1,0
BRDA:360,104,0,0
BRDA:360,104,1,0
BRDA:363,105,0,0
BRDA:363,105,1,0
BRDA:364,106,0,0
BRDA:364,106,1,0
BRDA:375,107,0,0
BRDA:375,107,1,0
BRDA:377,108,0,0
BRDA:377,108,1,0
BRDA:386,109,0,0
BRDA:386,109,1,0
BRDA:395,110,0,0
BRDA:395,110,1,0
BRDA:405,111,0,0
BRDA:405,111,1,0
BRDA:406,112,0,0
BRDA:406,112,1,0
BRDA:407,113,0,0
BRDA:407,113,1,0
BRDA:407,113,2,0
BRDA:408,114,0,0
BRDA:408,114,1,0
BRDA:409,115,0,0
BRDA:409,115,1,0
BRDA:409,116,0,0
BRDA:409,116,1,0
BRDA:425,117,0,0
BRDA:425,117,1,0
BRDA:426,118,0,0
BRDA:426,118,1,0
BRDA:427,119,0,0
BRDA:427,119,1,0
BRDA:432,120,0,0
BRDA:432,120,1,0
BRDA:434,121,0,0
BRDA:434,121,1,0
BRDA:435,122,0,0
BRDA:435,122,1,0
BRDA:443,123,0,0
BRDA:443,123,1,0
BRDA:444,124,0,0
BRDA:444,124,1,0
BRDA:445,125,0,0
BRDA:445,125,1,0
BRDA:445,126,0,0
BRDA:445,126,1,0
BRDA:446,127,0,0
BRDA:446,127,1,0
BRDA:446,128,0,0
BRDA:446,128,1,0
BRDA:447,129,0,0
BRDA:447,129,1,0
BRDA:453,130,0,0
BRDA:453,130,1,0
BRDA:458,131,0,0
BRDA:458,131,1,0
BRDA:459,132,0,0
BRDA:459,132,1,0
BRDA:460,133,0,0
BRDA:460,133,1,0
BRDA:460,134,0,0
BRDA:460,134,1,0
BRDA:461,135,0,0
BRDA:461,135,1,0
BRDA:472,136,0,0
BRDA:472,136,1,0
BRDA:478,137,0,0
BRDA:478,137,1,0
BRDA:480,138,0,0
BRDA:480,138,1,0
BRDA:482,139,0,0
BRDA:482,139,1,0
BRDA:484,140,0,0
BRDA:484,140,1,0
BRDA:494,141,0,0
BRDA:494,141,1,0
BRDA:496,142,0,0
BRDA:496,142,1,0
BRDA:498,143,0,0
BRDA:498,143,1,0
BRDA:500,144,0,0
BRDA:500,144,1,0
BRDA:510,145,0,0
BRDA:510,145,1,0
BRDA:510,146,0,0
BRDA:510,146,1,0
BRDA:510,147,0,0
BRDA:510,147,1,0
BRDA:510,148,0,0
BRDA:510,148,1,0
BRDA:510,149,0,0
BRDA:510,149,1,0
BRDA:510,150,0,0
BRDA:510,150,1,0
BRDA:510,151,0,0
BRDA:510,151,1,0
BRDA:510,151,2,0
BRDA:510,151,3,0
BRDA:510,152,0,0
BRDA:510,152,1,0
BRDA:510,153,0,0
BRDA:510,153,1,0
BRDA:510,154,0,0
BRDA:510,154,1,0
BRDA:510,155,0,0
BRDA:510,155,1,0
BRDA:510,156,0,0
BRDA:510,156,1,0
BRDA:510,157,0,0
BRDA:510,157,1,0
BRDA:510,158,0,0
BRDA:510,158,1,0
BRDA:510,159,0,0
BRDA:510,159,1,0
BRDA:510,160,0,0
BRDA:510,160,1,0
BRDA:510,161,0,0
BRDA:510,161,1,0
BRDA:514,162,0,0
BRDA:514,162,1,0
BRDA:519,163,0,0
BRDA:519,163,1,0
BRDA:526,164,0,0
BRDA:526,164,1,0
BRDA:527,165,0,0
BRDA:527,165,1,0
BRDA:527,166,0,0
BRDA:527,166,1,0
BRDA:527,167,0,0
BRDA:527,167,1,0
BRDA:528,168,0,0
BRDA:528,168,1,0
BRDA:528,169,0,0
BRDA:528,169,1,0
BRDA:529,170,0,0
BRDA:529,170,1,0
BRDA:529,171,0,0
BRDA:529,171,1,0
BRDA:530,172,0,0
BRDA:530,172,1,0
BRDA:530,173,0,0
BRDA:530,173,1,0
BRDA:531,174,0,0
BRDA:531,174,1,0
BRDA:531,175,0,0
BRDA:531,175,1,0
BRDA:531,175,2,0
BRDA:531,175,3,0
BRDA:531,175,4,0
BRDA:532,176,0,0
BRDA:532,176,1,0
BRDA:532,177,0,0
BRDA:532,177,1,0
BRDA:532,177,2,0
BRDA:532,177,3,0
BRDA:532,177,4,0
BRDA:532,177,5,0
BRDA:533,178,0,0
BRDA:533,178,1,0
BRDA:548,179,0,0
BRDA:548,179,1,0
BRDA:549,180,0,0
BRDA:549,180,1,0
BRDA:561,181,0,0
BRDA:561,181,1,0
BRDA:564,182,0,0
BRDA:564,182,1,0
BRDA:564,183,0,0
BRDA:564,183,1,0
BRDA:566,184,0,0
BRDA:566,184,1,0
BRDA:570,185,0,0
BRDA:570,185,1,0
BRDA:573,186,0,0
BRDA:573,186,1,0
BRDA:582,187,0,0
BRDA:582,187,1,0
BRDA:582,188,0,0
BRDA:582,188,1,0
BRDA:582,189,0,0
BRDA:582,189,1,0
BRDA:591,190,0,0
BRDA:591,190,1,0
BRDA:600,191,0,0
BRDA:600,191,1,0
BRDA:601,192,0,0
BRDA:601,192,1,0
BRDA:602,193,0,0
BRDA:602,193,1,0
BRDA:615,194,0,0
BRDA:615,194,1,0
BRDA:617,195,0,0
BRDA:617,195,1,0
BRDA:620,196,0,0
BRDA:620,196,1,0
BRDA:620,197,0,0
BRDA:620,197,1,0
BRDA:629,198,0,0
BRDA:629,198,1,0
BRDA:633,199,0,0
BRDA:633,199,1,0
BRDA:634,200,0,0
BRDA:634,200,1,0
BRDA:648,201,0,0
BRDA:648,201,1,0
BRDA:648,202,0,0
BRDA:648,202,1,0
BRDA:653,203,0,0
BRDA:653,203,1,0
BRDA:653,204,0,0
BRDA:653,204,1,0
BRDA:653,205,0,0
BRDA:653,205,1,0
BRDA:654,206,0,0
BRDA:654,206,1,0
BRDA:654,207,0,0
BRDA:654,207,1,0
BRDA:654,207,2,0
BRDA:654,208,0,0
BRDA:654,208,1,0
BRDA:654,208,2,0
BRDA:655,209,0,0
BRDA:655,209,1,0
BRDA:655,210,0,0
BRDA:655,210,1,0
BRDA:656,211,0,0
BRDA:656,211,1,0
BRDA:656,212,0,0
BRDA:656,212,1,0
BRDA:657,213,0,0
BRDA:657,213,1,0
BRDA:657,214,0,0
BRDA:657,214,1,0
BRDA:657,215,0,0
BRDA:657,215,1,0
BRDA:659,216,0,0
BRDA:659,216,1,0
BRDA:659,217,0,0
BRDA:659,217,1,0
BRDA:666,218,0,0
BRDA:666,218,1,0
BRDA:666,219,0,0
BRDA:666,219,1,0
BRDA:669,220,0,0
BRDA:669,220,1,0
BRDA:671,221,0,0
BRDA:671,221,1,0
BRDA:671,222,0,0
BRDA:671,222,1,0
BRDA:672,223,0,0
BRDA:672,223,1,0
BRDA:672,224,0,0
BRDA:672,224,1,0
BRDA:673,225,0,0
BRDA:673,225,1,0
BRDA:673,226,0,0
BRDA:673,226,1,0
BRDA:674,227,0,0
BRDA:674,227,1,0
BRDA:674,228,0,0
BRDA:674,228,1,0
BRDA:675,229,0,0
BRDA:675,229,1,0
BRDA:675,230,0,0
BRDA:675,230,1,0
BRDA:676,231,0,0
BRDA:676,231,1,0
BRDA:676,232,0,0
BRDA:676,232,1,0
BRDA:676,232,2,0
BRDA:676,232,3,0
BRDA:694,233,0,0
BRDA:694,233,1,0
BRDA:694,234,0,0
BRDA:694,234,1,0
BRDA:696,235,0,0
BRDA:696,235,1,0
BRDA:697,236,0,0
BRDA:697,236,1,0
BRDA:707,237,0,0
BRDA:707,237,1,0
BRDA:708,238,0,0
BRDA:708,238,1,0
BRDA:713,239,0,0
BRDA:713,239,1,0
BRDA:718,240,0,0
BRDA:718,240,1,0
BRDA:718,241,0,0
BRDA:718,241,1,0
BRDA:718,241,2,0
BRDA:720,242,0,0
BRDA:720,242,1,0
BRDA:720,243,0,0
BRDA:720,243,1,0
BRDA:722,244,0,0
BRDA:722,244,1,0
BRDA:728,245,0,0
BRDA:728,245,1,0
BRDA:729,246,0,0
BRDA:729,246,1,0
BRDA:729,247,0,0
BRDA:729,247,1,0
BRDA:731,248,0,0
BRDA:731,248,1,0
BRDA:734,249,0,0
BRDA:734,249,1,0
BRDA:735,250,0,0
BRDA:735,250,1,0
BRDA:736,251,0,0
BRDA:736,251,1,0
BRDA:750,252,0,0
BRDA:750,252,1,0
BRDA:751,253,0,0
BRDA:751,253,1,0
BRDA:751,254,0,0
BRDA:751,254,1,0
BRDA:752,255,0,0
BRDA:752,255,1,0
BRDA:761,256,0,0
BRDA:761,256,1,0
BRDA:765,257,0,0
BRDA:765,257,1,0
BRDA:765,258,0,0
BRDA:765,258,1,0
BRDA:767,259,0,0
BRDA:767,259,1,0
BRDA:768,260,0,0
BRDA:768,260,1,0
BRDA:769,261,0,0
BRDA:769,261,1,0
BRDA:770,262,0,0
BRDA:770,262,1,0
BRDA:771,263,0,0
BRDA:771,263,1,0
BRDA:772,264,0,0
BRDA:772,264,1,0
BRDA:772,265,0,0
BRDA:772,265,1,0
BRDA:780,266,0,0
BRDA:780,266,1,0
BRDA:780,267,0,0
BRDA:780,267,1,0
BRDA:780,268,0,0
BRDA:780,268,1,0
BRDA:780,269,0,0
BRDA:780,269,1,0
BRDA:780,270,0,0
BRDA:780,270,1,0
BRDA:782,271,0,0
BRDA:782,271,1,0
BRDA:799,272,0,0
BRDA:799,272,1,0
BRDA:800,273,0,0
BRDA:800,273,1,0
BRDA:800,274,0,0
BRDA:800,274,1,0
BRDA:803,275,0,0
BRDA:803,275,1,0
BRDA:805,276,0,0
BRDA:805,276,1,0
BRDA:815,277,0,0
BRDA:815,277,1,0
BRDA:816,278,0,0
BRDA:816,278,1,0
BRDA:820,279,0,0
BRDA:820,279,1,0
BRDA:820,280,0,0
BRDA:820,280,1,0
BRDA:822,281,0,0
BRDA:823,282,0,0
BRDA:823,282,1,0
BRDA:823,283,0,0
BRDA:823,283,1,0
BRDA:831,284,0,0
BRDA:831,284,1,0
BRDA:832,285,0,0
BRDA:832,285,1,0
BRDA:838,286,0,0
BRDA:838,286,1,0
BRDA:838,287,0,0
BRDA:838,287,1,0
BRDA:838,288,0,0
BRDA:838,288,1,0
BRDA:842,289,0,0
BRDA:842,289,1,0
BRDA:846,290,0,0
BRDA:846,290,1,0
BRDA:854,291,0,0
BRDA:854,291,1,0
BRDA:854,292,0,0
BRDA:854,292,1,0
BRDA:855,293,0,0
BRDA:855,293,1,0
BRDA:855,294,0,0
BRDA:855,294,1,0
BRDA:855,294,2,0
BRDA:856,295,0,0
BRDA:856,295,1,0
BRDA:856,296,0,0
BRDA:856,296,1,0
BRDA:856,296,2,0
BRDA:857,297,0,0
BRDA:857,297,1,0
BRDA:857,298,0,0
BRDA:857,298,1,0
BRDA:857,299,0,0
BRDA:857,299,1,0
BRDA:857,300,0,0
BRDA:857,300,1,0
BRDA:859,301,0,0
BRDA:859,301,1,0
BRDA:860,302,0,0
BRDA:860,302,1,0
BRDA:860,303,0,0
BRDA:860,303,1,0
BRDA:860,303,2,0
BRDA:860,304,0,0
BRDA:860,304,1,0
BRDA:861,305,0,0
BRDA:861,305,1,0
BRDA:861,306,0,0
BRDA:861,306,1,0
BRDA:861,306,2,0
BRDA:861,306,3,0
BRDA:862,307,0,0
BRDA:862,307,1,0
BRDA:862,308,0,0
BRDA:862,308,1,0
BRDA:865,309,0,0
BRDA:865,309,1,0
BRDA:868,310,0,0
BRDA:868,310,1,0
BRDA:868,311,0,0
BRDA:868,311,1,0
BRDA:869,312,0,0
BRDA:869,312,1,0
BRDA:870,313,0,0
BRDA:870,313,1,0
BRDA:878,314,0,0
BRDA:878,314,1,0
BRDA:881,315,0,0
BRDA:881,315,1,0
BRDA:881,316,0,0
BRDA:881,316,1,0
BRDA:881,316,2,0
BRDA:883,317,0,0
BRDA:883,317,1,0
BRDA:887,318,0,0
BRDA:887,318,1,0
BRDA:888,319,0,0
BRDA:888,319,1,0
BRDA:888,320,0,0
BRDA:888,320,1,0
BRDA:888,321,0,0
BRDA:888,321,1,0
BRDA:888,322,0,0
BRDA:888,322,1,0
BRDA:888,323,0,0
BRDA:888,323,1,0
BRDA:888,324,0,0
BRDA:888,324,1,0
BRDA:888,324,2,0
BRDA:888,324,3,0
BRDA:888,325,0,0
BRDA:888,325,1,0
BRDA:889,326,0,0
BRDA:889,326,1,0
BRDA:889,327,0,0
BRDA:889,327,1,0
BRDA:896,328,0,0
BRDA:896,328,1,0
BRDA:899,329,0,0
BRDA:899,329,1,0
BRDA:900,330,0,0
BRDA:900,330,1,0
BRDA:902,331,0,0
BRDA:902,331,1,0
BRDA:908,332,0,0
BRDA:908,332,1,0
BRDA:909,333,0,0
BRDA:909,333,1,0
BRDA:910,334,0,0
BRDA:910,334,1,0
BRDA:912,335,0,0
BRDA:912,335,1,0
BRDA:913,336,0,0
BRDA:913,336,1,0
BRDA:917,337,0,0
BRDA:917,337,1,0
BRDA:917,338,0,0
BRDA:917,338,1,0
BRDA:917,338,2,0
BRDA:920,339,0,0
BRDA:920,339,1,0
BRDA:926,340,0,0
BRDA:926,340,1,0
BRDA:928,341,0,0
BRDA:928,341,1,0
BRDA:929,342,0,0
BRDA:929,342,1,0
BRDA:930,343,0,0
BRDA:930,343,1,0
BRDA:942,344,0,0
BRDA:942,344,1,0
BRDA:945,345,0,0
BRDA:945,345,1,0
BRDA:945,346,0,0
BRDA:945,346,1,0
BRDA:945,346,2,0
BRDA:954,347,0,0
BRDA:954,347,1,0
BRDA:954,348,0,0
BRDA:954,348,1,0
BRDA:955,349,0,0
BRDA:955,349,1,0
BRDA:956,350,0,0
BRDA:956,350,1,0
BRDA:957,351,0,0
BRDA:957,351,1,0
BRDA:969,352,0,0
BRDA:969,352,1,0
BRDA:975,353,0,0
BRDA:975,353,1,0
BRDA:983,354,0,0
BRDA:983,354,1,0
BRDA:983,355,0,0
BRDA:983,355,1,0
BRDA:984,356,0,0
BRDA:984,356,1,0
BRDA:985,357,0,0
BRDA:985,357,1,0
BRDA:986,358,0,0
BRDA:986,358,1,0
BRDA:998,359,0,0
BRDA:998,359,1,0
BRDA:1001,360,0,0
BRDA:1001,360,1,0
BRDA:1003,361,0,0
BRDA:1003,361,1,0
BRDA:1013,362,0,0
BRDA:1013,362,1,0
BRDA:1013,363,0,0
BRDA:1013,363,1,0
BRDA:1018,364,0,0
BRDA:1018,364,1,0
BRDA:1031,365,0,0
BRDA:1031,365,1,0
BRDA:1031,366,0,0
BRDA:1031,366,1,0
BRDA:1031,366,2,0
BRDA:1034,367,0,0
BRDA:1034,367,1,0
BRDA:1040,368,0,0
BRDA:1040,368,1,0
BRDA:1040,369,0,0
BRDA:1040,369,1,0
BRDA:1040,369,2,0
BRDA:1043,370,0,0
BRDA:1043,370,1,0
BRDA:1044,371,0,0
BRDA:1044,371,1,0
BRDA:1044,372,0,0
BRDA:1044,372,1,0
BRDA:1048,373,0,0
BRDA:1048,373,1,0
BRDA:1048,374,0,0
BRDA:1048,374,1,0
BRDA:1049,375,0,0
BRDA:1049,375,1,0
BRDA:1053,376,0,0
BRDA:1053,376,1,0
BRDA:1054,377,0,0
BRDA:1054,377,1,0
BRDA:1055,378,0,0
BRDA:1055,378,1,0
BRDA:1056,379,0,0
BRDA:1056,379,1,0
BRDA:1060,380,0,0
BRDA:1060,380,1,0
BRDA:1060,381,0,0
BRDA:1060,381,1,0
BRDA:1061,382,0,0
BRDA:1061,382,1,0
BRDA:1061,383,0,0
BRDA:1061,383,1,0
BRDA:1061,384,0,0
BRDA:1061,384,1,0
BRDA:1061,384,2,0
BRDA:1061,385,0,0
BRDA:1061,385,1,0
BRDA:1061,386,0,0
BRDA:1061,386,1,0
BRDA:1061,387,0,0
BRDA:1061,387,1,0
BRDA:1062,388,0,0
BRDA:1062,388,1,0
BRDA:1062,389,0,0
BRDA:1062,389,1,0
BRDA:1062,390,0,0
BRDA:1062,390,1,0
BRDA:1062,391,0,0
BRDA:1062,391,1,0
BRDA:1063,392,0,0
BRDA:1063,392,1,0
BRDA:1063,393,0,0
BRDA:1063,393,1,0
BRDA:1063,394,0,0
BRDA:1063,394,1,0
BRDA:1063,395,0,0
BRDA:1063,395,1,0
BRDA:1063,396,0,0
BRDA:1063,396,1,0
BRDA:1063,396,2,0
BRDA:1063,397,0,0
BRDA:1063,397,1,0
BRDA:1064,398,0,0
BRDA:1064,398,1,0
BRDA:1064,399,0,0
BRDA:1064,399,1,0
BRDA:1064,400,0,0
BRDA:1064,400,1,0
BRDA:1064,401,0,0
BRDA:1064,401,1,0
BRDA:1065,402,0,0
BRDA:1065,402,1,0
BRDA:1066,403,0,0
BRDA:1066,403,1,0
BRDA:1067,404,0,0
BRDA:1067,404,1,0
BRDA:1067,405,0,0
BRDA:1067,405,1,0
BRDA:1074,406,0,0
BRDA:1074,406,1,0
BRDA:1074,407,0,0
BRDA:1074,407,1,0
BRDA:1074,407,2,0
BRDA:1074,408,0,0
BRDA:1074,408,1,0
BRDA:1074,409,0,0
BRDA:1074,409,1,0
BRDA:1075,410,0,0
BRDA:1075,410,1,0
BRDA:1075,411,0,0
BRDA:1075,411,1,0
BRDA:1075,411,2,0
BRDA:1075,412,0,0
BRDA:1075,412,1,0
BRDA:1075,413,0,0
BRDA:1075,413,1,0
BRDA:1075,414,0,0
BRDA:1075,414,1,0
BRDA:1075,415,0,0
BRDA:1075,415,1,0
BRDA:1075,416,0,0
BRDA:1075,416,1,0
BRDA:1075,417,0,0
BRDA:1075,417,1,0
BRDA:1075,418,0,0
BRDA:1075,418,1,0
BRDA:1075,419,0,0
BRDA:1075,419,1,0
BRDA:1075,420,0,0
BRDA:1075,420,1,0
BRDA:1075,421,0,0
BRDA:1075,421,1,0
BRDA:1075,422,0,0
BRDA:1075,422,1,0
BRDA:1075,423,0,0
BRDA:1075,423,1,0
BRDA:1075,424,0,0
BRDA:1075,424,1,0
BRDA:1075,425,0,0
BRDA:1075,425,1,0
BRDA:1075,426,0,0
BRDA:1075,426,1,0
BRDA:1075,427,0,0
BRDA:1075,427,1,0
BRDA:1075,428,0,0
BRDA:1075,428,1,0
BRDA:1075,429,0,0
BRDA:1075,429,1,0
BRDA:1075,430,0,0
BRDA:1075,430,1,0
BRDA:1075,431,0,0
BRDA:1075,431,1,0
BRDA:1075,432,0,0
BRDA:1075,432,1,0
BRDA:1075,433,0,0
BRDA:1075,433,1,0
BRDA:1075,434,0,0
BRDA:1075,434,1,0
BRDA:1075,435,0,0
BRDA:1075,435,1,0
BRDA:1075,436,0,0
BRDA:1075,436,1,0
BRDA:1075,437,0,0
BRDA:1075,437,1,0
BRDA:1075,438,0,0
BRDA:1075,438,1,0
BRDA:1076,439,0,0
BRDA:1076,439,1,0
BRDA:1077,440,0,0
BRDA:1077,440,1,0
BRDA:1077,441,0,0
BRDA:1077,441,1,0
BRDA:1078,442,0,0
BRDA:1078,442,1,0
BRDA:1078,443,0,0
BRDA:1078,443,1,0
BRDA:1078,444,0,0
BRDA:1078,444,1,0
BRDA:1078,445,0,0
BRDA:1078,445,1,0
BRDA:1078,446,0,0
BRDA:1078,446,1,0
BRDA:1078,447,0,0
BRDA:1078,447,1,0
BRDA:1078,448,0,0
BRDA:1078,448,1,0
BRDA:1078,449,0,0
BRDA:1078,449,1,0
BRDA:1079,450,0,0
BRDA:1079,450,1,0
BRDA:1079,451,0,0
BRDA:1079,451,1,0
BRDA:1079,452,0,0
BRDA:1079,452,1,0
BRDA:1079,453,0,0
BRDA:1079,453,1,0
BRDA:1079,454,0,0
BRDA:1079,454,1,0
BRDA:1079,455,0,0
BRDA:1079,455,1,0
BRDA:1079,456,0,0
BRDA:1079,456,1,0
BRDA:1079,457,0,0
BRDA:1079,457,1,0
BRDA:1079,458,0,0
BRDA:1079,458,1,0
BRDA:1079,459,0,0
BRDA:1079,459,1,0
BRDA:1079,460,0,0
BRDA:1079,460,1,0
BRDA:1079,461,0,0
BRDA:1079,461,1,0
BRDA:1079,462,0,0
BRDA:1079,462,1,0
BRDA:1079,463,0,0
BRDA:1079,463,1,0
BRDA:1079,464,0,0
BRDA:1079,464,1,0
BRDA:1080,465,0,0
BRDA:1080,465,1,0
BRDA:1084,466,0,0
BRDA:1084,466,1,0
BRDA:1084,467,0,0
BRDA:1084,467,1,0
BRDA:1084,467,2,0
BRDA:1085,468,0,0
BRDA:1085,468,1,0
BRDA:1085,469,0,0
BRDA:1085,469,1,0
BRDA:1085,469,2,0
BRDA:1087,470,0,0
BRDA:1087,470,1,0
BRDA:1090,471,0,0
BRDA:1090,471,1,0
BRDA:1090,472,0,0
BRDA:1090,472,1,0
BRDA:1101,473,0,0
BRDA:1101,473,1,0
BRDA:1107,474,0,0
BRDA:1107,474,1,0
BRDA:1107,475,0,0
BRDA:1107,475,1,0
BRDA:1108,476,0,0
BRDA:1108,476,1,0
BRDA:1108,477,0,0
BRDA:1108,477,1,0
BRDA:1109,478,0,0
BRDA:1109,478,1,0
BRDA:1109,478,2,0
BRDA:1109,478,3,0
BRDA:1112,479,0,0
BRDA:1112,479,1,0
BRDA:1115,480,0,0
BRDA:1115,480,1,0
BRDA:1115,481,0,0
BRDA:1115,481,1,0
BRDA:1115,481,2,0
BRDA:1117,482,0,0
BRDA:1117,482,1,0
BRDA:1119,483,0,0
BRDA:1119,483,1,0
BRDA:1127,484,0,0
BRDA:1127,484,1,0
BRDA:1127,485,0,0
BRDA:1127,485,1,0
BRDA:1127,485,2,0
BRDA:1128,486,0,0
BRDA:1128,486,1,0
BRDA:1128,487,0,0
BRDA:1128,487,1,0
BRDA:1128,488,0,0
BRDA:1128,488,1,0
BRDA:1128,489,0,0
BRDA:1128,489,1,0
BRDA:1131,490,0,0
BRDA:1131,490,1,0
BRDA:1131,491,0,0
BRDA:1131,491,1,0
BRDA:1132,492,0,0
BRDA:1132,492,1,0
BRDA:1132,493,0,0
BRDA:1132,493,1,0
BRDA:1132,494,0,0
BRDA:1132,494,1,0
BRDA:1132,494,2,0
BRDA:1135,495,0,0
BRDA:1135,495,1,0
BRDA:1136,496,0,0
BRDA:1136,496,1,0
BRDA:1136,497,0,0
BRDA:1136,497,1,0
BRDA:1139,498,0,0
BRDA:1139,498,1,0
BRDA:1142,499,0,0
BRDA:1142,499,1,0
BRDA:1143,500,0,0
BRDA:1143,500,1,0
BRDA:1143,501,0,0
BRDA:1143,501,1,0
BRDA:1143,502,0,0
BRDA:1143,502,1,0
BRDA:1160,503,0,0
BRDA:1160,503,1,0
BRDA:1160,503,2,0
BRDA:1160,503,3,0
BRDA:1160,503,4,0
BRDA:1160,503,5,0
BRDA:1160,503,6,0
BRDA:1167,504,0,0
BRDA:1167,504,1,0
BRDA:1167,505,0,0
BRDA:1167,505,1,0
BRDA:1167,505,2,0
BRDA:1170,506,0,0
BRDA:1170,506,1,0
BRDA:1170,507,0,0
BRDA:1170,507,1,0
BRDA:1175,508,0,0
BRDA:1175,508,1,0
BRDA:1175,509,0,0
BRDA:1175,509,1,0
BRDA:1175,509,2,0
BRDA:1175,509,3,0
BRDA:1176,510,0,0
BRDA:1176,510,1,0
BRDA:1176,511,0,0
BRDA:1176,511,1,0
BRDA:1177,512,0,0
BRDA:1177,512,1,0
BRDA:1179,513,0,0
BRDA:1179,513,1,0
BRDA:1182,514,0,0
BRDA:1182,514,1,0
BRDA:1182,515,0,0
BRDA:1182,515,1,0
BRDA:1186,516,0,0
BRDA:1186,516,1,0
BRDA:1192,517,0,0
BRDA:1192,517,1,0
BRDA:1193,518,0,0
BRDA:1193,518,1,0
BRDA:1201,519,0,0
BRDA:1201,519,1,0
BRDA:1204,520,0,0
BRDA:1204,520,1,0
BRDA:1204,521,0,0
BRDA:1204,521,1,0
BRDA:1204,521,2,0
BRDA:1204,521,3,0
BRDA:1205,522,0,0
BRDA:1205,522,1,0
BRDA:1205,523,0,0
BRDA:1205,523,1,0
BRDA:1206,524,0,0
BRDA:1206,524,1,0
BRDA:1208,525,0,0
BRDA:1208,525,1,0
BRDA:1210,526,0,0
BRDA:1210,526,1,0
BRDA:1213,527,0,0
BRDA:1213,527,1,0
BRDA:1214,528,0,0
BRDA:1214,528,1,0
BRDA:1218,529,0,0
BRDA:1218,529,1,0
BRDA:1221,530,0,0
BRDA:1221,530,1,0
BRDA:1227,531,0,0
BRDA:1227,531,1,0
BRDA:1228,532,0,0
BRDA:1228,532,1,0
BRDA:1237,533,0,0
BRDA:1237,533,1,0
BRDA:1238,534,0,0
BRDA:1238,534,1,0
BRDA:1243,535,0,0
BRDA:1243,535,1,0
BRDA:1243,536,0,0
BRDA:1243,536,1,0
BRDA:1243,537,0,0
BRDA:1243,537,1,0
BRDA:1243,538,0,0
BRDA:1243,538,1,0
BRDA:1243,539,0,0
BRDA:1243,539,1,0
BRDA:1243,540,0,0
BRDA:1243,540,1,0
BRDA:1248,541,0,0
BRDA:1248,541,1,0
BRDA:1249,542,0,0
BRDA:1249,542,1,0
BRDA:1253,543,0,0
BRDA:1253,543,1,0
BRDA:1268,544,0,0
BRDA:1268,544,1,0
BRDA:1270,545,0,0
BRDA:1270,545,1,0
BRDA:1270,546,0,0
BRDA:1270,546,1,0
BRDA:1279,547,0,0
BRDA:1279,547,1,0
BRDA:1280,548,0,0
BRDA:1280,548,1,0
BRDA:1311,549,0,0
BRDA:1311,549,1,0
BRDA:1312,550,0,0
BRDA:1312,550,1,0
BRDA:1313,551,0,0
BRDA:1313,551,1,0
BRDA:1316,552,0,0
BRDA:1316,552,1,0
BRDA:1322,553,0,0
BRDA:1322,553,1,0
BRDA:1326,554,0,0
BRDA:1326,554,1,0
BRDA:1327,555,0,0
BRDA:1327,555,1,0
BRDA:1328,556,0,0
BRDA:1328,556,1,0
BRDA:1330,557,0,0
BRDA:1330,557,1,0
BRDA:1343,558,0,0
BRDA:1343,558,1,0
BRDA:1344,559,0,0
BRDA:1344,559,1,0
BRDA:1358,560,0,0
BRDA:1358,560,1,0
BRDA:1358,561,0,0
BRDA:1358,561,1,0
BRDA:1359,562,0,0
BRDA:1359,562,1,0
BRDA:1366,563,0,0
BRDA:1366,563,1,0
BRDA:1376,564,0,0
BRDA:1376,564,1,0
BRDA:1381,565,0,0
BRDA:1381,565,1,0
BRDA:1385,566,0,0
BRDA:1385,566,1,0
BRDA:1391,567,0,0
BRDA:1391,567,1,0
BRDA:1435,568,0,0
BRDA:1435,568,1,0
BRDA:1435,569,0,0
BRDA:1435,569,1,0
BRDA:1435,570,0,0
BRDA:1435,570,1,0
BRDA:1435,571,0,0
BRDA:1435,571,1,0
BRDA:1435,572,0,0
BRDA:1435,572,1,0
BRDA:1435,573,0,0
BRDA:1435,573,1,0
BRDA:1435,574,0,0
BRDA:1435,574,1,0
BRDA:1435,575,0,0
BRDA:1435,575,1,0
BRDA:1435,576,0,0
BRDA:1435,576,1,0
BRDA:1440,577,0,0
BRDA:1440,577,1,0
BRDA:1440,578,0,0
BRDA:1440,578,1,0
BRDA:1442,579,0,0
BRDA:1442,579,1,0
BRDA:1442,580,0,0
BRDA:1442,580,1,0
BRDA:1443,581,0,0
BRDA:1443,581,1,0
BRDA:1443,582,0,0
BRDA:1443,582,1,0
BRDA:1457,583,0,0
BRDA:1457,583,1,0
BRDA:1465,584,0,0
BRDA:1465,584,1,0
BRDA:1465,584,2,0
BRDA:1467,585,0,0
BRDA:1467,585,1,0
BRDA:1468,586,0,0
BRDA:1468,586,1,0
BRDA:1486,587,0,0
BRDA:1486,587,1,0
BRDA:1486,588,0,0
BRDA:1486,588,1,0
BRDA:1487,589,0,0
BRDA:1487,589,1,0
BRDA:1487,590,0,0
BRDA:1487,590,1,0
BRDA:1493,591,0,0
BRDA:1493,591,1,0
BRDA:1493,592,0,0
BRDA:1493,592,1,0
BRDA:1493,593,0,0
BRDA:1493,593,1,0
BRDA:1493,594,0,0
BRDA:1493,594,1,0
BRDA:1494,595,0,0
BRDA:1494,595,1,0
BRDA:1494,595,2,0
BRDA:1500,596,0,0
BRDA:1500,596,1,0
BRDA:1505,597,0,0
BRDA:1505,597,1,0
BRDA:1518,598,0,0
BRDA:1518,598,1,0
BRDA:1518,599,0,0
BRDA:1518,599,1,0
BRDA:1522,600,0,0
BRDA:1522,600,1,0
BRDA:1526,601,0,0
BRDA:1526,601,1,0
BRDA:1526,601,2,0
BRDA:1526,601,3,0
BRDA:1526,601,4,0
BRDA:1528,602,0,0
BRDA:1528,602,1,0
BRDA:1545,603,0,0
BRDA:1545,603,1,0
BRDA:1545,604,0,0
BRDA:1545,604,1,0
BRDA:1547,605,0,0
BRDA:1547,605,1,0
BRDA:1548,606,0,0
BRDA:1548,606,1,0
BRDA:1548,607,0,0
BRDA:1548,607,1,0
BRDA:1552,608,0,0
BRDA:1552,608,1,0
BRDA:1552,609,0,0
BRDA:1552,609,1,0
BRDA:1567,610,0,0
BRDA:1567,610,1,0
BRDA:1567,610,2,0
BRDA:1567,610,3,0
BRDA:1568,611,0,0
BRDA:1568,611,1,0
BRDA:1568,612,0,0
BRDA:1568,612,1,0
BRDA:1568,613,0,0
BRDA:1568,613,1,0
BRDA:1598,614,0,0
BRDA:1598,614,1,0
BRDA:1599,615,0,0
BRDA:1599,615,1,0
BRDA:1600,616,0,0
BRDA:1600,616,1,0
BRDA:1600,617,0,0
BRDA:1600,617,1,0
BRDA:1601,618,0,0
BRDA:1601,618,1,0
BRDA:1618,619,0,0
BRDA:1618,619,1,0
BRDA:1625,620,0,0
BRDA:1625,620,1,0
BRDA:1625,621,0,0
BRDA:1625,621,1,0
BRDA:1626,622,0,0
BRDA:1626,622,1,0
BRDA:1627,623,0,0
BRDA:1627,623,1,0
BRDA:1627,624,0,0
BRDA:1627,624,1,0
BRDA:1628,625,0,0
BRDA:1628,625,1,0
BRDA:1629,626,0,0
BRDA:1629,626,1,0
BRDA:1630,627,0,0
BRDA:1630,627,1,0
BRDA:1630,628,0,0
BRDA:1630,628,1,0
BRDA:1630,629,0,0
BRDA:1630,629,1,0
BRDA:1630,630,0,0
BRDA:1630,630,1,0
BRDA:1631,631,0,0
BRDA:1631,631,1,0
BRDA:1632,632,0,0
BRDA:1632,632,1,0
BRDA:1633,633,0,0
BRDA:1633,633,1,0
BRDA:1636,634,0,0
BRDA:1636,634,1,0
BRDA:1637,635,0,0
BRDA:1637,635,1,0
BRDA:1637,636,0,0
BRDA:1637,636,1,0
BRDA:1639,637,0,0
BRDA:1639,637,1,0
BRDA:1657,638,0,0
BRDA:1657,638,1,0
BRDA:1658,639,0,0
BRDA:1658,639,1,0
BRDA:1659,640,0,0
BRDA:1659,640,1,0
BRDA:1661,641,0,0
BRDA:1661,641,1,0
BRDA:1661,641,2,0
BRDA:1662,642,0,0
BRDA:1662,642,1,0
BRDA:1662,643,0,0
BRDA:1662,643,1,0
BRDA:1663,644,0,0
BRDA:1663,644,1,0
BRDA:1665,645,0,0
BRDA:1665,645,1,0
BRDA:1665,646,0,0
BRDA:1665,646,1,0
BRDA:1665,647,0,0
BRDA:1665,647,1,0
BRDA:1666,648,0,0
BRDA:1666,648,1,0
BRDA:1668,649,0,0
BRDA:1668,649,1,0
BRDA:1671,650,0,0
BRDA:1671,650,1,0
BRDA:1671,651,0,0
BRDA:1671,651,1,0
BRDA:1676,652,0,0
BRDA:1676,652,1,0
BRDA:1682,653,0,0
BRDA:1682,653,1,0
BRDA:1682,654,0,0
BRDA:1682,654,1,0
BRDA:1683,655,0,0
BRDA:1683,655,1,0
BRDA:1686,656,0,0
BRDA:1686,656,1,0
BRDA:1686,657,0,0
BRDA:1686,657,1,0
BRDA:1686,658,0,0
BRDA:1686,658,1,0
BRDA:1688,659,0,0
BRDA:1688,659,1,0
BRDA:1689,660,0,0
BRDA:1689,660,1,0
BRDA:1692,661,0,0
BRDA:1692,661,1,0
BRDA:1702,662,0,0
BRDA:1702,662,1,0
BRDA:1702,663,0,0
BRDA:1702,663,1,0
BRDA:1702,664,0,0
BRDA:1702,664,1,0
BRDA:1703,665,0,0
BRDA:1703,665,1,0
BRDA:1711,666,0,0
BRDA:1711,666,1,0
BRDA:1712,667,0,0
BRDA:1712,667,1,0
BRDA:1715,668,0,0
BRDA:1715,668,1,0
BRDA:1723,669,0,0
BRDA:1723,669,1,0
BRDA:1724,670,0,0
BRDA:1724,670,1,0
BRDA:1725,671,0,0
BRDA:1725,671,1,0
BRDA:1727,672,0,0
BRDA:1727,672,1,0
BRDA:1727,673,0,0
BRDA:1727,673,1,0
BRDA:1727,674,0,0
BRDA:1727,674,1,0
BRDA:1727,675,0,0
BRDA:1727,675,1,0
BRDA:1727,676,0,0
BRDA:1727,676,1,0
BRDA:1728,677,0,0
BRDA:1728,677,1,0
BRDA:1753,678,0,0
BRDA:1753,678,1,0
BRDA:1754,679,0,0
BRDA:1754,679,1,0
BRDA:1755,680,0,0
BRDA:1755,680,1,0
BRDA:1755,681,0,0
BRDA:1755,681,1,0
BRDA:1765,682,0,0
BRDA:1765,682,1,0
BRDA:1769,683,0,0
BRDA:1769,683,1,0
BRDA:1770,684,0,0
BRDA:1770,684,1,0
BRDA:1770,685,0,0
BRDA:1770,685,1,0
BRDA:1773,686,0,0
BRDA:1773,686,1,0
BRDA:1778,687,0,0
BRDA:1778,687,1,0
BRDA:1809,688,0,0
BRDA:1809,688,1,0
BRDA:1810,689,0,0
BRDA:1810,689,1,0
BRDA:1811,690,0,0
BRDA:1811,690,1,0
BRDA:1811,691,0,0
BRDA:1811,691,1,0
BRDA:1827,692,0,0
BRDA:1827,692,1,0
BRDA:1832,693,0,0
BRDA:1832,693,1,0
BRDA:1832,694,0,0
BRDA:1832,694,1,0
BRDA:1834,695,0,0
BRDA:1834,695,1,0
BRDA:1834,696,0,0
BRDA:1834,696,1,0
BRDA:1835,697,0,0
BRDA:1835,697,1,0
BRDA:1835,698,0,0
BRDA:1835,698,1,0
BRDA:1839,699,0,0
BRDA:1839,699,1,0
BRDA:1839,700,0,0
BRDA:1839,700,1,0
BRDA:1843,701,0,0
BRDA:1843,701,1,0
BRDA:1843,702,0,0
BRDA:1843,702,1,0
BRDA:1855,703,0,0
BRDA:1855,703,1,0
BRDA:1855,704,0,0
BRDA:1855,704,1,0
BRDA:1875,705,0,0
BRDA:1875,705,1,0
BRDA:1875,706,0,0
BRDA:1875,706,1,0
BRDA:1875,706,2,0
BRDA:1914,707,0,0
BRDA:1914,707,1,0
BRDA:1916,708,0,0
BRDA:1916,708,1,0
BRDA:1923,709,0,0
BRDA:1923,709,1,0
BRDA:1926,710,0,0
BRDA:1926,710,1,0
BRDA:1926,710,2,0
BRDA:1931,711,0,0
BRDA:1931,711,1,0
BRDA:1934,712,0,0
BRDA:1934,712,1,0
BRDA:1941,713,0,0
BRDA:1941,713,1,0
BRDA:1944,714,0,0
BRDA:1944,714,1,0
BRDA:1954,715,0,0
BRDA:1954,715,1,0
BRDA:1954,716,0,0
BRDA:1954,716,1,0
BRDA:1955,717,0,0
BRDA:1955,717,1,0
BRDA:1956,718,0,0
BRDA:1956,718,1,0
BRDA:1956,719,0,0
BRDA:1956,719,1,0
BRDA:1958,720,0,0
BRDA:1958,720,1,0
BRDA:1966,721,0,0
BRDA:1966,721,1,0
BRDA:1966,722,0,0
BRDA:1966,722,1,0
BRDA:1968,723,0,0
BRDA:1968,723,1,0
BRDA:1968,724,0,0
BRDA:1968,724,1,0
BRDA:1969,725,0,0
BRDA:1969,725,1,0
BRDA:1971,726,0,0
BRDA:1971,726,1,0
BRDA:1971,726,2,0
BRDA:1972,727,0,0
BRDA:1972,727,1,0
BRDA:1972,728,0,0
BRDA:1972,728,1,0
BRDA:1975,729,0,0
BRDA:1975,729,1,0
BRDA:1976,730,0,0
BRDA:1976,730,1,0
BRDA:1977,731,0,0
BRDA:1977,731,1,0
BRDA:1986,732,0,0
BRDA:1986,732,1,0
BRDA:1986,733,0,0
BRDA:1986,733,1,0
BRDA:1994,734,0,0
BRDA:1994,734,1,0
BRDA:2000,735,0,0
BRDA:2000,735,1,0
BRDA:2000,735,2,0
BRDA:2001,736,0,0
BRDA:2001,736,1,0
BRDA:2001,736,2,0
BRDA:2002,737,0,0
BRDA:2002,737,1,0
BRDA:2002,737,2,0
BRF:1540
BRH:0
end_of_record
TN:
SF:src\ErrorBoundary.jsx
FN:7,constructor
FN:12,getDerivedStateFromError
FN:16,componentDidCatch
FN:20,(anonymous_3)
FN:34,(anonymous_4)
FN:42,render
FN:54,(anonymous_6)
FN:67,(anonymous_7)
FN:67,(anonymous_8)
FNF:9
FNH:0
FNDA:0,constructor
FNDA:0,getDerivedStateFromError
FNDA:0,componentDidCatch
FNDA:0,(anonymous_3)
FNDA:0,(anonymous_4)
FNDA:0,render
FNDA:0,(anonymous_6)
FNDA:0,(anonymous_7)
FNDA:0,(anonymous_8)
DA:4,0
DA:8,0
DA:9,0
DA:13,0
DA:17,0
DA:20,0
DA:21,0
DA:22,0
DA:23,0
DA:24,0
DA:25,0
DA:26,0
DA:27,0
DA:28,0
DA:30,0
DA:34,0
DA:35,0
DA:36,0
DA:37,0
DA:39,0
DA:43,0
DA:44,0
DA:45,0
DA:46,0
DA:54,0
DA:67,0
DA:81,0
LF:27
LH:0
BRDA:23,0,0,0
BRDA:23,0,1,0
BRDA:35,1,0,0
BRDA:35,1,1,0
BRDA:43,2,0,0
BRDA:43,2,1,0
BRDA:44,3,0,0
BRDA:44,3,1,0
BRDA:45,4,0,0
BRDA:45,4,1,0
BRDA:59,5,0,0
BRDA:59,5,1,0
BRDA:64,6,0,0
BRDA:64,6,1,0
BRDA:68,7,0,0
BRDA:68,7,1,0
BRDA:69,8,0,0
BRDA:69,8,1,0
BRDA:71,9,0,0
BRDA:71,9,1,0
BRDA:72,10,0,0
BRDA:72,10,1,0
BRDA:72,11,0,0
BRDA:72,11,1,0
BRDA:75,12,0,0
BRDA:75,12,1,0
BRF:26
BRH:0
end_of_record
TN:
SF:src\ToolBtn.jsx
FN:3,ToolBtn
FN:7,(anonymous_1)
FN:7,(anonymous_2)
FNF:3
FNH:0
FNDA:0,ToolBtn
FNDA:0,(anonymous_1)
FNDA:0,(anonymous_2)
DA:4,0
DA:5,0
DA:7,0
LF:3
LH:0
BRDA:9,0,0,0
BRDA:9,0,1,0
BRDA:9,1,0,0
BRDA:9,1,1,0
BRDA:10,2,0,0
BRDA:10,2,1,0
BRDA:10,3,0,0
BRDA:10,3,1,0
BRDA:10,4,0,0
BRDA:10,4,1,0
BRDA:11,5,0,0
BRDA:11,5,1,0
BRDA:13,6,0,0
BRDA:13,6,1,0
BRDA:14,7,0,0
BRDA:14,7,1,0
BRDA:14,8,0,0
BRDA:14,8,1,0
BRDA:15,9,0,0
BRDA:15,9,1,0
BRDA:15,10,0,0
BRDA:15,10,1,0
BRF:22
BRH:0
end_of_record
TN:
SF:src\anonymize.js
FN:29,sha256Hex
FN:33,(anonymous_1)
FN:38,buildOperatorPseudonyms
FN:49,anonymizeProject
FN:81,(anonymous_4)
FN:83,(anonymous_5)
FN:101,(anonymous_6)
FN:118,hasUnanonymizedPHI
FNF:8
FNH:8
FNDA:114,sha256Hex
FNDA:3648,(anonymous_1)
FNDA:8,buildOperatorPseudonyms
FNDA:8,anonymizeProject
FNDA:56,(anonymous_4)
FNDA:24,(anonymous_5)
FNDA:16,(anonymous_6)
FNDA:5,hasUnanonymizedPHI
DA:26,1
DA:27,1
DA:30,114
DA:31,114
DA:32,114
DA:33,3648
DA:34,0
DA:39,8
DA:40,8
DA:41,8
DA:42,16
DA:43,16
DA:45,8
DA:50,8
DA:51,8
DA:55,8
DA:56,8
DA:59,8
DA:60,8
DA:61,8
DA:62,8
DA:63,56
DA:64,8
DA:65,8
DA:66,48
DA:67,16
DA:69,8
DA:70,114
DA:71,114
DA:75,8
DA:81,56
DA:83,24
DA:90,8
DA:92,8
DA:101,16
DA:113,8
DA:119,5
DA:120,4
DA:121,5
DA:122,3
DA:123,3
DA:124,3
DA:126,2
LF:43
LH:42
BRDA:30,0,0,0
BRDA:30,0,1,114
BRDA:30,1,0,114
BRDA:30,1,1,114
BRDA:41,2,0,8
BRDA:41,2,1,0
BRDA:43,3,0,16
BRDA:43,3,1,0
BRDA:43,4,0,16
BRDA:43,4,1,16
BRDA:49,5,0,8
BRDA:50,6,0,8
BRDA:50,6,1,0
BRDA:51,7,0,8
BRDA:51,7,1,7
BRDA:51,7,2,0
BRDA:51,7,3,0
BRDA:59,8,0,8
BRDA:59,8,1,0
BRDA:61,9,0,8
BRDA:61,9,1,0
BRDA:63,10,0,50
BRDA:63,10,1,6
BRDA:64,11,0,8
BRDA:64,11,1,0
BRDA:65,12,0,8
BRDA:65,12,1,0
BRDA:66,13,0,42
BRDA:66,13,1,6
BRDA:66,14,0,48
BRDA:66,14,1,48
BRDA:67,15,0,14
BRDA:67,15,1,2
BRDA:71,16,0,114
BRDA:71,16,1,0
BRDA:87,17,0,8
BRDA:87,17,1,0
BRDA:87,18,0,8
BRDA:87,18,1,8
BRDA:98,19,0,8
BRDA:98,19,1,7
BRDA:101,20,0,8
BRDA:101,20,1,0
BRDA:109,21,0,16
BRDA:109,21,1,0
BRDA:109,22,0,16
BRDA:109,22,1,0
BRDA:119,23,0,1
BRDA:119,23,1,4
BRDA:120,24,0,4
BRDA:120,24,1,0
BRDA:121,25,0,1
BRDA:121,25,1,4
BRDA:121,26,0,5
BRDA:121,26,1,2
BRDA:121,26,2,1
BRDA:121,26,3,1
BRDA:121,26,4,1
BRDA:122,27,0,3
BRDA:122,27,1,0
BRDA:123,28,0,0
BRDA:123,28,1,3
BRDA:124,29,0,1
BRDA:124,29,1,2
BRDA:124,30,0,3
BRDA:124,30,1,2
BRDA:124,30,2,2
BRF:67
BRH:49
end_of_record
TN:
SF:src\constants.js
FN:210,(anonymous_0)
FN:212,(anonymous_1)
FN:248,(anonymous_2)
FNF:3
FNH:3
FNDA:9,(anonymous_0)
FNDA:35,(anonymous_1)
FNDA:10,(anonymous_2)
DA:16,1
DA:17,1
DA:18,1
DA:19,1
DA:20,1
DA:21,1
DA:22,1
DA:23,1
DA:24,1
DA:27,1
DA:28,1
DA:29,54
DA:32,1
DA:210,9
DA:211,1
DA:213,35
DA:214,35
DA:217,1
DA:224,1
DA:244,1
DA:247,1
DA:249,10
DA:250,10
DA:253,1
DA:383,1
DA:384,38
DA:385,38
DA:388,1
DA:389,11
DA:390,10
DA:393,1
DA:394,1
DA:395,1
DA:398,1
DA:399,2
DA:400,2
DA:403,1
DA:404,1
DA:405,1
DA:408,1
DA:409,1
DA:410,1
DA:413,1
DA:414,1
DA:415,1
DA:419,1
DA:524,1
DA:602,1
LF:48
LH:48
BRDA:213,0,0,0
BRDA:213,0,1,35
BRDA:249,1,0,0
BRDA:249,1,1,10
BRDA:384,2,0,38
BRDA:384,2,1,0
BRDA:389,3,0,10
BRDA:389,3,1,1
BRDA:394,4,0,1
BRDA:394,4,1,0
BRDA:399,5,0,2
BRDA:399,5,1,0
BRDA:404,6,0,1
BRDA:404,6,1,0
BRDA:409,7,0,1
BRDA:409,7,1,0
BRDA:414,8,0,1
BRDA:414,8,1,0
BRF:18
BRH:10
end_of_record
TN:
SF:src\csvParser.js
FN:33,trimRow
FN:34,(anonymous_1)
FN:37,parseCsvRow
FN:61,parseRefs
FN:63,(anonymous_4)
FN:66,extractShortLabel
FN:76,parseNum
FN:82,parseAnalysisCsv
FN:83,(anonymous_8)
FNF:9
FNH:9
FNDA:1161,trimRow
FNDA:7627,(anonymous_1)
FNDA:1161,parseCsvRow
FNDA:436,parseRefs
FNDA:1180,(anonymous_4)
FNDA:716,extractShortLabel
FNDA:1812,parseNum
FNDA:9,parseAnalysisCsv
FNDA:1169,(anonymous_8)
DA:5,1
DA:11,1
DA:16,1
DA:34,7627
DA:38,1161
DA:39,1161
DA:40,1161
DA:41,1161
DA:42,134975
DA:43,134975
DA:44,1262
DA:45,0
DA:46,0
DA:48,1262
DA:50,133713
DA:51,6466
DA:52,6466
DA:54,127247
DA:57,1161
DA:58,1161
DA:62,436
DA:63,1180
DA:67,716
DA:68,716
DA:69,279
DA:70,279
DA:71,98
DA:72,98
DA:73,59
DA:77,1812
DA:78,592
DA:79,592
DA:83,1169
DA:84,9
DA:86,9
DA:87,9
DA:88,9
DA:89,9
DA:90,9
DA:91,9
DA:92,9
DA:93,9
DA:95,9
DA:97,9
DA:98,9
DA:99,1152
DA:100,1152
DA:101,1152
DA:102,1152
DA:103,1152
DA:104,1152
DA:105,1152
DA:106,1152
DA:108,1152
DA:110,1152
DA:111,106
DA:114,1152
DA:115,716
DA:116,716
DA:122,436
DA:123,436
DA:124,436
DA:125,436
DA:138,9
LF:64
LH:62
BRDA:43,0,0,1262
BRDA:43,0,1,133713
BRDA:44,1,0,0
BRDA:44,1,1,1262
BRDA:44,2,0,1262
BRDA:44,2,1,631
BRDA:44,2,2,585
BRDA:50,3,0,6466
BRDA:50,3,1,127247
BRDA:50,4,0,133713
BRDA:50,4,1,7410
BRDA:62,5,0,3
BRDA:62,5,1,433
BRDA:68,6,0,437
BRDA:68,6,1,279
BRDA:70,7,0,181
BRDA:70,7,1,98
BRDA:72,8,0,39
BRDA:72,8,1,59
BRDA:77,9,0,1220
BRDA:77,9,1,592
BRDA:79,10,0,588
BRDA:79,10,1,4
BRDA:84,11,0,0
BRDA:84,11,1,9
BRDA:95,12,0,0
BRDA:95,12,1,9
BRDA:95,13,0,9
BRDA:95,13,1,9
BRDA:95,13,2,9
BRDA:104,14,0,906
BRDA:104,14,1,246
BRDA:104,15,0,906
BRDA:104,15,1,473
BRDA:105,16,0,906
BRDA:105,16,1,246
BRDA:106,17,0,906
BRDA:106,17,1,246
BRDA:108,18,0,0
BRDA:108,18,1,1152
BRDA:108,19,0,1152
BRDA:108,19,1,1152
BRDA:110,20,0,106
BRDA:110,20,1,1046
BRDA:114,21,0,716
BRDA:114,21,1,436
BRDA:118,22,0,716
BRDA:118,22,1,0
BRDA:123,23,0,0
BRDA:123,23,1,436
BRDA:128,24,0,436
BRDA:128,24,1,0
BRDA:131,25,0,294
BRDA:131,25,1,142
BRDA:131,26,0,436
BRDA:131,26,1,294
BRF:56
BRH:49
end_of_record
TN:
SF:src\examplesData.js
FN:4,parseAll
FN:5,(anonymous_1)
FN:14,getExampleData
FN:19,(anonymous_3)
FN:21,(anonymous_4)
FNF:5
FNH:4
FNDA:1,parseAll
FNDA:1,(anonymous_1)
FNDA:0,getExampleData
FNDA:1,(anonymous_3)
FNDA:36,(anonymous_4)
DA:1,1
DA:2,1
DA:5,1
DA:6,1
DA:7,1
DA:8,1
DA:12,1
DA:15,0
DA:18,1
DA:19,1
DA:20,1
DA:21,36
DA:22,1
DA:23,1
LF:14
LH:13
BRDA:15,0,0,0
BRDA:15,0,1,0
BRDA:21,1,0,1
BRDA:21,1,1,0
BRDA:22,2,0,1
BRDA:22,2,1,0
BRDA:25,3,0,1
BRDA:25,3,1,0
BRDA:26,4,0,1
BRDA:26,4,1,0
BRDA:26,5,0,1
BRDA:26,5,1,0
BRF:12
BRH:5
end_of_record
TN:
SF:src\hooks.jsx
FN:18,useKatex
FN:22,KatexSpan
FN:25,(anonymous_2)
FN:42,LatexFloatingPanel
FN:45,(anonymous_4)
FNF:5
FNH:0
FNDA:0,useKatex
FNDA:0,KatexSpan
FNDA:0,(anonymous_2)
FNDA:0,LatexFloatingPanel
FNDA:0,(anonymous_4)
DA:19,0
DA:23,0
DA:24,0
DA:25,0
DA:26,0
DA:27,0
DA:28,0
DA:34,0
DA:35,0
DA:43,0
DA:45,0
LF:11
LH:0
BRDA:22,0,0,0
BRDA:22,1,0,0
BRDA:26,2,0,0
BRDA:26,2,1,0
BRDA:26,3,0,0
BRDA:26,3,1,0
BRDA:34,4,0,0
BRDA:34,4,1,0
BRDA:34,5,0,0
BRDA:34,5,1,0
BRDA:37,6,0,0
BRDA:37,6,1,0
BRF:12
BRH:0
end_of_record
TN:
SF:src\imageProcessor.worker.js
FN:5,clamp
FN:7,getLUTColor
FN:47,applyEdgeKernel
FN:64,(anonymous_3)
FNF:4
FNH:0
FNDA:0,clamp
FNDA:0,getLUTColor
FNDA:0,applyEdgeKernel
FNDA:0,(anonymous_3)
DA:5,0
DA:8,0
DA:9,0
DA:10,0
DA:11,0
DA:12,0
DA:14,0
DA:15,0
DA:16,0
DA:17,0
DA:18,0
DA:19,0
DA:20,0
DA:21,0
DA:24,0
DA:25,0
DA:26,0
DA:29,0
DA:30,0
DA:33,0
DA:34,0
DA:35,0
DA:36,0
DA:37,0
DA:38,0
DA:39,0
DA:40,0
DA:41,0
DA:43,0
DA:48,0
DA:49,0
DA:50,0
DA:51,0
DA:52,0
DA:53,0
DA:58,0
DA:61,0
DA:64,0
DA:65,0
DA:66,0
DA:67,0
DA:68,0
DA:69,0
DA:70,0
DA:71,0
DA:72,0
DA:73,0
DA:74,0
DA:75,0
DA:76,0
DA:78,0
LF:51
LH:0
BRDA:5,0,0,0
BRDA:5,0,1,0
BRDA:5,1,0,0
BRDA:5,1,1,0
BRDA:9,2,0,0
BRDA:9,2,1,0
BRDA:10,3,0,0
BRDA:10,3,1,0
BRDA:10,3,2,0
BRDA:10,3,3,0
BRDA:10,3,4,0
BRDA:10,3,5,0
BRDA:10,3,6,0
BRDA:11,4,0,0
BRDA:11,4,1,0
BRDA:11,5,0,0
BRDA:11,5,1,0
BRDA:16,6,0,0
BRDA:16,6,1,0
BRDA:17,7,0,0
BRDA:17,7,1,0
BRDA:18,8,0,0
BRDA:18,8,1,0
BRDA:19,9,0,0
BRDA:19,9,1,0
BRDA:35,10,0,0
BRDA:35,10,1,0
BRDA:36,11,0,0
BRDA:36,11,1,0
BRDA:37,12,0,0
BRDA:37,12,1,0
BRDA:38,13,0,0
BRDA:38,13,1,0
BRDA:39,14,0,0
BRDA:39,14,1,0
BRDA:66,15,0,0
BRDA:66,16,0,0
BRDA:66,17,0,0
BRDA:66,18,0,0
BRDA:66,19,0,0
BRDA:68,20,0,0
BRDA:68,20,1,0
BRDA:72,21,0,0
BRDA:72,21,1,0
BRF:44
BRH:0
end_of_record
TN:
SF:src\imageUtils.jsx
FN:9,getLUTColor
FN:49,applyEdgeKernel
FN:70,getProcWorker
FN:74,(anonymous_3)
FN:79,(anonymous_4)
FN:84,processImageToCanvas
FN:99,(anonymous_6)
FN:127,computeHistogram
FN:142,FloatingHistogram
FN:150,(anonymous_9)
FN:185,(anonymous_10)
FN:186,(anonymous_11)
FN:188,(anonymous_12)
FN:192,(anonymous_13)
FN:195,(anonymous_14)
FN:208,(anonymous_15)
FN:209,(anonymous_16)
FN:210,(anonymous_17)
FN:211,(anonymous_18)
FN:214,(anonymous_19)
FNF:20
FNH:0
FNDA:0,getLUTColor
FNDA:0,applyEdgeKernel
FNDA:0,getProcWorker
FNDA:0,(anonymous_3)
FNDA:0,(anonymous_4)
FNDA:0,processImageToCanvas
FNDA:0,(anonymous_6)
FNDA:0,computeHistogram
FNDA:0,FloatingHistogram
FNDA:0,(anonymous_9)
FNDA:0,(anonymous_10)
FNDA:0,(anonymous_11)
FNDA:0,(anonymous_12)
FNDA:0,(anonymous_13)
FNDA:0,(anonymous_14)
FNDA:0,(anonymous_15)
FNDA:0,(anonymous_16)
FNDA:0,(anonymous_17)
FNDA:0,(anonymous_18)
FNDA:0,(anonymous_19)
DA:10,0
DA:11,0
DA:12,0
DA:13,0
DA:14,0
DA:16,0
DA:17,0
DA:18,0
DA:19,0
DA:20,0
DA:21,0
DA:22,0
DA:23,0
DA:26,0
DA:27,0
DA:28,0
DA:31,0
DA:32,0
DA:35,0
DA:36,0
DA:37,0
DA:38,0
DA:39,0
DA:40,0
DA:41,0
DA:42,0
DA:43,0
DA:45,0
DA:50,0
DA:51,0
DA:52,0
DA:53,0
DA:54,0
DA:55,0
DA:56,0
DA:59,0
DA:66,0
DA:67,0
DA:68,0
DA:71,0
DA:72,0
DA:73,0
DA:74,0
DA:75,0
DA:76,0
DA:77,0
DA:79,0
DA:80,0
DA:81,0
DA:85,0
DA:86,0
DA:87,0
DA:88,0
DA:89,0
DA:90,0
DA:91,0
DA:92,0
DA:93,0
DA:95,0
DA:96,0
DA:97,0
DA:98,0
DA:99,0
DA:100,0
DA:101,0
DA:102,0
DA:106,0
DA:108,0
DA:109,0
DA:112,0
DA:113,0
DA:114,0
DA:115,0
DA:116,0
DA:117,0
DA:118,0
DA:119,0
DA:120,0
DA:121,0
DA:123,0
DA:124,0
DA:128,0
DA:129,0
DA:130,0
DA:131,0
DA:132,0
DA:133,0
DA:134,0
DA:135,0
DA:136,0
DA:137,0
DA:143,0
DA:144,0
DA:145,0
DA:146,0
DA:147,0
DA:148,0
DA:150,0
DA:151,0
DA:152,0
DA:153,0
DA:154,0
DA:155,0
DA:156,0
DA:157,0
DA:158,0
DA:159,0
DA:160,0
DA:161,0
DA:162,0
DA:164,0
DA:165,0
DA:166,0
DA:167,0
DA:168,0
DA:169,0
DA:170,0
DA:171,0
DA:172,0
DA:173,0
DA:174,0
DA:175,0
DA:176,0
DA:177,0
DA:178,0
DA:180,0
DA:181,0
DA:182,0
DA:185,0
DA:186,0
DA:187,0
DA:188,0
DA:189,0
DA:190,0
DA:192,0
DA:193,0
DA:194,0
DA:195,0
DA:198,0
DA:199,0
DA:208,0
DA:209,0
DA:210,0
DA:211,0
DA:214,0
LF:145
LH:0
BRDA:9,0,0,0
BRDA:11,1,0,0
BRDA:11,1,1,0
BRDA:12,2,0,0
BRDA:12,2,1,0
BRDA:12,2,2,0
BRDA:12,2,3,0
BRDA:12,2,4,0
BRDA:12,2,5,0
BRDA:12,2,6,0
BRDA:13,3,0,0
BRDA:13,3,1,0
BRDA:13,4,0,0
BRDA:13,4,1,0
BRDA:18,5,0,0
BRDA:18,5,1,0
BRDA:19,6,0,0
BRDA:19,6,1,0
BRDA:20,7,0,0
BRDA:20,7,1,0
BRDA:21,8,0,0
BRDA:21,8,1,0
BRDA:37,9,0,0
BRDA:37,9,1,0
BRDA:38,10,0,0
BRDA:38,10,1,0
BRDA:39,11,0,0
BRDA:39,11,1,0
BRDA:40,12,0,0
BRDA:40,12,1,0
BRDA:41,13,0,0
BRDA:41,13,1,0
BRDA:71,14,0,0
BRDA:71,14,1,0
BRDA:77,15,0,0
BRDA:77,15,1,0
BRDA:85,16,0,0
BRDA:85,16,1,0
BRDA:86,17,0,0
BRDA:86,17,1,0
BRDA:86,17,2,0
BRDA:86,18,0,0
BRDA:86,18,1,0
BRDA:86,18,2,0
BRDA:92,19,0,0
BRDA:92,20,0,0
BRDA:92,21,0,0
BRDA:92,22,0,0
BRDA:92,23,0,0
BRDA:93,24,0,0
BRDA:93,24,1,0
BRDA:93,25,0,0
BRDA:93,25,1,0
BRDA:93,25,2,0
BRDA:93,25,3,0
BRDA:93,25,4,0
BRDA:93,25,5,0
BRDA:96,26,0,0
BRDA:96,26,1,0
BRDA:106,27,0,0
BRDA:106,27,1,0
BRDA:113,28,0,0
BRDA:113,28,1,0
BRDA:117,29,0,0
BRDA:117,29,1,0
BRDA:129,30,0,0
BRDA:129,30,1,0
BRDA:130,31,0,0
BRDA:130,31,1,0
BRDA:131,32,0,0
BRDA:131,32,1,0
BRDA:132,33,0,0
BRDA:132,33,1,0
BRDA:152,34,0,0
BRDA:152,34,1,0
BRDA:164,35,0,0
BRDA:164,35,1,0
BRDA:187,36,0,0
BRDA:187,36,1,0
BRDA:187,37,0,0
BRDA:187,37,1,0
BRDA:189,38,0,0
BRDA:189,38,1,0
BRDA:189,39,0,0
BRDA:189,39,1,0
BRDA:190,40,0,0
BRDA:190,40,1,0
BRDA:190,41,0,0
BRDA:190,41,1,0
BRF:89
BRH:0
end_of_record
TN:
SF:src\interpretation.js
FN:11,(anonymous_0)
FN:21,(anonymous_1)
FN:31,(anonymous_2)
FN:41,(anonymous_3)
FN:51,(anonymous_4)
FN:61,(anonymous_5)
FN:71,(anonymous_6)
FN:81,(anonymous_7)
FN:91,(anonymous_8)
FN:101,(anonymous_9)
FN:111,(anonymous_10)
FN:121,(anonymous_11)
FN:131,(anonymous_12)
FN:141,(anonymous_13)
FN:151,(anonymous_14)
FN:161,(anonymous_15)
FN:174,(anonymous_16)
FN:184,(anonymous_17)
FN:194,(anonymous_18)
FN:204,(anonymous_19)
FN:214,(anonymous_20)
FN:224,(anonymous_21)
FN:234,(anonymous_22)
FN:244,(anonymous_23)
FN:254,(anonymous_24)
FN:264,(anonymous_25)
FN:274,(anonymous_26)
FN:287,(anonymous_27)
FN:297,(anonymous_28)
FN:307,(anonymous_29)
FN:317,(anonymous_30)
FN:330,(anonymous_31)
FN:340,(anonymous_32)
FN:353,(anonymous_33)
FN:366,(anonymous_34)
FN:376,(anonymous_35)
FN:389,(anonymous_36)
FN:399,(anonymous_37)
FN:412,(anonymous_38)
FN:422,(anonymous_39)
FN:432,(anonymous_40)
FN:442,(anonymous_41)
FN:452,(anonymous_42)
FN:465,(anonymous_43)
FN:475,(anonymous_44)
FN:485,(anonymous_45)
FN:498,(anonymous_46)
FN:508,(anonymous_47)
FN:518,(anonymous_48)
FN:528,(anonymous_49)
FN:541,(anonymous_50)
FN:551,(anonymous_51)
FN:561,(anonymous_52)
FN:571,(anonymous_53)
FN:581,(anonymous_54)
FN:591,(anonymous_55)
FN:601,(anonymous_56)
FN:611,(anonymous_57)
FN:621,(anonymous_58)
FN:631,(anonymous_59)
FN:641,(anonymous_60)
FN:651,(anonymous_61)
FN:661,(anonymous_62)
FN:671,(anonymous_63)
FN:681,(anonymous_64)
FN:691,(anonymous_65)
FN:701,(anonymous_66)
FN:711,(anonymous_67)
FN:721,(anonymous_68)
FN:731,(anonymous_69)
FN:741,(anonymous_70)
FN:754,(anonymous_71)
FN:764,(anonymous_72)
FN:774,(anonymous_73)
FN:784,(anonymous_74)
FN:794,(anonymous_75)
FN:804,(anonymous_76)
FN:814,(anonymous_77)
FN:824,(anonymous_78)
FN:834,(anonymous_79)
FN:847,(anonymous_80)
FN:857,(anonymous_81)
FN:867,(anonymous_82)
FN:877,(anonymous_83)
FN:887,(anonymous_84)
FN:897,(anonymous_85)
FN:907,(anonymous_86)
FN:917,(anonymous_87)
FN:930,(anonymous_88)
FN:940,(anonymous_89)
FN:950,(anonymous_90)
FN:960,(anonymous_91)
FN:970,(anonymous_92)
FN:980,(anonymous_93)
FN:990,(anonymous_94)
FN:1003,(anonymous_95)
FN:1013,(anonymous_96)
FN:1023,(anonymous_97)
FN:1033,(anonymous_98)
FN:1046,(anonymous_99)
FN:1056,(anonymous_100)
FN:1066,(anonymous_101)
FN:1076,(anonymous_102)
FN:1086,(anonymous_103)
FN:1096,(anonymous_104)
FN:1106,(anonymous_105)
FN:1116,(anonymous_106)
FN:1126,(anonymous_107)
FN:1136,(anonymous_108)
FN:1146,(anonymous_109)
FN:1156,(anonymous_110)
FN:1166,(anonymous_111)
FN:1176,(anonymous_112)
FN:1186,(anonymous_113)
FN:1196,(anonymous_114)
FN:1206,(anonymous_115)
FN:1216,(anonymous_116)
FN:1226,(anonymous_117)
FN:1236,(anonymous_118)
FN:1249,(anonymous_119)
FN:1259,(anonymous_120)
FN:1269,(anonymous_121)
FN:1279,(anonymous_122)
FN:1289,(anonymous_123)
FN:1299,(anonymous_124)
FN:1310,(anonymous_125)
FN:1321,(anonymous_126)
FN:1332,(anonymous_127)
FN:1342,(anonymous_128)
FN:1352,(anonymous_129)
FN:1362,(anonymous_130)
FN:1372,(anonymous_131)
FN:1382,(anonymous_132)
FN:1392,(anonymous_133)
FN:1402,(anonymous_134)
FN:1412,(anonymous_135)
FN:1422,(anonymous_136)
FN:1432,(anonymous_137)
FN:1442,(anonymous_138)
FN:1456,(anonymous_139)
FN:1466,(anonymous_140)
FN:1476,(anonymous_141)
FN:1486,(anonymous_142)
FN:1499,(anonymous_143)
FN:1509,(anonymous_144)
FN:1519,(anonymous_145)
FN:1529,(anonymous_146)
FN:1539,(anonymous_147)
FN:1549,(anonymous_148)
FN:1559,(anonymous_149)
FN:1569,(anonymous_150)
FN:1582,(anonymous_151)
FN:1604,(anonymous_152)
FN:1605,(anonymous_153)
FN:1606,(anonymous_154)
FN:1618,(anonymous_155)
FN:1619,(anonymous_156)
FN:1621,(anonymous_157)
FN:1630,(anonymous_158)
FN:1631,(anonymous_159)
FN:1632,(anonymous_160)
FN:1643,(anonymous_161)
FN:1644,(anonymous_162)
FN:1646,(anonymous_163)
FN:1647,(anonymous_164)
FN:1648,(anonymous_165)
FN:1649,(anonymous_166)
FN:1650,(anonymous_167)
FN:1661,(anonymous_168)
FN:1662,(anonymous_169)
FN:1666,(anonymous_170)
FN:1667,(anonymous_171)
FN:1668,(anonymous_172)
FN:1669,(anonymous_173)
FN:1670,(anonymous_174)
FN:1680,generateInterpretation
FN:1686,(anonymous_176)
FN:1690,(anonymous_177)
FNF:178
FNH:0
FNDA:0,(anonymous_0)
FNDA:0,(anonymous_1)
FNDA:0,(anonymous_2)
FNDA:0,(anonymous_3)
FNDA:0,(anonymous_4)
FNDA:0,(anonymous_5)
FNDA:0,(anonymous_6)
FNDA:0,(anonymous_7)
FNDA:0,(anonymous_8)
FNDA:0,(anonymous_9)
FNDA:0,(anonymous_10)
FNDA:0,(anonymous_11)
FNDA:0,(anonymous_12)
FNDA:0,(anonymous_13)
FNDA:0,(anonymous_14)
FNDA:0,(anonymous_15)
FNDA:0,(anonymous_16)
FNDA:0,(anonymous_17)
FNDA:0,(anonymous_18)
FNDA:0,(anonymous_19)
FNDA:0,(anonymous_20)
FNDA:0,(anonymous_21)
FNDA:0,(anonymous_22)
FNDA:0,(anonymous_23)
FNDA:0,(anonymous_24)
FNDA:0,(anonymous_25)
FNDA:0,(anonymous_26)
FNDA:0,(anonymous_27)
FNDA:0,(anonymous_28)
FNDA:0,(anonymous_29)
FNDA:0,(anonymous_30)
FNDA:0,(anonymous_31)
FNDA:0,(anonymous_32)
FNDA:0,(anonymous_33)
FNDA:0,(anonymous_34)
FNDA:0,(anonymous_35)
FNDA:0,(anonymous_36)
FNDA:0,(anonymous_37)
FNDA:0,(anonymous_38)
FNDA:0,(anonymous_39)
FNDA:0,(anonymous_40)
FNDA:0,(anonymous_41)
FNDA:0,(anonymous_42)
FNDA:0,(anonymous_43)
FNDA:0,(anonymous_44)
FNDA:0,(anonymous_45)
FNDA:0,(anonymous_46)
FNDA:0,(anonymous_47)
FNDA:0,(anonymous_48)
FNDA:0,(anonymous_49)
FNDA:0,(anonymous_50)
FNDA:0,(anonymous_51)
FNDA:0,(anonymous_52)
FNDA:0,(anonymous_53)
FNDA:0,(anonymous_54)
FNDA:0,(anonymous_55)
FNDA:0,(anonymous_56)
FNDA:0,(anonymous_57)
FNDA:0,(anonymous_58)
FNDA:0,(anonymous_59)
FNDA:0,(anonymous_60)
FNDA:0,(anonymous_61)
FNDA:0,(anonymous_62)
FNDA:0,(anonymous_63)
FNDA:0,(anonymous_64)
FNDA:0,(anonymous_65)
FNDA:0,(anonymous_66)
FNDA:0,(anonymous_67)
FNDA:0,(anonymous_68)
FNDA:0,(anonymous_69)
FNDA:0,(anonymous_70)
FNDA:0,(anonymous_71)
FNDA:0,(anonymous_72)
FNDA:0,(anonymous_73)
FNDA:0,(anonymous_74)
FNDA:0,(anonymous_75)
FNDA:0,(anonymous_76)
FNDA:0,(anonymous_77)
FNDA:0,(anonymous_78)
FNDA:0,(anonymous_79)
FNDA:0,(anonymous_80)
FNDA:0,(anonymous_81)
FNDA:0,(anonymous_82)
FNDA:0,(anonymous_83)
FNDA:0,(anonymous_84)
FNDA:0,(anonymous_85)
FNDA:0,(anonymous_86)
FNDA:0,(anonymous_87)
FNDA:0,(anonymous_88)
FNDA:0,(anonymous_89)
FNDA:0,(anonymous_90)
FNDA:0,(anonymous_91)
FNDA:0,(anonymous_92)
FNDA:0,(anonymous_93)
FNDA:0,(anonymous_94)
FNDA:0,(anonymous_95)
FNDA:0,(anonymous_96)
FNDA:0,(anonymous_97)
FNDA:0,(anonymous_98)
FNDA:0,(anonymous_99)
FNDA:0,(anonymous_100)
FNDA:0,(anonymous_101)
FNDA:0,(anonymous_102)
FNDA:0,(anonymous_103)
FNDA:0,(anonymous_104)
FNDA:0,(anonymous_105)
FNDA:0,(anonymous_106)
FNDA:0,(anonymous_107)
FNDA:0,(anonymous_108)
FNDA:0,(anonymous_109)
FNDA:0,(anonymous_110)
FNDA:0,(anonymous_111)
FNDA:0,(anonymous_112)
FNDA:0,(anonymous_113)
FNDA:0,(anonymous_114)
FNDA:0,(anonymous_115)
FNDA:0,(anonymous_116)
FNDA:0,(anonymous_117)
FNDA:0,(anonymous_118)
FNDA:0,(anonymous_119)
FNDA:0,(anonymous_120)
FNDA:0,(anonymous_121)
FNDA:0,(anonymous_122)
FNDA:0,(anonymous_123)
FNDA:0,(anonymous_124)
FNDA:0,(anonymous_125)
FNDA:0,(anonymous_126)
FNDA:0,(anonymous_127)
FNDA:0,(anonymous_128)
FNDA:0,(anonymous_129)
FNDA:0,(anonymous_130)
FNDA:0,(anonymous_131)
FNDA:0,(anonymous_132)
FNDA:0,(anonymous_133)
FNDA:0,(anonymous_134)
FNDA:0,(anonymous_135)
FNDA:0,(anonymous_136)
FNDA:0,(anonymous_137)
FNDA:0,(anonymous_138)
FNDA:0,(anonymous_139)
FNDA:0,(anonymous_140)
FNDA:0,(anonymous_141)
FNDA:0,(anonymous_142)
FNDA:0,(anonymous_143)
FNDA:0,(anonymous_144)
FNDA:0,(anonymous_145)
FNDA:0,(anonymous_146)
FNDA:0,(anonymous_147)
FNDA:0,(anonymous_148)
FNDA:0,(anonymous_149)
FNDA:0,(anonymous_150)
FNDA:0,(anonymous_151)
FNDA:0,(anonymous_152)
FNDA:0,(anonymous_153)
FNDA:0,(anonymous_154)
FNDA:0,(anonymous_155)
FNDA:0,(anonymous_156)
FNDA:0,(anonymous_157)
FNDA:0,(anonymous_158)
FNDA:0,(anonymous_159)
FNDA:0,(anonymous_160)
FNDA:0,(anonymous_161)
FNDA:0,(anonymous_162)
FNDA:0,(anonymous_163)
FNDA:0,(anonymous_164)
FNDA:0,(anonymous_165)
FNDA:0,(anonymous_166)
FNDA:0,(anonymous_167)
FNDA:0,(anonymous_168)
FNDA:0,(anonymous_169)
FNDA:0,(anonymous_170)
FNDA:0,(anonymous_171)
FNDA:0,(anonymous_172)
FNDA:0,(anonymous_173)
FNDA:0,(anonymous_174)
FNDA:0,generateInterpretation
FNDA:0,(anonymous_176)
FNDA:0,(anonymous_177)
DA:3,0
DA:12,0
DA:13,0
DA:14,0
DA:22,0
DA:23,0
DA:24,0
DA:32,0
DA:33,0
DA:34,0
DA:42,0
DA:43,0
DA:44,0
DA:52,0
DA:53,0
DA:54,0
DA:62,0
DA:63,0
DA:64,0
DA:72,0
DA:73,0
DA:74,0
DA:82,0
DA:83,0
DA:84,0
DA:92,0
DA:93,0
DA:94,0
DA:102,0
DA:103,0
DA:104,0
DA:112,0
DA:113,0
DA:114,0
DA:122,0
DA:123,0
DA:124,0
DA:132,0
DA:133,0
DA:134,0
DA:142,0
DA:143,0
DA:144,0
DA:152,0
DA:153,0
DA:154,0
DA:162,0
DA:163,0
DA:164,0
DA:175,0
DA:176,0
DA:177,0
DA:185,0
DA:186,0
DA:187,0
DA:195,0
DA:196,0
DA:197,0
DA:205,0
DA:206,0
DA:207,0
[...]
BRDA:232,40,1,0
BRDA:233,41,0,8
BRDA:233,41,1,0
BRDA:235,42,0,0
BRDA:235,42,1,8
BRDA:236,43,0,0
BRDA:236,43,1,8
BRDA:236,44,0,8
BRDA:236,44,1,8
BRDA:237,45,0,0
BRDA:237,45,1,8
BRDA:237,46,0,8
BRDA:237,46,1,8
BRDA:237,46,2,8
BRDA:237,46,3,8
BRDA:238,47,0,0
BRDA:238,47,1,8
BRDA:238,48,0,8
BRDA:238,48,1,8
BRDA:239,49,0,8
BRDA:239,49,1,0
BRDA:251,50,0,2
BRDA:251,50,1,6
BRDA:257,51,0,0
BRDA:257,51,1,2
BRDA:276,52,0,1
BRDA:276,52,1,1
BRDA:300,53,0,5
BRDA:300,53,1,2
BRDA:300,54,0,7
BRDA:300,54,1,7
BRDA:308,55,0,4
BRDA:308,55,1,0
BRDA:316,56,0,0
BRDA:316,56,1,8
BRDA:318,57,0,0
BRDA:318,57,1,8
BRDA:319,58,0,8
BRDA:319,58,1,0
BRDA:320,59,0,8
BRDA:320,59,1,0
BRDA:320,60,0,0
BRDA:320,60,1,0
BRDA:322,61,0,0
BRDA:322,61,1,8
BRDA:323,62,0,0
BRDA:323,62,1,8
BRDA:323,63,0,8
BRDA:323,63,1,8
BRDA:324,64,0,0
BRDA:324,64,1,8
BRDA:324,65,0,8
BRDA:324,65,1,8
BRDA:325,66,0,0
BRDA:325,66,1,8
BRDA:325,67,0,8
BRDA:325,67,1,8
BRDA:329,68,0,0
BRDA:329,68,1,16
BRDA:329,69,0,16
BRDA:329,69,1,16
BRDA:339,70,0,0
BRDA:339,70,1,16
BRDA:339,71,0,16
BRDA:339,71,1,16
BRDA:346,72,0,0
BRDA:346,72,1,2
BRDA:353,73,0,2
BRDA:353,73,1,14
BRDA:366,74,0,0
BRDA:366,74,1,16
BRDA:373,75,0,0
BRDA:373,75,1,2
BRDA:373,76,0,2
BRDA:373,76,1,2
BRDA:378,77,0,2
BRDA:378,77,1,2
BRDA:386,78,0,2
BRDA:386,78,1,0
BRDA:387,79,0,2
BRDA:387,79,1,0
BRDA:388,80,0,2
BRDA:388,80,1,1
BRDA:389,81,0,2
BRDA:389,81,1,0
BRDA:390,82,0,2
BRDA:390,82,1,0
BRDA:391,83,0,2
BRDA:391,83,1,0
BRDA:405,84,0,2
BRDA:405,84,1,0
BRDA:406,85,0,0
BRDA:406,85,1,16
BRDA:407,86,0,2
BRDA:407,86,1,5
BRDA:408,87,0,0
BRDA:408,87,1,2
BRDA:409,88,0,2
BRDA:409,88,1,0
BRDA:409,89,0,2
BRDA:409,89,1,2
BRDA:413,90,0,0
BRDA:413,90,1,2
BRDA:425,91,0,2
BRDA:425,91,1,0
BRDA:426,92,0,7
BRDA:426,92,1,0
BRDA:427,93,0,7
BRDA:427,93,1,0
BRDA:428,94,0,7
BRDA:428,94,1,0
BRF:193
BRH:121
end_of_record
TN:
SF:src\research\resultsExport.js
FN:3,esc
FN:10,download
FN:18,exportResultsCSV
FN:43,exportReliabilityCSV
FN:44,(anonymous_4)
FN:57,exportDescriptiveCSV
FN:75,comparativeStatistic
FN:87,exportComparativeCSV
FN:88,(anonymous_8)
FN:112,exportLongitudinalCSV
FN:113,(anonymous_10)
FN:128,exportCorrelationCSV
FN:142,exportDiagnosticCSV
FNF:13
FNH:0
FNDA:0,esc
FNDA:0,download
FNDA:0,exportResultsCSV
FNDA:0,exportReliabilityCSV
FNDA:0,(anonymous_4)
FNDA:0,exportDescriptiveCSV
FNDA:0,comparativeStatistic
FNDA:0,exportComparativeCSV
FNDA:0,(anonymous_8)
FNDA:0,exportLongitudinalCSV
FNDA:0,(anonymous_10)
FNDA:0,exportCorrelationCSV
FNDA:0,exportDiagnosticCSV
DA:4,0
DA:5,0
DA:6,0
DA:7,0
DA:11,0
DA:12,0
DA:13,0
DA:14,0
DA:15,0
DA:19,0
DA:20,0
DA:21,0
DA:23,0
DA:25,0
DA:27,0
DA:29,0
DA:31,0
DA:33,0
DA:35,0
DA:37,0
DA:39,0
DA:44,0
DA:45,0
DA:46,0
DA:47,0
DA:54,0
DA:58,0
DA:59,0
DA:60,0
DA:61,0
DA:62,0
DA:63,0
DA:64,0
DA:71,0
DA:76,0
DA:77,0
DA:78,0
DA:79,0
DA:80,0
DA:81,0
DA:82,0
DA:83,0
DA:84,0
DA:88,0
DA:89,0
DA:90,0
DA:91,0
DA:92,0
DA:93,0
DA:94,0
DA:97,0
DA:98,0
DA:99,0
DA:100,0
DA:101,0
DA:109,0
DA:113,0
DA:114,0
DA:115,0
DA:116,0
DA:117,0
DA:118,0
DA:120,0
DA:121,0
DA:122,0
DA:125,0
DA:129,0
DA:130,0
DA:131,0
DA:132,0
DA:133,0
DA:134,0
DA:135,0
DA:136,0
DA:139,0
DA:143,0
DA:144,0
DA:146,0
DA:147,0
DA:148,0
DA:149,0
DA:156,0
LF:82
LH:0
BRDA:4,0,0,0
BRDA:4,0,1,0
BRDA:6,1,0,0
BRDA:6,1,1,0
BRDA:6,2,0,0
BRDA:6,2,1,0
BRDA:6,2,2,0
BRDA:21,3,0,0
BRDA:21,3,1,0
BRDA:25,4,0,0
BRDA:25,4,1,0
BRDA:25,4,2,0
BRDA:25,4,3,0
BRDA:25,4,4,0
BRDA:25,4,5,0
BRDA:25,4,6,0
BRDA:44,5,0,0
BRDA:44,5,1,0
BRDA:50,6,0,0
BRDA:50,6,1,0
BRDA:58,7,0,0
BRDA:58,7,1,0
BRDA:63,8,0,0
BRDA:63,8,1,0
BRDA:68,9,0,0
BRDA:68,9,1,0
BRDA:76,10,0,0
BRDA:76,10,1,0
BRDA:77,11,0,0
BRDA:77,11,1,0
BRDA:77,12,0,0
BRDA:77,12,1,0
BRDA:78,13,0,0
BRDA:78,13,1,0
BRDA:79,14,0,0
BRDA:79,14,1,0
BRDA:79,15,0,0
BRDA:79,15,1,0
BRDA:80,16,0,0
BRDA:80,16,1,0
BRDA:81,17,0,0
BRDA:81,17,1,0
BRDA:82,18,0,0
BRDA:82,18,1,0
BRDA:83,19,0,0
BRDA:83,19,1,0
BRDA:88,20,0,0
BRDA:88,20,1,0
BRDA:92,21,0,0
BRDA:92,21,1,0
BRDA:94,22,0,0
BRDA:94,22,1,0
BRDA:95,23,0,0
BRDA:95,23,1,0
BRDA:96,24,0,0
BRDA:96,24,1,0
BRDA:98,25,0,0
BRDA:98,25,1,0
BRDA:98,26,0,0
BRDA:98,26,1,0
BRDA:98,26,2,0
BRDA:98,26,3,0
BRDA:98,26,4,0
BRDA:98,26,5,0
BRDA:98,26,6,0
BRDA:98,26,7,0
BRDA:98,26,8,0
BRDA:98,26,9,0
BRDA:103,27,0,0
BRDA:103,27,1,0
BRDA:104,28,0,0
BRDA:104,28,1,0
BRDA:104,29,0,0
BRDA:104,29,1,0
BRDA:105,30,0,0
BRDA:105,30,1,0
BRDA:105,31,0,0
BRDA:105,31,1,0
BRDA:106,32,0,0
BRDA:106,32,1,0
BRDA:106,33,0,0
BRDA:106,33,1,0
BRDA:106,34,0,0
BRDA:106,34,1,0
BRDA:113,35,0,0
BRDA:113,35,1,0
BRDA:116,36,0,0
BRDA:116,36,1,0
BRDA:118,37,0,0
BRDA:118,37,1,0
BRDA:120,38,0,0
BRDA:120,38,1,0
BRDA:122,39,0,0
BRDA:122,39,1,0
BRDA:130,40,0,0
BRDA:130,40,1,0
BRDA:130,41,0,0
BRDA:130,41,1,0
BRDA:135,42,0,0
BRDA:135,42,1,0
BRDA:136,43,0,0
BRDA:136,43,1,0
BRDA:143,44,0,0
BRDA:143,44,1,0
BRF:104
BRH:0
end_of_record
TN:
SF:src\research\studyModel.js
FN:12,uid
FN:16,mkStudy
FN:17,(anonymous_2)
FNF:3
FNH:0
FNDA:0,uid
FNDA:0,mkStudy
FNDA:0,(anonymous_2)
DA:1,0
DA:3,0
DA:13,0
DA:17,0
DA:18,0
DA:35,0
DA:36,0
DA:37,0
DA:38,0
DA:39,0
DA:40,0
DA:47,0
DA:48,0
DA:49,0
DA:52,0
DA:53,0
DA:54,0
DA:55,0
DA:56,0
DA:62,0
DA:63,0
DA:67,0
DA:71,0
DA:72,0
DA:73,0
DA:76,0
LF:26
LH:0
BRDA:16,0,0,0
BRDA:19,1,0,0
BRDA:19,1,1,0
BRDA:21,2,0,0
BRDA:21,2,1,0
BRDA:21,3,0,0
BRDA:21,3,1,0
BRDA:22,4,0,0
BRDA:22,4,1,0
BRDA:24,5,0,0
BRDA:24,5,1,0
BRDA:25,6,0,0
BRDA:25,6,1,0
BRDA:26,7,0,0
BRDA:26,7,1,0
BRDA:27,8,0,0
BRDA:27,8,1,0
BRDA:35,9,0,0
BRDA:35,9,1,0
BRDA:36,10,0,0
BRDA:36,10,1,0
BRDA:37,11,0,0
BRDA:37,11,1,0
BRDA:38,12,0,0
BRDA:38,12,1,0
BRDA:39,13,0,0
BRDA:39,13,1,0
BRDA:41,14,0,0
BRDA:41,14,1,0
BRDA:42,15,0,0
BRDA:42,15,1,0
BRDA:43,16,0,0
BRDA:43,16,1,0
BRDA:47,17,0,0
BRDA:47,17,1,0
BRDA:48,18,0,0
BRDA:48,18,1,0
BRDA:49,19,0,0
BRDA:49,19,1,0
BRDA:52,20,0,0
BRDA:52,20,1,0
BRDA:53,21,0,0
BRDA:53,21,1,0
BRDA:54,22,0,0
BRDA:54,22,1,0
BRDA:55,23,0,0
BRDA:55,23,1,0
BRDA:56,24,0,0
BRDA:56,24,1,0
BRDA:62,25,0,0
BRDA:62,25,1,0
BRDA:63,26,0,0
BRDA:63,26,1,0
BRDA:67,27,0,0
BRDA:67,27,1,0
BRDA:71,28,0,0
BRDA:71,28,1,0
BRDA:72,29,0,0
BRDA:72,29,1,0
BRDA:73,30,0,0
BRDA:73,30,1,0
BRF:61
BRH:0
end_of_record
TN:
SF:src\research\validation.js
FN:16,checkReliabilityTimeSeparation
FN:18,(anonymous_1)
FN:18,(anonymous_2)
FN:29,(anonymous_3)
FN:46,checkLongitudinalTimeSeparation
FN:48,(anonymous_5)
FN:48,(anonymous_6)
FN:49,(anonymous_7)
FN:50,(anonymous_8)
FN:50,(anonymous_9)
FNF:10
FNH:10
FNDA:7,checkReliabilityTimeSeparation
FNDA:7,(anonymous_1)
FNDA:7,(anonymous_2)
FNDA:4,(anonymous_3)
FNDA:5,checkLongitudinalTimeSeparation
FNDA:5,(anonymous_5)
FNDA:5,(anonymous_6)
FNDA:9,(anonymous_7)
FNDA:2,(anonymous_8)
FNDA:3,(anonymous_9)
DA:12,4
DA:17,7
DA:18,7
DA:19,7
DA:20,7
DA:21,4
DA:22,4
DA:23,8
DA:24,8
DA:25,7
DA:26,7
DA:27,7
DA:29,4
DA:30,4
DA:31,4
DA:32,4
DA:33,2
DA:41,4
DA:47,5
DA:48,5
DA:49,9
DA:50,5
DA:51,5
DA:52,5
DA:53,3
DA:54,3
DA:55,9
DA:56,9
DA:57,9
DA:59,3
DA:60,2
DA:61,2
DA:62,1
DA:70,3
LF:34
LH:34
BRDA:17,0,0,3
BRDA:17,0,1,4
BRDA:17,1,0,7
BRDA:17,1,1,4
BRDA:17,1,2,4
BRDA:17,2,0,3
BRDA:17,2,1,3
BRDA:18,3,0,4
BRDA:18,3,1,0
BRDA:22,4,0,4
BRDA:22,4,1,0
BRDA:24,5,0,1
BRDA:24,5,1,7
BRDA:24,6,0,8
BRDA:24,6,1,7
BRDA:26,7,0,0
BRDA:26,7,1,7
BRDA:27,8,0,7
BRDA:27,8,1,0
BRDA:27,9,0,7
BRDA:27,9,1,0
BRDA:32,10,0,2
BRDA:32,10,1,2
BRDA:34,11,0,2
BRDA:34,11,1,0
BRDA:47,12,0,2
BRDA:47,12,1,3
BRDA:47,13,0,5
BRDA:47,13,1,3
BRDA:47,13,2,3
BRDA:47,13,3,3
BRDA:47,14,0,2
BRDA:47,14,1,2
BRDA:48,15,0,3
BRDA:48,15,1,0
BRDA:50,16,0,2
BRDA:50,16,1,0
BRDA:56,17,0,5
BRDA:56,17,1,4
BRDA:57,18,0,5
BRDA:57,18,1,4
BRDA:57,19,0,9
BRDA:57,19,1,5
BRDA:61,20,0,1
BRDA:61,20,1,1
BRDA:63,21,0,1
BRDA:63,21,1,0
BRF:47
BRH:38
end_of_record
TN:
SF:src\state\workspaceStore.js
FN:68,uiReducer
FN:113,useWorkspaceStore
FN:116,(anonymous_2)
FN:120,(anonymous_3)
FN:124,(anonymous_4)
FN:128,(anonymous_5)
FN:132,(anonymous_6)
FN:136,(anonymous_7)
FN:140,(anonymous_8)
FN:144,(anonymous_9)
FN:148,(anonymous_10)
FN:152,(anonymous_11)
FN:157,(anonymous_12)
FN:161,(anonymous_13)
FN:165,(anonymous_14)
FN:169,(anonymous_15)
FN:173,(anonymous_16)
FN:177,(anonymous_17)
FN:181,(anonymous_18)
FN:185,(anonymous_19)
FN:189,(anonymous_20)
FN:193,(anonymous_21)
FNF:22
FNH:0
FNDA:0,uiReducer
FNDA:0,useWorkspaceStore
FNDA:0,(anonymous_2)
FNDA:0,(anonymous_3)
FNDA:0,(anonymous_4)
FNDA:0,(anonymous_5)
FNDA:0,(anonymous_6)
FNDA:0,(anonymous_7)
FNDA:0,(anonymous_8)
FNDA:0,(anonymous_9)
FNDA:0,(anonymous_10)
FNDA:0,(anonymous_11)
FNDA:0,(anonymous_12)
FNDA:0,(anonymous_13)
FNDA:0,(anonymous_14)
FNDA:0,(anonymous_15)
FNDA:0,(anonymous_16)
FNDA:0,(anonymous_17)
FNDA:0,(anonymous_18)
FNDA:0,(anonymous_19)
FNDA:0,(anonymous_20)
FNDA:0,(anonymous_21)
DA:4,0
DA:54,0
DA:69,0
DA:71,0
DA:73,0
DA:75,0
DA:77,0
DA:79,0
DA:81,0
DA:83,0
DA:85,0
DA:92,0
DA:94,0
DA:95,0
DA:96,0
DA:98,0
DA:101,0
DA:102,0
DA:103,0
DA:105,0
DA:108,0
DA:114,0
DA:116,0
DA:117,0
DA:120,0
DA:121,0
DA:124,0
DA:125,0
DA:128,0
DA:129,0
DA:132,0
DA:133,0
DA:136,0
DA:137,0
DA:140,0
DA:141,0
DA:144,0
DA:145,0
DA:148,0
DA:149,0
DA:152,0
DA:153,0
DA:157,0
DA:158,0
DA:161,0
DA:162,0
DA:165,0
DA:166,0
DA:169,0
DA:170,0
DA:173,0
DA:174,0
DA:177,0
DA:178,0
DA:181,0
DA:182,0
DA:185,0
DA:186,0
DA:189,0
DA:190,0
DA:193,0
DA:194,0
DA:198,0
LF:63
LH:0
BRDA:69,0,0,0
BRDA:69,0,1,0
BRDA:69,0,2,0
BRDA:69,0,3,0
BRDA:69,0,4,0
BRDA:69,0,5,0
BRDA:69,0,6,0
BRDA:69,0,7,0
BRDA:69,0,8,0
BRDA:69,0,9,0
BRDA:69,0,10,0
BRDA:69,0,11,0
BRDA:87,1,0,0
BRDA:87,1,1,0
BRDA:88,2,0,0
BRDA:88,2,1,0
BRDA:89,3,0,0
BRDA:89,3,1,0
BRDA:96,4,0,0
BRDA:96,4,1,0
BRDA:103,5,0,0
BRDA:103,5,1,0
BRDA:117,6,0,0
BRDA:117,6,1,0
BRDA:121,7,0,0
BRDA:121,7,1,0
BRDA:129,8,0,0
BRDA:129,8,1,0
BRDA:149,9,0,0
BRDA:149,9,1,0
BRDA:158,10,0,0
BRDA:158,10,1,0
BRDA:162,11,0,0
BRDA:162,11,1,0
BRDA:166,12,0,0
BRDA:166,12,1,0
BRDA:170,13,0,0
BRDA:170,13,1,0
BRDA:174,14,0,0
BRDA:174,14,1,0
BRDA:178,15,0,0
BRDA:178,15,1,0
BRDA:182,16,0,0
BRDA:182,16,1,0
BRDA:186,17,0,0
BRDA:186,17,1,0
BRDA:190,18,0,0
BRDA:190,18,1,0
BRDA:194,19,0,0
BRDA:194,19,1,0
BRF:50
BRH:0
end_of_record
TN:
SF:src\storage\cephxFormat.js
FN:43,normalizeImageEntry
FN:54,(anonymous_1)
FN:77,normalizeSessionImages
FN:91,sanitizeSession
FN:110,(anonymous_4)
FN:118,versionIndex
FN:129,importCephxPayload
FN:187,(anonymous_7)
FN:210,(anonymous_8)
FN:221,validateCepht
FNF:10
FNH:10
FNDA:10,normalizeImageEntry
FNDA:35,(anonymous_1)
FNDA:18,normalizeSessionImages
FNDA:13,sanitizeSession
FNDA:3,(anonymous_4)
FNDA:25,versionIndex
FNDA:18,importCephxPayload
FNDA:13,(anonymous_7)
FNDA:12,(anonymous_8)
FNDA:11,validateCepht
DA:27,1
DA:30,1
DA:33,1
DA:35,1
DA:38,1
DA:44,10
DA:46,9
DA:47,3
DA:53,6
DA:54,35
DA:55,5
DA:78,18
DA:79,16
DA:80,18
DA:81,4
DA:82,4
DA:84,16
DA:86,16
DA:87,16
DA:92,13
DA:93,12
DA:94,12
DA:95,13
DA:96,13
DA:97,13
DA:100,13
DA:101,13
DA:102,12
DA:109,1
DA:113,3
DA:114,3
DA:119,25
DA:130,18
DA:131,18
DA:132,2
DA:134,16
DA:137,3
DA:138,1
DA:141,2
DA:142,1
DA:144,1
DA:147,14
DA:148,14
DA:149,1
DA:153,13
DA:154,18
DA:155,18
DA:158,1
DA:162,12
DA:163,12
DA:164,3
DA:165,3
DA:166,3
DA:171,13
DA:172,13
DA:173,13
DA:174,13
DA:177,18
DA:178,18
DA:179,1
DA:180,1
DA:183,13
DA:184,1
DA:186,12
DA:187,13
DA:190,12
DA:191,0
DA:195,12
DA:196,1
DA:197,1
DA:198,1
DA:199,1
DA:203,12
DA:204,60
DA:207,12
DA:210,12
DA:211,1
DA:214,12
DA:222,11
DA:223,9
DA:224,8
DA:225,7
DA:227,7
DA:228,11
DA:229,1
DA:232,6
DA:233,5
DA:234,5
DA:235,4
DA:239,5
DA:240,4
DA:241,3
DA:242,3
DA:243,1
DA:247,4
LF:95
LH:94
BRDA:44,0,0,1
BRDA:44,0,1,9
BRDA:46,1,0,3
BRDA:46,1,1,6
BRDA:53,2,0,1
BRDA:53,2,1,5
BRDA:54,3,0,1
BRDA:54,3,1,34
BRDA:54,4,0,35
BRDA:54,4,1,2
BRDA:56,5,0,5
BRDA:56,5,1,2
BRDA:57,6,0,1
BRDA:57,6,1,4
BRDA:58,7,0,3
BRDA:58,7,1,2
BRDA:58,8,0,2
BRDA:58,8,1,2
BRDA:62,9,0,0
BRDA:62,9,1,5
BRDA:64,10,0,0
BRDA:64,10,1,5
BRDA:78,11,0,2
BRDA:78,11,1,16
BRDA:78,12,0,18
BRDA:78,12,1,16
BRDA:79,13,0,11
BRDA:79,13,1,5
BRDA:80,14,0,4
BRDA:80,14,1,14
BRDA:80,15,0,18
BRDA:80,15,1,14
BRDA:82,16,0,4
BRDA:82,16,1,0
BRDA:86,17,0,5
BRDA:86,17,1,11
BRDA:92,18,0,1
BRDA:92,18,1,12
BRDA:92,19,0,13
BRDA:92,19,1,12
BRDA:94,20,0,9
BRDA:94,20,1,3
BRDA:95,21,0,0
BRDA:95,21,1,12
BRDA:96,22,0,0
BRDA:96,22,1,12
BRDA:97,23,0,9
BRDA:97,23,1,3
BRDA:97,24,0,13
BRDA:97,24,1,9
BRDA:100,25,0,0
BRDA:100,25,1,12
BRDA:100,26,0,13
BRDA:100,26,1,0
BRDA:101,27,0,0
BRDA:101,27,1,13
BRDA:131,28,0,2
BRDA:131,28,1,16
BRDA:131,29,0,18
BRDA:131,29,1,17
BRDA:134,30,0,3
BRDA:134,30,1,13
BRDA:137,31,0,1
BRDA:137,31,1,2
BRDA:137,32,0,3
BRDA:137,32,1,1
BRDA:141,33,0,1
BRDA:141,33,1,1
BRDA:141,34,0,2
BRDA:141,34,1,1
BRDA:148,35,0,1
BRDA:148,35,1,13
BRDA:148,36,0,14
BRDA:148,36,1,13
BRDA:153,37,0,13
BRDA:153,37,1,2
BRDA:155,38,0,1
BRDA:155,38,1,12
BRDA:166,39,0,3
BRDA:166,39,1,0
BRDA:166,40,0,3
BRDA:166,40,1,0
BRDA:172,41,0,1
BRDA:172,41,1,12
BRDA:173,42,0,1
BRDA:173,42,1,12
BRDA:174,43,0,0
BRDA:174,43,1,13
BRDA:174,44,0,13
BRDA:174,44,1,0
BRDA:177,45,0,1
BRDA:177,45,1,12
BRDA:178,46,0,1
BRDA:178,46,1,17
BRDA:183,47,0,1
BRDA:183,47,1,12
BRDA:190,48,0,0
BRDA:190,48,1,12
BRDA:195,49,0,1
BRDA:195,49,1,11
BRDA:195,50,0,12
BRDA:195,50,1,1
BRDA:197,51,0,1
BRDA:197,51,1,0
BRDA:204,52,0,0
BRDA:204,52,1,60
BRDA:207,53,0,1
BRDA:207,53,1,11
BRDA:210,54,0,1
BRDA:210,54,1,11
BRDA:222,55,0,2
BRDA:222,55,1,9
BRDA:222,56,0,11
BRDA:222,56,1,10
BRDA:223,57,0,1
BRDA:223,57,1,8
BRDA:224,58,0,1
BRDA:224,58,1,7
BRDA:224,59,0,8
BRDA:224,59,1,8
BRDA:225,60,0,0
BRDA:225,60,1,7
BRDA:225,61,0,7
BRDA:225,61,1,0
BRDA:227,62,0,7
BRDA:227,62,1,0
BRDA:228,63,0,1
BRDA:228,63,1,10
BRDA:234,64,0,1
BRDA:234,64,1,4
BRDA:234,65,0,5
BRDA:234,65,1,5
BRDA:235,66,0,0
BRDA:235,66,1,4
BRDA:235,67,0,4
BRDA:235,67,1,0
BRDA:239,68,0,4
BRDA:239,68,1,1
BRDA:242,69,0,1
BRDA:242,69,1,2
BRDA:242,70,0,3
BRDA:242,70,1,1
BRF:142
BRH:122
end_of_record
TN:
SF:src\storage\imageStore.js
FN:38,idbAvailable
FN:53,(anonymous_1)
FN:60,runMigrations
FN:67,getDB
FN:69,(anonymous_4)
FN:76,(anonymous_5)
FN:77,(anonymous_6)
FN:80,(anonymous_7)
FN:81,(anonymous_8)
FN:83,(anonymous_9)
FN:89,(anonymous_10)
FN:93,dataUrlToBlob
FN:107,blobToDataUrl
FN:108,(anonymous_13)
FN:110,(anonymous_14)
FN:111,(anonymous_15)
FN:119,classifyError
FN:131,storeImageBlob
FN:137,(anonymous_18)
FN:140,(anonymous_19)
FN:141,(anonymous_20)
FN:142,(anonymous_21)
FN:153,getImageDataUrl
FN:157,(anonymous_23)
FN:160,(anonymous_24)
FN:161,(anonymous_25)
FN:171,deleteImageBlob
FN:175,(anonymous_27)
FN:178,(anonymous_28)
FN:179,(anonymous_29)
FN:180,(anonymous_30)
FN:190,getAllImageKeys
FN:194,(anonymous_32)
FN:200,(anonymous_33)
FN:201,(anonymous_34)
FN:205,(anonymous_35)
FN:206,(anonymous_36)
FN:223,deleteOrphanBlobs
FN:228,(anonymous_38)
FN:231,(anonymous_39)
FN:234,(anonymous_40)
FN:238,clearImageBlobs
FN:242,(anonymous_42)
FN:245,(anonymous_43)
FN:246,(anonymous_44)
FN:247,(anonymous_45)
FNF:46
FNH:30
FNDA:37,idbAvailable
FNDA:6,(anonymous_1)
FNDA:6,runMigrations
FNDA:23,getDB
FNDA:6,(anonymous_4)
FNDA:0,(anonymous_5)
FNDA:0,(anonymous_6)
FNDA:6,(anonymous_7)
FNDA:6,(anonymous_8)
FNDA:0,(anonymous_9)
FNDA:0,(anonymous_10)
FNDA:11,dataUrlToBlob
FNDA:3,blobToDataUrl
FNDA:3,(anonymous_13)
FNDA:3,(anonymous_14)
FNDA:0,(anonymous_15)
FNDA:0,classifyError
FNDA:12,storeImageBlob
FNDA:10,(anonymous_18)
FNDA:10,(anonymous_19)
FNDA:0,(anonymous_20)
FNDA:0,(anonymous_21)
FNDA:7,getImageDataUrl
FNDA:6,(anonymous_23)
FNDA:6,(anonymous_24)
FNDA:0,(anonymous_25)
FNDA:5,deleteImageBlob
FNDA:3,(anonymous_27)
FNDA:3,(anonymous_28)
FNDA:0,(anonymous_29)
FNDA:0,(anonymous_30)
FNDA:4,getAllImageKeys
FNDA:3,(anonymous_32)
FNDA:3,(anonymous_33)
FNDA:0,(anonymous_34)
FNDA:0,(anonymous_35)
FNDA:0,(anonymous_36)
FNDA:5,deleteOrphanBlobs
FNDA:8,(anonymous_38)
FNDA:2,(anonymous_39)
FNDA:4,(anonymous_40)
FNDA:1,clearImageBlobs
FNDA:1,(anonymous_42)
FNDA:1,(anonymous_43)
FNDA:0,(anonymous_44)
FNDA:0,(anonymous_45)
DA:26,14
DA:27,14
DA:28,14
DA:32,14
DA:33,14
DA:39,37
DA:40,13
DA:41,13
DA:43,0
DA:45,13
DA:52,14
DA:54,6
DA:55,6
DA:61,6
DA:62,6
DA:63,6
DA:68,23
DA:69,6
DA:70,6
DA:71,0
DA:72,0
DA:73,0
DA:75,6
DA:76,6
DA:77,6
DA:80,6
DA:81,6
DA:82,6
DA:83,6
DA:84,6
DA:89,6
DA:90,6
DA:94,11
DA:95,11
DA:96,11
DA:97,11
DA:98,10
DA:99,10
DA:100,10
DA:101,11
DA:102,30
DA:103,10
DA:104,0
DA:108,3
DA:109,3
DA:110,3
DA:111,3
DA:112,3
DA:120,0
DA:121,0
DA:122,0
DA:123,0
DA:124,0
DA:132,12
DA:133,11
DA:134,11
DA:135,10
DA:136,10
DA:137,10
DA:138,10
DA:139,10
DA:140,10
DA:141,10
DA:142,10
DA:144,10
DA:146,0
DA:147,0
DA:148,0
DA:149,0
DA:154,7
DA:155,6
DA:156,6
DA:157,6
DA:158,6
DA:159,6
DA:160,6
DA:161,6
DA:163,6
DA:164,3
DA:166,0
DA:167,0
DA:172,5
DA:173,3
DA:174,3
DA:175,3
DA:176,3
DA:177,3
DA:178,3
DA:179,3
DA:180,3
DA:183,0
DA:191,4
DA:192,3
DA:193,3
DA:194,3
DA:195,3
DA:196,3
DA:198,3
DA:199,3
DA:200,3
DA:201,3
DA:203,0
DA:204,0
DA:205,0
DA:206,0
DA:210,0
DA:211,0
DA:224,5
DA:226,5
DA:227,3
DA:228,8
DA:230,2
DA:231,2
DA:233,5
DA:234,4
DA:235,3
DA:239,1
DA:240,1
DA:241,1
DA:242,1
DA:243,1
DA:244,1
DA:245,1
DA:246,1
DA:247,1
DA:250,0
LF:126
LH:102
BRDA:39,0,0,24
BRDA:39,0,1,13
BRDA:41,1,0,13
BRDA:41,1,1,8
BRDA:54,2,0,6
BRDA:54,2,1,0
BRDA:63,3,0,6
BRDA:63,3,1,0
BRDA:68,4,0,17
BRDA:68,4,1,6
BRDA:70,5,0,0
BRDA:70,5,1,6
BRDA:94,6,0,0
BRDA:94,6,1,11
BRDA:94,7,0,11
BRDA:94,7,1,11
BRDA:96,8,0,11
BRDA:96,8,1,11
BRDA:97,9,0,1
BRDA:97,9,1,10
BRDA:100,10,0,10
BRDA:100,10,1,0
BRDA:120,11,0,0
BRDA:120,11,1,0
BRDA:121,12,0,0
BRDA:121,12,1,0
BRDA:122,13,0,0
BRDA:122,13,1,0
BRDA:122,14,0,0
BRDA:122,14,1,0
BRDA:123,15,0,0
BRDA:123,15,1,0
BRDA:123,16,0,0
BRDA:123,16,1,0
BRDA:132,17,0,1
BRDA:132,17,1,11
BRDA:134,18,0,1
BRDA:134,18,1,10
BRDA:142,19,0,0
BRDA:142,19,1,0
BRDA:147,20,0,0
BRDA:147,20,1,0
BRDA:148,21,0,0
BRDA:148,21,1,0
BRDA:154,22,0,1
BRDA:154,22,1,6
BRDA:163,23,0,3
BRDA:163,23,1,3
BRDA:172,24,0,2
BRDA:172,24,1,3
BRDA:180,25,0,0
BRDA:180,25,1,0
BRDA:191,26,0,1
BRDA:191,26,1,3
BRDA:198,27,0,3
BRDA:198,27,1,0
BRDA:200,28,0,3
BRDA:200,28,1,0
BRDA:205,29,0,0
BRDA:205,29,1,0
BRDA:224,30,0,5
BRDA:224,30,1,0
BRDA:224,31,0,0
BRDA:224,31,1,0
BRDA:226,32,0,3
BRDA:226,32,1,2
BRDA:226,33,0,5
BRDA:226,33,1,3
BRDA:226,34,0,3
BRDA:226,34,1,0
BRDA:227,35,0,3
BRDA:227,35,1,0
BRDA:233,36,0,2
BRDA:233,36,1,3
BRDA:239,37,0,0
BRDA:239,37,1,1
BRDA:247,38,0,0
BRDA:247,38,1,0
BRF:78
BRH:41
end_of_record
TN:
SF:src\storage\secureStorage.js
FN:30,secureStorageAvailable
FN:36,openKeyDB
FN:37,(anonymous_2)
FN:39,(anonymous_3)
FN:42,(anonymous_4)
FN:43,(anonymous_5)
FN:47,getKey
FN:49,(anonymous_7)
FN:51,(anonymous_8)
FN:54,(anonymous_9)
FN:55,(anonymous_10)
FN:59,(anonymous_11)
FN:62,(anonymous_12)
FN:63,(anonymous_13)
FN:67,(anonymous_14)
FN:72,b64
FN:78,fromB64
FN:86,encryptJSON
FN:104,decryptJSON
FN:120,clearSecureStorage
FN:123,(anonymous_20)
FN:125,(anonymous_21)
FN:126,(anonymous_22)
FN:127,(anonymous_23)
FNF:24
FNH:5
FNDA:3,secureStorageAvailable
FNDA:0,openKeyDB
FNDA:0,(anonymous_2)
FNDA:0,(anonymous_3)
FNDA:0,(anonymous_4)
FNDA:0,(anonymous_5)
FNDA:0,getKey
FNDA:0,(anonymous_7)
FNDA:0,(anonymous_8)
FNDA:0,(anonymous_9)
FNDA:0,(anonymous_10)
FNDA:0,(anonymous_11)
FNDA:0,(anonymous_12)
FNDA:0,(anonymous_13)
FNDA:0,(anonymous_14)
FNDA:0,b64
FNDA:0,fromB64
FNDA:2,encryptJSON
FNDA:5,decryptJSON
FNDA:2,clearSecureStorage
FNDA:2,(anonymous_20)
FNDA:0,(anonymous_21)
FNDA:0,(anonymous_22)
FNDA:0,(anonymous_23)
DA:24,1
DA:25,1
DA:26,1
DA:28,1
DA:31,3
DA:32,3
DA:33,0
DA:37,0
DA:38,0
DA:39,0
DA:40,0
DA:42,0
DA:43,0
DA:48,0
DA:49,0
DA:50,0
DA:51,0
DA:52,0
DA:53,0
DA:54,0
DA:55,0
DA:57,0
DA:58,0
DA:59,0
DA:60,0
DA:61,0
DA:62,0
DA:63,0
DA:65,0
DA:67,0
DA:68,0
DA:69,0
DA:73,0
DA:74,0
DA:75,0
DA:76,0
DA:79,0
DA:80,0
DA:81,0
DA:82,0
DA:87,2
DA:88,2
DA:90,0
DA:91,0
DA:92,0
DA:93,0
DA:94,0
DA:95,0
DA:98,0
DA:105,5
DA:106,3
DA:107,2
DA:109,1
DA:110,0
DA:111,0
DA:112,0
DA:113,0
DA:114,0
DA:115,0
DA:121,2
DA:122,2
DA:123,2
DA:124,2
DA:125,2
DA:126,2
DA:127,2
DA:130,2
LF:67
LH:20
BRDA:32,0,0,3
BRDA:32,0,1,3
BRDA:32,0,2,3
BRDA:40,1,0,0
BRDA:40,1,1,0
BRDA:48,2,0,0
BRDA:48,2,1,0
BRDA:57,3,0,0
BRDA:57,3,1,0
BRDA:87,4,0,2
BRDA:87,4,1,0
BRDA:105,5,0,2
BRDA:105,5,1,3
BRDA:105,6,0,5
BRDA:105,6,1,4
BRDA:106,7,0,2
BRDA:106,7,1,1
BRDA:106,8,0,3
BRDA:106,8,1,2
BRDA:109,9,0,1
BRDA:109,9,1,0
BRDA:110,10,0,0
BRDA:110,10,1,0
BRDA:121,11,0,2
BRDA:121,11,1,0
BRF:25
BRH:14
end_of_record
